libs loaded
device: cuda
starting...
data found
features split
features split
data loaded
about to enter training loop
Iteration: 500. Loss: 0.6734199523925781. Accuracy: 64.20516157015831. AUC-ROC: 0.1918. AUC-PR: 0.2356
Iteration: 1000. Loss: 0.6612682342529297. Accuracy: 64.20516157015831. AUC-ROC: 0.3578. AUC-PR: 0.2753
Iteration: 1500. Loss: 0.6646506786346436. Accuracy: 64.20516157015831. AUC-ROC: 0.5146. AUC-PR: 0.3286
Iteration: 2000. Loss: 0.6588224172592163. Accuracy: 64.20516157015831. AUC-ROC: 0.6732. AUC-PR: 0.4156
Iteration: 2500. Loss: 0.6066250205039978. Accuracy: 64.20516157015831. AUC-ROC: 0.8569. AUC-PR: 0.6197
Iteration: 3000. Loss: 0.5982654094696045. Accuracy: 64.20516157015831. AUC-ROC: 0.9258. AUC-PR: 0.7672
Iteration: 3500. Loss: 0.5628877878189087. Accuracy: 64.20516157015831. AUC-ROC: 0.9542. AUC-PR: 0.8471
Iteration: 4000. Loss: 0.5497048497200012. Accuracy: 64.20516157015831. AUC-ROC: 0.9655. AUC-PR: 0.8779
Iteration: 4500. Loss: 0.5417584776878357. Accuracy: 64.20516157015831. AUC-ROC: 0.9762. AUC-PR: 0.9123
Iteration: 5000. Loss: 0.5260979533195496. Accuracy: 64.20516157015831. AUC-ROC: 0.9862. AUC-PR: 0.9467
Iteration: 5500. Loss: 0.5183737277984619. Accuracy: 64.20516157015831. AUC-ROC: 0.9870. AUC-PR: 0.9603
Iteration: 6000. Loss: 0.4904146194458008. Accuracy: 64.20516157015831. AUC-ROC: 0.9900. AUC-PR: 0.9718
Iteration: 6500. Loss: 0.49491849541664124. Accuracy: 64.20516157015831. AUC-ROC: 0.9922. AUC-PR: 0.9801
Iteration: 7000. Loss: 0.468319833278656. Accuracy: 64.20516157015831. AUC-ROC: 0.9933. AUC-PR: 0.9861
Iteration: 7500. Loss: 0.4834957718849182. Accuracy: 64.20516157015831. AUC-ROC: 0.9952. AUC-PR: 0.9902
Iteration: 8000. Loss: 0.45833882689476013. Accuracy: 64.20516157015831. AUC-ROC: 0.9958. AUC-PR: 0.9914
Iteration: 8500. Loss: 0.4433053731918335. Accuracy: 64.20516157015831. AUC-ROC: 0.9962. AUC-PR: 0.9930
Iteration: 9000. Loss: 0.42240118980407715. Accuracy: 64.20516157015831. AUC-ROC: 0.9967. AUC-PR: 0.9937
Iteration: 9500. Loss: 0.41266393661499023. Accuracy: 64.20516157015831. AUC-ROC: 0.9973. AUC-PR: 0.9952
Iteration: 10000. Loss: 0.4173864722251892. Accuracy: 96.77944046844502. AUC-ROC: 0.9975. AUC-PR: 0.9957
Iteration: 10500. Loss: 0.4029746651649475. Accuracy: 95.15289525048796. AUC-ROC: 0.9979. AUC-PR: 0.9963
Iteration: 11000. Loss: 0.40101730823516846. Accuracy: 95.18542615484711. AUC-ROC: 0.9972. AUC-PR: 0.9951
Iteration: 11500. Loss: 0.3938780725002289. Accuracy: 93.43960095423986. AUC-ROC: 0.9972. AUC-PR: 0.9954
Iteration: 12000. Loss: 0.40240395069122314. Accuracy: 93.71069182389937. AUC-ROC: 0.9974. AUC-PR: 0.9956
Iteration: 12500. Loss: 0.3596532344818115. Accuracy: 93.29863370201691. AUC-ROC: 0.9977. AUC-PR: 0.9960
Iteration: 13000. Loss: 0.35636475682258606. Accuracy: 93.00585556278465. AUC-ROC: 0.9972. AUC-PR: 0.9954
Iteration: 13500. Loss: 0.31572604179382324. Accuracy: 92.95163738885275. AUC-ROC: 0.9984. AUC-PR: 0.9973
Iteration: 14000. Loss: 0.34659433364868164. Accuracy: 93.16851008458035. AUC-ROC: 0.9987. AUC-PR: 0.9978
Iteration: 14500. Loss: 0.3464623689651489. Accuracy: 93.07091737150293. AUC-ROC: 0.9988. AUC-PR: 0.9980
Iteration: 15000. Loss: 0.32672011852264404. Accuracy: 92.8106701366298. AUC-ROC: 0.9989. AUC-PR: 0.9982
Iteration: 15500. Loss: 0.32015296816825867. Accuracy: 93.10344827586206. AUC-ROC: 0.9986. AUC-PR: 0.9978
Iteration: 16000. Loss: 0.31621742248535156. Accuracy: 93.01669919757103. AUC-ROC: 0.9989. AUC-PR: 0.9982
Iteration: 16500. Loss: 0.3052615523338318. Accuracy: 93.07091737150293. AUC-ROC: 0.9988. AUC-PR: 0.9981
Iteration: 17000. Loss: 0.3003867566585541. Accuracy: 92.82151377141618. AUC-ROC: 0.9991. AUC-PR: 0.9985
Iteration: 17500. Loss: 0.3135240077972412. Accuracy: 92.97332465842551. AUC-ROC: 0.9989. AUC-PR: 0.9982
Iteration: 18000. Loss: 0.26044797897338867. Accuracy: 93.04923010193016. AUC-ROC: 0.9989. AUC-PR: 0.9983
Iteration: 18500. Loss: 0.27461978793144226. Accuracy: 92.78898286705704. AUC-ROC: 0.9988. AUC-PR: 0.9981
Iteration: 19000. Loss: 0.4878634810447693. Accuracy: 64.20516157015831. AUC-ROC: 0.8647. AUC-PR: 0.7145
Iteration: 19500. Loss: 0.46348294615745544. Accuracy: 64.20516157015831. AUC-ROC: 0.8582. AUC-PR: 0.7041
Iteration: 20000. Loss: 0.46827733516693115. Accuracy: 64.20516157015831. AUC-ROC: 0.8686. AUC-PR: 0.7205
Iteration: 20500. Loss: 0.47759246826171875. Accuracy: 64.20516157015831. AUC-ROC: 0.8652. AUC-PR: 0.7182
Iteration: 21000. Loss: 0.44751954078674316. Accuracy: 64.20516157015831. AUC-ROC: 0.8787. AUC-PR: 0.7377
Iteration: 21500. Loss: 0.4805329442024231. Accuracy: 64.20516157015831. AUC-ROC: 0.8608. AUC-PR: 0.7145
Iteration: 22000. Loss: 0.41503286361694336. Accuracy: 64.20516157015831. AUC-ROC: 0.8747. AUC-PR: 0.7355
Iteration: 22500. Loss: 0.32733315229415894. Accuracy: 64.20516157015831. AUC-ROC: 0.8643. AUC-PR: 0.7224
Iteration: 23000. Loss: 0.4210450053215027. Accuracy: 64.20516157015831. AUC-ROC: 0.8654. AUC-PR: 0.7243
Iteration: 23500. Loss: 0.4274223744869232. Accuracy: 64.20516157015831. AUC-ROC: 0.8700. AUC-PR: 0.7319
Iteration: 24000. Loss: 0.39081382751464844. Accuracy: 86.46714378659726. AUC-ROC: 0.8813. AUC-PR: 0.7478
Iteration: 24500. Loss: 0.39743727445602417. Accuracy: 86.36955107351984. AUC-ROC: 0.8865. AUC-PR: 0.7532
Iteration: 25000. Loss: 0.4336475729942322. Accuracy: 86.38039470830623. AUC-ROC: 0.8874. AUC-PR: 0.7551
Iteration: 25500. Loss: 0.39964795112609863. Accuracy: 86.29364563001518. AUC-ROC: 0.8738. AUC-PR: 0.7384
Iteration: 26000. Loss: 0.37774229049682617. Accuracy: 86.31533289958794. AUC-ROC: 0.8760. AUC-PR: 0.7412
Iteration: 26500. Loss: 0.3604257106781006. Accuracy: 86.41292561266536. AUC-ROC: 0.8914. AUC-PR: 0.7633
Iteration: 27000. Loss: 0.3470850884914398. Accuracy: 86.32617653437433. AUC-ROC: 0.8772. AUC-PR: 0.7436
Iteration: 27500. Loss: 0.3540777564048767. Accuracy: 86.41292561266536. AUC-ROC: 0.8844. AUC-PR: 0.7547
Iteration: 28000. Loss: 0.3810395300388336. Accuracy: 86.35870743873346. AUC-ROC: 0.8810. AUC-PR: 0.7498
Iteration: 28500. Loss: 0.3911885917186737. Accuracy: 86.42376924745174. AUC-ROC: 0.8860. AUC-PR: 0.7563
Iteration: 29000. Loss: 0.343676894903183. Accuracy: 86.27195836044243. AUC-ROC: 0.8755. AUC-PR: 0.7416
Iteration: 29500. Loss: 0.34035441279411316. Accuracy: 86.41292561266536. AUC-ROC: 0.8832. AUC-PR: 0.7532
Iteration: 30000. Loss: 0.339216947555542. Accuracy: 86.42376924745174. AUC-ROC: 0.8852. AUC-PR: 0.7560
Iteration: 30500. Loss: 0.33530813455581665. Accuracy: 86.2828019952288. AUC-ROC: 0.8765. AUC-PR: 0.7434
Iteration: 31000. Loss: 0.33284270763397217. Accuracy: 86.36955107351984. AUC-ROC: 0.8824. AUC-PR: 0.7532
Iteration: 31500. Loss: 0.32473403215408325. Accuracy: 86.34786380394708. AUC-ROC: 0.8820. AUC-PR: 0.7531
Iteration: 32000. Loss: 0.3093492388725281. Accuracy: 86.47798742138365. AUC-ROC: 0.8881. AUC-PR: 0.7612
Iteration: 32500. Loss: 0.3360469937324524. Accuracy: 86.49967469095641. AUC-ROC: 0.8888. AUC-PR: 0.7625
Iteration: 33000. Loss: 0.34722447395324707. Accuracy: 86.53220559531555. AUC-ROC: 0.9025. AUC-PR: 0.7231
Iteration: 33500. Loss: 0.31142204999923706. Accuracy: 86.33702016916071. AUC-ROC: 0.8795. AUC-PR: 0.6289
Iteration: 34000. Loss: 0.32572969794273376. Accuracy: 86.60811103882021. AUC-ROC: 0.8815. AUC-PR: 0.6326
Iteration: 34500. Loss: 0.3920663595199585. Accuracy: 86.34786380394708. AUC-ROC: 0.8801. AUC-PR: 0.6309
Iteration: 35000. Loss: 0.2833663821220398. Accuracy: 86.47798742138365. AUC-ROC: 0.8818. AUC-PR: 0.6336
Iteration: 35500. Loss: 0.29605942964553833. Accuracy: 86.41292561266536. AUC-ROC: 0.8818. AUC-PR: 0.6340
Iteration: 36000. Loss: 0.2936897277832031. Accuracy: 86.5647364996747. AUC-ROC: 0.8836. AUC-PR: 0.6370
Iteration: 36500. Loss: 0.31170767545700073. Accuracy: 86.58642376924745. AUC-ROC: 0.8845. AUC-PR: 0.6390
Iteration: 37000. Loss: 0.3252742886543274. Accuracy: 86.55389286488831. AUC-ROC: 0.8849. AUC-PR: 0.6402
Iteration: 37500. Loss: 0.3254348635673523. Accuracy: 86.65148557796573. AUC-ROC: 0.8874. AUC-PR: 0.6443
Iteration: 38000. Loss: 0.37968695163726807. Accuracy: 86.5647364996747. AUC-ROC: 0.8878. AUC-PR: 0.6456
Iteration: 38500. Loss: 0.3006908893585205. Accuracy: 86.68401648232488. AUC-ROC: 0.8900. AUC-PR: 0.6491
Iteration: 39000. Loss: 0.3062514662742615. Accuracy: 86.86835827369335. AUC-ROC: 0.8919. AUC-PR: 0.6524
Iteration: 39500. Loss: 0.29225215315818787. Accuracy: 86.85751463890696. AUC-ROC: 0.8936. AUC-PR: 0.6551
Iteration: 40000. Loss: 0.2543145418167114. Accuracy: 86.81414009976145. AUC-ROC: 0.8952. AUC-PR: 0.6574
Iteration: 40500. Loss: 0.27010154724121094. Accuracy: 86.81414009976145. AUC-ROC: 0.8966. AUC-PR: 0.6598
Iteration: 41000. Loss: 0.29002875089645386. Accuracy: 86.69486011711126. AUC-ROC: 0.8976. AUC-PR: 0.6621
Iteration: 41500. Loss: 0.258220374584198. Accuracy: 87.73584905660377. AUC-ROC: 0.9064. AUC-PR: 0.6795
Iteration: 42000. Loss: 0.32836130261421204. Accuracy: 86.91173281283886. AUC-ROC: 0.9059. AUC-PR: 0.6790
Iteration: 42500. Loss: 0.23771613836288452. Accuracy: 88.22381262199089. AUC-ROC: 0.9179. AUC-PR: 0.7043
Iteration: 43000. Loss: 0.24453967809677124. Accuracy: 87.51897636087617. AUC-ROC: 0.9161. AUC-PR: 0.7009
Iteration: 43500. Loss: 0.25901487469673157. Accuracy: 88.51659076122316. AUC-ROC: 0.9242. AUC-PR: 0.7225
Iteration: 44000. Loss: 0.251827210187912. Accuracy: 88.92864888310562. AUC-ROC: 0.9327. AUC-PR: 0.7481
Iteration: 44500. Loss: 0.3442142903804779. Accuracy: 89.40576881370636. AUC-ROC: 0.9465. AUC-PR: 0.7884
Iteration: 45000. Loss: 0.20466765761375427. Accuracy: 89.39492517891998. AUC-ROC: 0.9479. AUC-PR: 0.8020
Iteration: 45500. Loss: 0.2695656418800354. Accuracy: 88.86358707438734. AUC-ROC: 0.9438. AUC-PR: 0.7944
Iteration: 46000. Loss: 0.2466757893562317. Accuracy: 90.89134677944047. AUC-ROC: 0.9732. AUC-PR: 0.9086
Iteration: 46500. Loss: 0.22628267109394073. Accuracy: 94.70830622424637. AUC-ROC: 0.9926. AUC-PR: 0.9784
Iteration: 47000. Loss: 0.7616904973983765. Accuracy: 64.20516157015831. AUC-ROC: 0.9332. AUC-PR: 0.8737
Iteration: 47500. Loss: 0.7776568531990051. Accuracy: 64.20516157015831. AUC-ROC: 0.9346. AUC-PR: 0.8758
Iteration: 48000. Loss: 0.7047370076179504. Accuracy: 64.20516157015831. AUC-ROC: 0.9405. AUC-PR: 0.8907
Iteration: 48500. Loss: 0.5984067916870117. Accuracy: 64.20516157015831. AUC-ROC: 0.9444. AUC-PR: 0.8978
Iteration: 49000. Loss: 0.6172568798065186. Accuracy: 64.20516157015831. AUC-ROC: 0.9442. AUC-PR: 0.8928
Iteration: 49500. Loss: 0.8622910380363464. Accuracy: 64.20516157015831. AUC-ROC: 0.9525. AUC-PR: 0.9140
Iteration: 50000. Loss: 0.6475849151611328. Accuracy: 64.20516157015831. AUC-ROC: 0.9516. AUC-PR: 0.9091
Iteration: 50500. Loss: 0.6029529571533203. Accuracy: 64.20516157015831. AUC-ROC: 0.9503. AUC-PR: 0.9016
Iteration: 51000. Loss: 0.5992016792297363. Accuracy: 64.20516157015831. AUC-ROC: 0.9564. AUC-PR: 0.9162
Iteration: 51500. Loss: 0.5600827932357788. Accuracy: 64.20516157015831. AUC-ROC: 0.9535. AUC-PR: 0.9012
Iteration: 52000. Loss: 0.5650548934936523. Accuracy: 64.20516157015831. AUC-ROC: 0.9641. AUC-PR: 0.9310
Iteration: 52500. Loss: 0.5442864894866943. Accuracy: 64.20516157015831. AUC-ROC: 0.9590. AUC-PR: 0.9078
Iteration: 53000. Loss: 0.5622124075889587. Accuracy: 64.20516157015831. AUC-ROC: 0.9669. AUC-PR: 0.9293
Iteration: 53500. Loss: 0.5416731834411621. Accuracy: 64.20516157015831. AUC-ROC: 0.9704. AUC-PR: 0.9350
Iteration: 54000. Loss: 0.4586573839187622. Accuracy: 64.20516157015831. AUC-ROC: 0.9689. AUC-PR: 0.9206
Iteration: 54500. Loss: 0.5373166799545288. Accuracy: 64.20516157015831. AUC-ROC: 0.9747. AUC-PR: 0.9394
Iteration: 55000. Loss: 0.5324510335922241. Accuracy: 64.20516157015831. AUC-ROC: 0.9771. AUC-PR: 0.9455
Iteration: 55500. Loss: 0.5302051305770874. Accuracy: 64.20516157015831. AUC-ROC: 0.9724. AUC-PR: 0.9198
Iteration: 56000. Loss: 0.516197919845581. Accuracy: 64.20516157015831. AUC-ROC: 0.9792. AUC-PR: 0.9499
Iteration: 56500. Loss: 0.5160576701164246. Accuracy: 64.20516157015831. AUC-ROC: 0.9759. AUC-PR: 0.9341
Iteration: 57000. Loss: 0.4977033734321594. Accuracy: 64.20516157015831. AUC-ROC: 0.9775. AUC-PR: 0.9411
Iteration: 57500. Loss: 0.5023616552352905. Accuracy: 64.20516157015831. AUC-ROC: 0.9782. AUC-PR: 0.9435
Iteration: 58000. Loss: 0.4851240813732147. Accuracy: 64.20516157015831. AUC-ROC: 0.9815. AUC-PR: 0.9561
Iteration: 58500. Loss: 0.4751424789428711. Accuracy: 64.20516157015831. AUC-ROC: 0.9801. AUC-PR: 0.9513
Iteration: 59000. Loss: 0.4774014949798584. Accuracy: 64.20516157015831. AUC-ROC: 0.9818. AUC-PR: 0.9570
Iteration: 59500. Loss: 0.4817492663860321. Accuracy: 64.20516157015831. AUC-ROC: 0.9801. AUC-PR: 0.9511
Iteration: 60000. Loss: 0.47395002841949463. Accuracy: 64.20516157015831. AUC-ROC: 0.9811. AUC-PR: 0.9550
Iteration: 60500. Loss: 0.46698617935180664. Accuracy: 64.20516157015831. AUC-ROC: 0.9813. AUC-PR: 0.9549
Iteration: 61000. Loss: 0.4706451892852783. Accuracy: 64.20516157015831. AUC-ROC: 0.9811. AUC-PR: 0.9549
Iteration: 61500. Loss: 0.4694684147834778. Accuracy: 64.20516157015831. AUC-ROC: 0.9828. AUC-PR: 0.9609
Iteration: 62000. Loss: 0.45829764008522034. Accuracy: 64.20516157015831. AUC-ROC: 0.9858. AUC-PR: 0.9700
Iteration: 62500. Loss: 0.4531961977481842. Accuracy: 64.20516157015831. AUC-ROC: 0.9878. AUC-PR: 0.9752
Iteration: 63000. Loss: 0.4188705086708069. Accuracy: 64.20516157015831. AUC-ROC: 0.9808. AUC-PR: 0.9527
Iteration: 63500. Loss: 0.4602639675140381. Accuracy: 64.20516157015831. AUC-ROC: 0.9813. AUC-PR: 0.9544
Iteration: 64000. Loss: 0.4509519636631012. Accuracy: 64.20516157015831. AUC-ROC: 0.9897. AUC-PR: 0.9794
Iteration: 64500. Loss: 0.44054216146469116. Accuracy: 64.20516157015831. AUC-ROC: 0.9826. AUC-PR: 0.9595
Iteration: 65000. Loss: 0.44140100479125977. Accuracy: 95.8577315116027. AUC-ROC: 0.9894. AUC-PR: 0.9788
Iteration: 65500. Loss: 0.4328013062477112. Accuracy: 95.74929516373888. AUC-ROC: 0.9876. AUC-PR: 0.9746
Iteration: 66000. Loss: 0.4352365732192993. Accuracy: 92.60464107568858. AUC-ROC: 0.9881. AUC-PR: 0.9759
Iteration: 66500. Loss: 0.4467361569404602. Accuracy: 95.40229885057471. AUC-ROC: 0.9841. AUC-PR: 0.9648
Iteration: 67000. Loss: 0.4343646764755249. Accuracy: 93.15766644979396. AUC-ROC: 0.9869. AUC-PR: 0.9727
Iteration: 67500. Loss: 0.4539409875869751. Accuracy: 92.52873563218391. AUC-ROC: 0.9899. AUC-PR: 0.9800
Iteration: 68000. Loss: 0.4199286103248596. Accuracy: 93.24441552808501. AUC-ROC: 0.9878. AUC-PR: 0.9747
Iteration: 68500. Loss: 0.432079941034317. Accuracy: 94.0251572327044. AUC-ROC: 0.9861. AUC-PR: 0.9702
Iteration: 69000. Loss: 0.4053276777267456. Accuracy: 92.65885924962048. AUC-ROC: 0.9877. AUC-PR: 0.9748
Iteration: 69500. Loss: 0.4170312285423279. Accuracy: 94.33962264150944. AUC-ROC: 0.9851. AUC-PR: 0.9671
Iteration: 70000. Loss: 0.4188286066055298. Accuracy: 92.33355020602906. AUC-ROC: 0.9902. AUC-PR: 0.9807
Iteration: 70500. Loss: 0.4144033193588257. Accuracy: 91.32509217089569. AUC-ROC: 0.9913. AUC-PR: 0.9832
Iteration: 71000. Loss: 0.40600287914276123. Accuracy: 92.30101930166992. AUC-ROC: 0.9903. AUC-PR: 0.9808
Iteration: 71500. Loss: 0.4087398052215576. Accuracy: 92.35523747560183. AUC-ROC: 0.9904. AUC-PR: 0.9813
Iteration: 72000. Loss: 0.4291866421699524. Accuracy: 91.29256126653654. AUC-ROC: 0.9889. AUC-PR: 0.9779

--- Model Training Complete ---

Model weights saved to  trained_model/lstm_model_weights_hidden16.json
