libs loaded
device: cuda
starting...
data found
features split
features split
data loaded
about to enter training loop
Iteration: 500. Loss: 0.4981801509857178. Accuracy: 64.20516157015831. AUC-ROC: 0.9999. AUC-PR: 0.9997
Iteration: 1000. Loss: 0.41986191272735596. Accuracy: 96.53003686835828. AUC-ROC: 0.9999. AUC-PR: 0.9998
Iteration: 1500. Loss: 0.34780827164649963. Accuracy: 99.02407286922576. AUC-ROC: 1.0000. AUC-PR: 1.0000
Iteration: 2000. Loss: 0.31162768602371216. Accuracy: 98.26501843417914. AUC-ROC: 1.0000. AUC-PR: 0.9999
Iteration: 2500. Loss: 0.2937714457511902. Accuracy: 97.21318585990024. AUC-ROC: 1.0000. AUC-PR: 0.9999
Iteration: 3000. Loss: 0.2504790127277374. Accuracy: 97.75536759921926. AUC-ROC: 0.9999. AUC-PR: 0.9999
Iteration: 3500. Loss: 0.21479767560958862. Accuracy: 94.83842984168294. AUC-ROC: 1.0000. AUC-PR: 1.0000
Iteration: 4000. Loss: 0.18374785780906677. Accuracy: 95.44567338972024. AUC-ROC: 1.0000. AUC-PR: 0.9999
Iteration: 4500. Loss: 0.2536267042160034. Accuracy: 99.21925829538061. AUC-ROC: 0.9999. AUC-PR: 0.9998
Iteration: 5000. Loss: 0.20700815320014954. Accuracy: 98.14573845152896. AUC-ROC: 1.0000. AUC-PR: 1.0000
Iteration: 5500. Loss: 0.20108208060264587. Accuracy: 96.09629147690306. AUC-ROC: 1.0000. AUC-PR: 1.0000
Iteration: 6000. Loss: 0.17107176780700684. Accuracy: 95.53242246801128. AUC-ROC: 1.0000. AUC-PR: 1.0000
Iteration: 6500. Loss: 0.13807925581932068. Accuracy: 95.46736065929299. AUC-ROC: 1.0000. AUC-PR: 1.0000
Iteration: 7000. Loss: 0.12964127957820892. Accuracy: 95.61917154630233. AUC-ROC: 1.0000. AUC-PR: 1.0000
Iteration: 7500. Loss: 0.1307656317949295. Accuracy: 96.17219692040771. AUC-ROC: 1.0000. AUC-PR: 1.0000
Iteration: 8000. Loss: 0.10621067881584167. Accuracy: 94.03600086749078. AUC-ROC: 1.0000. AUC-PR: 1.0000
Iteration: 8500. Loss: 0.10904509574174881. Accuracy: 94.72999349381912. AUC-ROC: 1.0000. AUC-PR: 1.0000
Iteration: 9000. Loss: 0.08737769722938538. Accuracy: 93.61309911082195. AUC-ROC: 1.0000. AUC-PR: 1.0000
Iteration: 9500. Loss: 0.09954546391963959. Accuracy: 93.64563001518108. AUC-ROC: 1.0000. AUC-PR: 1.0000
Iteration: 10000. Loss: 0.08372032642364502. Accuracy: 94.01431359791802. AUC-ROC: 1.0000. AUC-PR: 1.0000
Iteration: 10500. Loss: 0.118649922311306. Accuracy: 93.55888093689005. AUC-ROC: 1.0000. AUC-PR: 1.0000
Iteration: 11000. Loss: 0.07038423418998718. Accuracy: 94.54565170245066. AUC-ROC: 1.0000. AUC-PR: 1.0000
Iteration: 11500. Loss: 0.11049918830394745. Accuracy: 95.31554977228367. AUC-ROC: 1.0000. AUC-PR: 1.0000
Iteration: 12000. Loss: 0.09003517776727676. Accuracy: 94.65408805031447. AUC-ROC: 1.0000. AUC-PR: 1.0000
Iteration: 12500. Loss: 0.12238103151321411. Accuracy: 95.74929516373888. AUC-ROC: 1.0000. AUC-PR: 1.0000
Iteration: 13000. Loss: 0.07725025713443756. Accuracy: 94.75168076339189. AUC-ROC: 1.0000. AUC-PR: 1.0000
Iteration: 13500. Loss: 0.06339683383703232. Accuracy: 95.18542615484711. AUC-ROC: 1.0000. AUC-PR: 1.0000
Iteration: 14000. Loss: 0.06593628972768784. Accuracy: 95.70592062459336. AUC-ROC: 1.0000. AUC-PR: 1.0000
Iteration: 14500. Loss: 0.0584307499229908. Accuracy: 95.10952071134244. AUC-ROC: 1.0000. AUC-PR: 1.0000
Iteration: 15000. Loss: 0.07478252798318863. Accuracy: 94.40468445022772. AUC-ROC: 1.0000. AUC-PR: 1.0000
Iteration: 15500. Loss: 0.08096227794885635. Accuracy: 94.54565170245066. AUC-ROC: 1.0000. AUC-PR: 1.0000
Iteration: 16000. Loss: 0.05866134166717529. Accuracy: 94.44805898937324. AUC-ROC: 1.0000. AUC-PR: 1.0000
Iteration: 16500. Loss: 0.04085210710763931. Accuracy: 94.5239644328779. AUC-ROC: 1.0000. AUC-PR: 1.0000
Iteration: 17000. Loss: 0.07857903093099594. Accuracy: 93.93840815441337. AUC-ROC: 1.0000. AUC-PR: 1.0000
Iteration: 17500. Loss: 0.06290581077337265. Accuracy: 94.42637171980047. AUC-ROC: 1.0000. AUC-PR: 1.0000
Iteration: 18000. Loss: 0.03365367278456688. Accuracy: 94.25287356321839. AUC-ROC: 1.0000. AUC-PR: 1.0000
Iteration: 18500. Loss: 0.04178246110677719. Accuracy: 94.42637171980047. AUC-ROC: 1.0000. AUC-PR: 1.0000
Iteration: 19000. Loss: 0.06333027780056. Accuracy: 94.4155280850141. AUC-ROC: 1.0000. AUC-PR: 1.0000
Iteration: 19500. Loss: 0.0305841825902462. Accuracy: 94.43721535458685. AUC-ROC: 1.0000. AUC-PR: 1.0000
Iteration: 20000. Loss: 0.06288531422615051. Accuracy: 95.70592062459336. AUC-ROC: 1.0000. AUC-PR: 1.0000
Iteration: 20500. Loss: 0.04141499474644661. Accuracy: 94.42637171980047. AUC-ROC: 1.0000. AUC-PR: 1.0000
Iteration: 21000. Loss: 0.04302211105823517. Accuracy: 94.469746258946. AUC-ROC: 1.0000. AUC-PR: 1.0000
Iteration: 21500. Loss: 0.09978439658880234. Accuracy: 94.44805898937324. AUC-ROC: 1.0000. AUC-PR: 1.0000
Iteration: 22000. Loss: 0.02908654883503914. Accuracy: 94.42637171980047. AUC-ROC: 1.0000. AUC-PR: 1.0000
Iteration: 22500. Loss: 0.17673254013061523. Accuracy: 97.08306224246367. AUC-ROC: 1.0000. AUC-PR: 1.0000
Iteration: 23000. Loss: 0.03862283378839493. Accuracy: 94.35046627629582. AUC-ROC: 1.0000. AUC-PR: 1.0000
Iteration: 23500. Loss: 0.03399696201086044. Accuracy: 95.66254608544784. AUC-ROC: 1.0000. AUC-PR: 1.0000
Iteration: 24000. Loss: 0.03935764729976654. Accuracy: 94.64324441552809. AUC-ROC: 1.0000. AUC-PR: 1.0000
Iteration: 24500. Loss: 0.02517390251159668. Accuracy: 94.45890262415962. AUC-ROC: 1.0000. AUC-PR: 1.0000
Iteration: 25000. Loss: 0.028962651267647743. Accuracy: 94.12274994578182. AUC-ROC: 1.0000. AUC-PR: 0.9999
Iteration: 25500. Loss: 0.05927872657775879. Accuracy: 94.8492734764693. AUC-ROC: 1.0000. AUC-PR: 1.0000
Iteration: 26000. Loss: 0.0357840470969677. Accuracy: 94.97939709390587. AUC-ROC: 1.0000. AUC-PR: 1.0000
Iteration: 26500. Loss: 0.02557886391878128. Accuracy: 95.43482975493386. AUC-ROC: 1.0000. AUC-PR: 1.0000
Iteration: 27000. Loss: 0.05594022944569588. Accuracy: 95.9661678594665. AUC-ROC: 1.0000. AUC-PR: 1.0000
Iteration: 27500. Loss: 0.042161665856838226. Accuracy: 95.71676425937974. AUC-ROC: 1.0000. AUC-PR: 1.0000
Iteration: 28000. Loss: 0.08438053727149963. Accuracy: 95.84688787681631. AUC-ROC: 1.0000. AUC-PR: 1.0000
Iteration: 28500. Loss: 0.0822901576757431. Accuracy: 95.87941878117545. AUC-ROC: 1.0000. AUC-PR: 1.0000
Iteration: 29000. Loss: 0.09187023341655731. Accuracy: 95.5215788332249. AUC-ROC: 1.0000. AUC-PR: 1.0000
Iteration: 29500. Loss: 0.056204523891210556. Accuracy: 95.74929516373888. AUC-ROC: 1.0000. AUC-PR: 1.0000
Iteration: 30000. Loss: 0.04033215343952179. Accuracy: 95.49989156365214. AUC-ROC: 1.0000. AUC-PR: 1.0000
Iteration: 30500. Loss: 0.07575623691082001. Accuracy: 95.32639340707004. AUC-ROC: 1.0000. AUC-PR: 1.0000
Iteration: 31000. Loss: 0.030295399948954582. Accuracy: 95.44567338972024. AUC-ROC: 1.0000. AUC-PR: 1.0000
Iteration: 31500. Loss: 0.03482438623905182. Accuracy: 95.40229885057471. AUC-ROC: 1.0000. AUC-PR: 1.0000
Iteration: 32000. Loss: 0.08104785531759262. Accuracy: 95.29386250271091. AUC-ROC: 1.0000. AUC-PR: 1.0000
Iteration: 32500. Loss: 0.040417641401290894. Accuracy: 95.43482975493386. AUC-ROC: 1.0000. AUC-PR: 1.0000
Iteration: 33000. Loss: 0.025237593799829483. Accuracy: 95.42398612014748. AUC-ROC: 1.0000. AUC-PR: 1.0000
Iteration: 33500. Loss: 0.07919901609420776. Accuracy: 95.45651702450661. AUC-ROC: 1.0000. AUC-PR: 1.0000
Iteration: 34000. Loss: 0.023322321474552155. Accuracy: 95.29386250271091. AUC-ROC: 1.0000. AUC-PR: 1.0000
Iteration: 34500. Loss: 0.02941042184829712. Accuracy: 95.32639340707004. AUC-ROC: 1.0000. AUC-PR: 1.0000
Iteration: 35000. Loss: 0.06682510673999786. Accuracy: 95.83604424202993. AUC-ROC: 1.0000. AUC-PR: 1.0000
Iteration: 35500. Loss: 0.0554412342607975. Accuracy: 95.84688787681631. AUC-ROC: 1.0000. AUC-PR: 1.0000
Iteration: 36000. Loss: 0.005354881286621094. Accuracy: 95.87941878117545. AUC-ROC: 1.0000. AUC-PR: 1.0000
Iteration: 36500. Loss: 0.04591351002454758. Accuracy: 95.73845152895251. AUC-ROC: 1.0000. AUC-PR: 1.0000
Iteration: 37000. Loss: 0.038405708968639374. Accuracy: 95.41314248536109. AUC-ROC: 1.0000. AUC-PR: 1.0000
Iteration: 37500. Loss: 0.03647083416581154. Accuracy: 95.38061158100196. AUC-ROC: 1.0000. AUC-PR: 1.0000
Iteration: 38000. Loss: 0.03025618940591812. Accuracy: 95.71676425937974. AUC-ROC: 1.0000. AUC-PR: 1.0000
Iteration: 38500. Loss: 0.040007926523685455. Accuracy: 95.40229885057471. AUC-ROC: 1.0000. AUC-PR: 1.0000
Iteration: 39000. Loss: 0.04118528217077255. Accuracy: 95.36976794621557. AUC-ROC: 1.0000. AUC-PR: 1.0000
Iteration: 39500. Loss: 0.03462570160627365. Accuracy: 95.43482975493386. AUC-ROC: 1.0000. AUC-PR: 1.0000
Iteration: 40000. Loss: 0.036817047744989395. Accuracy: 95.47820429407938. AUC-ROC: 1.0000. AUC-PR: 1.0000
Iteration: 40500. Loss: 0.27834823727607727. Accuracy: 85.53459119496856. AUC-ROC: 0.9996. AUC-PR: 0.9994
Iteration: 41000. Loss: 0.03557756543159485. Accuracy: 95.34808067664281. AUC-ROC: 1.0000. AUC-PR: 1.0000
Iteration: 41500. Loss: 0.02003404311835766. Accuracy: 95.46736065929299. AUC-ROC: 1.0000. AUC-PR: 1.0000
Iteration: 42000. Loss: 0.0495266318321228. Accuracy: 95.60832791151594. AUC-ROC: 1.0000. AUC-PR: 1.0000
Iteration: 42500. Loss: 0.03584400936961174. Accuracy: 95.31554977228367. AUC-ROC: 1.0000. AUC-PR: 1.0000
Iteration: 43000. Loss: 0.11125108599662781. Accuracy: 95.33723704185643. AUC-ROC: 1.0000. AUC-PR: 1.0000
Iteration: 43500. Loss: 0.025857804343104362. Accuracy: 95.42398612014748. AUC-ROC: 1.0000. AUC-PR: 1.0000
Iteration: 44000. Loss: 0.027793608605861664. Accuracy: 95.61917154630233. AUC-ROC: 1.0000. AUC-PR: 1.0000
Iteration: 44500. Loss: 0.030479643493890762. Accuracy: 95.65170245066146. AUC-ROC: 1.0000. AUC-PR: 1.0000
Iteration: 45000. Loss: 0.006617546081542969. Accuracy: 95.47820429407938. AUC-ROC: 1.0000. AUC-PR: 1.0000
Iteration: 45500. Loss: 0.03229308873414993. Accuracy: 95.34808067664281. AUC-ROC: 1.0000. AUC-PR: 1.0000
Iteration: 46000. Loss: 0.029191236943006516. Accuracy: 95.33723704185643. AUC-ROC: 1.0000. AUC-PR: 1.0000
Iteration: 46500. Loss: 0.04253692179918289. Accuracy: 95.79266970288441. AUC-ROC: 1.0000. AUC-PR: 1.0000
Iteration: 47000. Loss: 0.025264739990234375. Accuracy: 96.04207330297116. AUC-ROC: 1.0000. AUC-PR: 0.9999
Iteration: 47500. Loss: 0.03940656781196594. Accuracy: 95.38061158100196. AUC-ROC: 1.0000. AUC-PR: 1.0000
Iteration: 48000. Loss: 0.019658135250210762. Accuracy: 95.45651702450661. AUC-ROC: 1.0000. AUC-PR: 1.0000
Iteration: 48500. Loss: 0.03824295848608017. Accuracy: 95.45651702450661. AUC-ROC: 1.0000. AUC-PR: 1.0000
Iteration: 49000. Loss: 0.025936344638466835. Accuracy: 95.48904792886576. AUC-ROC: 1.0000. AUC-PR: 1.0000
Iteration: 49500. Loss: 0.17508432269096375. Accuracy: 93.03838646714378. AUC-ROC: 1.0000. AUC-PR: 1.0000
Iteration: 50000. Loss: 0.017503926530480385. Accuracy: 95.45651702450661. AUC-ROC: 1.0000. AUC-PR: 1.0000
Iteration: 50500. Loss: 0.014867863617837429. Accuracy: 95.51073519843851. AUC-ROC: 1.0000. AUC-PR: 1.0000
Iteration: 51000. Loss: 0.017224455252289772. Accuracy: 95.47820429407938. AUC-ROC: 1.0000. AUC-PR: 1.0000
Iteration: 51500. Loss: 0.029763149097561836. Accuracy: 95.5215788332249. AUC-ROC: 1.0000. AUC-PR: 1.0000
Iteration: 52000. Loss: 0.07642427086830139. Accuracy: 95.76013879852526. AUC-ROC: 1.0000. AUC-PR: 0.9999
Iteration: 52500. Loss: 0.04445730894804001. Accuracy: 95.64085881587508. AUC-ROC: 1.0000. AUC-PR: 1.0000
Iteration: 53000. Loss: 0.014600202441215515. Accuracy: 95.45651702450661. AUC-ROC: 1.0000. AUC-PR: 1.0000
Iteration: 53500. Loss: 0.022992964833974838. Accuracy: 95.51073519843851. AUC-ROC: 1.0000. AUC-PR: 1.0000
Iteration: 54000. Loss: 0.06326031684875488. Accuracy: 95.68423335502061. AUC-ROC: 1.0000. AUC-PR: 1.0000
Iteration: 54500. Loss: 0.07918980717658997. Accuracy: 97.234873129473. AUC-ROC: 1.0000. AUC-PR: 1.0000
Iteration: 55000. Loss: 0.04606296867132187. Accuracy: 95.8577315116027. AUC-ROC: 1.0000. AUC-PR: 1.0000
Iteration: 55500. Loss: 0.049709804356098175. Accuracy: 95.97701149425288. AUC-ROC: 1.0000. AUC-PR: 1.0000
Iteration: 56000. Loss: 0.029564563184976578. Accuracy: 95.87941878117545. AUC-ROC: 1.0000. AUC-PR: 1.0000
Iteration: 56500. Loss: 0.018190961331129074. Accuracy: 95.67338972023423. AUC-ROC: 1.0000. AUC-PR: 1.0000
Iteration: 57000. Loss: 0.021424835547804832. Accuracy: 95.53242246801128. AUC-ROC: 1.0000. AUC-PR: 1.0000
Iteration: 57500. Loss: 0.020718814805150032. Accuracy: 95.61917154630233. AUC-ROC: 1.0000. AUC-PR: 1.0000
Iteration: 58000. Loss: 0.029316585510969162. Accuracy: 95.8577315116027. AUC-ROC: 1.0000. AUC-PR: 1.0000
Iteration: 58500. Loss: 0.02573232538998127. Accuracy: 95.53242246801128. AUC-ROC: 1.0000. AUC-PR: 1.0000
Iteration: 59000. Loss: 0.06288279592990875. Accuracy: 95.95532422468011. AUC-ROC: 1.0000. AUC-PR: 1.0000
Iteration: 59500. Loss: 0.028072528541088104. Accuracy: 95.9661678594665. AUC-ROC: 1.0000. AUC-PR: 1.0000
Iteration: 60000. Loss: 0.041336484253406525. Accuracy: 96.26978963348515. AUC-ROC: 0.9999. AUC-PR: 0.9999
Iteration: 60500. Loss: 0.036532916128635406. Accuracy: 96.16135328562135. AUC-ROC: 1.0000. AUC-PR: 1.0000
Iteration: 61000. Loss: 0.08645056188106537. Accuracy: 95.67338972023423. AUC-ROC: 1.0000. AUC-PR: 1.0000
Iteration: 61500. Loss: 0.05443804711103439. Accuracy: 95.55410973758404. AUC-ROC: 1.0000. AUC-PR: 1.0000
Iteration: 62000. Loss: 0.044268351048231125. Accuracy: 95.5757970071568. AUC-ROC: 1.0000. AUC-PR: 1.0000
Iteration: 62500. Loss: 0.09289468079805374. Accuracy: 96.25894599869876. AUC-ROC: 1.0000. AUC-PR: 1.0000
Iteration: 63000. Loss: 0.03643137216567993. Accuracy: 95.92279332032098. AUC-ROC: 0.9999. AUC-PR: 0.9999
Iteration: 63500. Loss: 0.0894618034362793. Accuracy: 94.1878117545001. AUC-ROC: 1.0000. AUC-PR: 1.0000
Iteration: 64000. Loss: 0.062205683439970016. Accuracy: 94.1878117545001. AUC-ROC: 1.0000. AUC-PR: 1.0000
Iteration: 64500. Loss: 0.08865593373775482. Accuracy: 94.00346996313164. AUC-ROC: 1.0000. AUC-PR: 1.0000
Iteration: 65000. Loss: 0.04903228580951691. Accuracy: 94.22034265885925. AUC-ROC: 1.0000. AUC-PR: 1.0000
Iteration: 65500. Loss: 0.10840731859207153. Accuracy: 94.14443721535459. AUC-ROC: 1.0000. AUC-PR: 1.0000
Iteration: 66000. Loss: 0.06169603765010834. Accuracy: 93.9167208848406. AUC-ROC: 1.0000. AUC-PR: 1.0000
Iteration: 66500. Loss: 0.07215511798858643. Accuracy: 93.85165907612232. AUC-ROC: 1.0000. AUC-PR: 1.0000
Iteration: 67000. Loss: 0.05345143377780914. Accuracy: 94.03600086749078. AUC-ROC: 1.0000. AUC-PR: 1.0000
Iteration: 67500. Loss: 0.050484780222177505. Accuracy: 93.74322272825852. AUC-ROC: 1.0000. AUC-PR: 1.0000
Iteration: 68000. Loss: 0.05658901855349541. Accuracy: 94.00346996313164. AUC-ROC: 1.0000. AUC-PR: 0.9999
Iteration: 68500. Loss: 0.049176573753356934. Accuracy: 93.85165907612232. AUC-ROC: 1.0000. AUC-PR: 1.0000
Iteration: 69000. Loss: 0.061465390026569366. Accuracy: 93.93840815441337. AUC-ROC: 1.0000. AUC-PR: 1.0000
Iteration: 69500. Loss: 0.06579305231571198. Accuracy: 94.03600086749078. AUC-ROC: 1.0000. AUC-PR: 0.9999
Iteration: 70000. Loss: 0.10171239078044891. Accuracy: 93.82997180654955. AUC-ROC: 1.0000. AUC-PR: 1.0000
Iteration: 70500. Loss: 0.040635835379362106. Accuracy: 93.82997180654955. AUC-ROC: 1.0000. AUC-PR: 1.0000
Iteration: 71000. Loss: 0.03923147916793823. Accuracy: 93.82997180654955. AUC-ROC: 1.0000. AUC-PR: 1.0000
Iteration: 71500. Loss: 0.0433330275118351. Accuracy: 93.92756451962698. AUC-ROC: 1.0000. AUC-PR: 1.0000
Iteration: 72000. Loss: 0.031961917877197266. Accuracy: 93.84081544133593. AUC-ROC: 1.0000. AUC-PR: 1.0000

--- Model Training Complete ---

Model weights saved to  trained_model/lstm_model_weights.json
