libs loaded
device: cuda
starting...
data found
features split
features split
data loaded
about to enter training loop
Iteration: 500. Loss: 0.6336991786956787. Accuracy: 64.55516790231138. AUC-ROC: 0.9892. AUC-PR: 0.9311
Iteration: 1000. Loss: 0.5933969616889954. Accuracy: 64.55516790231138. AUC-ROC: 0.9957. AUC-PR: 0.9822
Iteration: 1500. Loss: 0.5803952217102051. Accuracy: 64.55516790231138. AUC-ROC: 0.9988. AUC-PR: 0.9977
Iteration: 2000. Loss: 0.5730546712875366. Accuracy: 64.55516790231138. AUC-ROC: 0.9988. AUC-PR: 0.9978
Iteration: 2500. Loss: 0.5348696112632751. Accuracy: 64.55516790231138. AUC-ROC: 0.9993. AUC-PR: 0.9988
Iteration: 3000. Loss: 0.5232473611831665. Accuracy: 64.55516790231138. AUC-ROC: 0.9997. AUC-PR: 0.9995
Iteration: 3500. Loss: 0.5108625888824463. Accuracy: 64.55516790231138. AUC-ROC: 0.9998. AUC-PR: 0.9996
Iteration: 4000. Loss: 0.4419167637825012. Accuracy: 64.55516790231138. AUC-ROC: 0.9999. AUC-PR: 0.9997
Iteration: 4500. Loss: 0.5131688714027405. Accuracy: 64.55516790231138. AUC-ROC: 0.9984. AUC-PR: 0.9848
Iteration: 5000. Loss: 0.4572333097457886. Accuracy: 64.55516790231138. AUC-ROC: 0.9988. AUC-PR: 0.9880
Iteration: 5500. Loss: 0.4317080080509186. Accuracy: 64.55516790231138. AUC-ROC: 0.9990. AUC-PR: 0.9912
Iteration: 6000. Loss: 0.4122161865234375. Accuracy: 64.53336240732665. AUC-ROC: 0.9988. AUC-PR: 0.9880
Iteration: 6500. Loss: 0.401062548160553. Accuracy: 64.52245965983428. AUC-ROC: 0.9988. AUC-PR: 0.9881
Iteration: 7000. Loss: 0.3869655728340149. Accuracy: 64.48975141735717. AUC-ROC: 0.9984. AUC-PR: 0.9848
Iteration: 7500. Loss: 0.39098531007766724. Accuracy: 98.9424334932403. AUC-ROC: 0.9985. AUC-PR: 0.9849
Iteration: 8000. Loss: 0.3441341519355774. Accuracy: 99.38944614042738. AUC-ROC: 0.9988. AUC-PR: 0.9888
Iteration: 8500. Loss: 0.35867565870285034. Accuracy: 99.34583515045792. AUC-ROC: 0.9987. AUC-PR: 0.9865
Iteration: 9000. Loss: 0.31148990988731384. Accuracy: 99.32402965547318. AUC-ROC: 0.9990. AUC-PR: 0.9898
Iteration: 9500. Loss: 0.3178531229496002. Accuracy: 99.20409943305712. AUC-ROC: 0.9993. AUC-PR: 0.9932
Iteration: 10000. Loss: 0.302606463432312. Accuracy: 97.66681203663323. AUC-ROC: 0.9986. AUC-PR: 0.9851
Iteration: 10500. Loss: 0.2862749993801117. Accuracy: 96.0750109027475. AUC-ROC: 0.9986. AUC-PR: 0.9850
Iteration: 11000. Loss: 0.27382558584213257. Accuracy: 98.59354557348452. AUC-ROC: 0.9993. AUC-PR: 0.9948
Iteration: 11500. Loss: 0.2590383291244507. Accuracy: 97.81945050152639. AUC-ROC: 0.9992. AUC-PR: 0.9929
Iteration: 12000. Loss: 0.25388103723526. Accuracy: 96.99084169210641. AUC-ROC: 0.9990. AUC-PR: 0.9897
Iteration: 12500. Loss: 0.25622543692588806. Accuracy: 95.64980375054513. AUC-ROC: 0.9985. AUC-PR: 0.9849
Iteration: 13000. Loss: 0.25849267840385437. Accuracy: 95.84605320540776. AUC-ROC: 0.9989. AUC-PR: 0.9881
Iteration: 13500. Loss: 0.22478383779525757. Accuracy: 95.00654164849541. AUC-ROC: 0.9989. AUC-PR: 0.9882
Iteration: 14000. Loss: 0.2170606255531311. Accuracy: 95.44265154819014. AUC-ROC: 0.9986. AUC-PR: 0.9864
Iteration: 14500. Loss: 0.22504274547100067. Accuracy: 94.6031399912778. AUC-ROC: 0.9989. AUC-PR: 0.9882
Iteration: 15000. Loss: 0.22155795991420746. Accuracy: 94.55952900130833. AUC-ROC: 0.9987. AUC-PR: 0.9865
Iteration: 15500. Loss: 0.24147319793701172. Accuracy: 94.69036197121675. AUC-ROC: 0.9997. AUC-PR: 0.9991
Iteration: 16000. Loss: 0.19406737387180328. Accuracy: 94.85390318360227. AUC-ROC: 0.9988. AUC-PR: 0.9880
Iteration: 16500. Loss: 0.2056828737258911. Accuracy: 94.72307021369384. AUC-ROC: 0.9987. AUC-PR: 0.9879
Iteration: 17000. Loss: 0.2063601315021515. Accuracy: 94.46140427387702. AUC-ROC: 0.9988. AUC-PR: 0.9880
Iteration: 17500. Loss: 0.19267547130584717. Accuracy: 93.92716964675098. AUC-ROC: 0.9988. AUC-PR: 0.9881
Iteration: 18000. Loss: 0.20229142904281616. Accuracy: 93.78543392935019. AUC-ROC: 0.9989. AUC-PR: 0.9881
Iteration: 18500. Loss: 0.17600670456886292. Accuracy: 93.8835586567815. AUC-ROC: 0.9988. AUC-PR: 0.9880
Iteration: 19000. Loss: 0.16522328555583954. Accuracy: 91.72481465329263. AUC-ROC: 0.9989. AUC-PR: 0.9882
Iteration: 19500. Loss: 0.1833888292312622. Accuracy: 92.19363279546445. AUC-ROC: 0.9990. AUC-PR: 0.9897
Iteration: 20000. Loss: 0.1556021273136139. Accuracy: 93.38203227213258. AUC-ROC: 0.9990. AUC-PR: 0.9897
Iteration: 20500. Loss: 0.16637292504310608. Accuracy: 92.6951591801134. AUC-ROC: 0.9990. AUC-PR: 0.9898
Iteration: 21000. Loss: 0.15303918719291687. Accuracy: 92.12821631051025. AUC-ROC: 0.9991. AUC-PR: 0.9899
Iteration: 21500. Loss: 0.16032472252845764. Accuracy: 91.8011338857392. AUC-ROC: 0.9992. AUC-PR: 0.9916
Iteration: 22000. Loss: 0.15469223260879517. Accuracy: 92.03009158307894. AUC-ROC: 0.9986. AUC-PR: 0.9865
Iteration: 22500. Loss: 0.14420366287231445. Accuracy: 92.05189707806367. AUC-ROC: 0.9986. AUC-PR: 0.9864
Iteration: 23000. Loss: 0.16519691050052643. Accuracy: 91.93196685564763. AUC-ROC: 0.9987. AUC-PR: 0.9865
Iteration: 23500. Loss: 0.15709362924098969. Accuracy: 91.96467509812473. AUC-ROC: 0.9987. AUC-PR: 0.9866
Iteration: 24000. Loss: 0.16564106941223145. Accuracy: 91.41953772350632. AUC-ROC: 0.9988. AUC-PR: 0.9867
Iteration: 24500. Loss: 0.12775158882141113. Accuracy: 91.86655037069342. AUC-ROC: 0.9987. AUC-PR: 0.9865
Iteration: 25000. Loss: 0.1290649175643921. Accuracy: 91.61578717836895. AUC-ROC: 0.9987. AUC-PR: 0.9866
Iteration: 25500. Loss: 0.15358614921569824. Accuracy: 91.35412123855211. AUC-ROC: 0.9988. AUC-PR: 0.9866
Iteration: 26000. Loss: 0.14654293656349182. Accuracy: 91.23419101613607. AUC-ROC: 0.9987. AUC-PR: 0.9866
Iteration: 26500. Loss: 0.12865744531154633. Accuracy: 91.04884430876581. AUC-ROC: 0.9986. AUC-PR: 0.9851
Iteration: 27000. Loss: 0.12122045457363129. Accuracy: 92.0082860880942. AUC-ROC: 0.9987. AUC-PR: 0.9865
Iteration: 27500. Loss: 0.12498310953378677. Accuracy: 91.15787178368949. AUC-ROC: 0.9987. AUC-PR: 0.9866
Iteration: 28000. Loss: 0.20107725262641907. Accuracy: 93.08765808983864. AUC-ROC: 0.9992. AUC-PR: 0.9915
Iteration: 28500. Loss: 0.1099282056093216. Accuracy: 91.29960750109028. AUC-ROC: 0.9988. AUC-PR: 0.9867
Iteration: 29000. Loss: 0.11103995889425278. Accuracy: 91.45224596598342. AUC-ROC: 0.9988. AUC-PR: 0.9867
Iteration: 29500. Loss: 0.10745136439800262. Accuracy: 91.47405146096817. AUC-ROC: 0.9988. AUC-PR: 0.9867
Iteration: 30000. Loss: 0.1110001876950264. Accuracy: 91.46314871347579. AUC-ROC: 0.9987. AUC-PR: 0.9866
Iteration: 30500. Loss: 0.12631450593471527. Accuracy: 91.2232882686437. AUC-ROC: 0.9986. AUC-PR: 0.9851
Iteration: 31000. Loss: 0.12277200073003769. Accuracy: 91.94286960314. AUC-ROC: 0.9987. AUC-PR: 0.9865
Iteration: 31500. Loss: 0.09957939386367798. Accuracy: 91.2232882686437. AUC-ROC: 0.9988. AUC-PR: 0.9867
Iteration: 32000. Loss: 0.15767422318458557. Accuracy: 93.2402965547318. AUC-ROC: 0.9992. AUC-PR: 0.9916
Iteration: 32500. Loss: 0.1020975410938263. Accuracy: 91.39773222852159. AUC-ROC: 0.9987. AUC-PR: 0.9866
Iteration: 33000. Loss: 0.10066643357276917. Accuracy: 91.79023113824684. AUC-ROC: 0.9987. AUC-PR: 0.9865
Iteration: 33500. Loss: 0.10414721816778183. Accuracy: 92.11731356301787. AUC-ROC: 0.9987. AUC-PR: 0.9866
Iteration: 34000. Loss: 0.08976348489522934. Accuracy: 90.97252507631923. AUC-ROC: 0.9988. AUC-PR: 0.9867
Iteration: 34500. Loss: 0.09433957934379578. Accuracy: 91.64849542084605. AUC-ROC: 0.9987. AUC-PR: 0.9866
Iteration: 35000. Loss: 0.13382063806056976. Accuracy: 91.41953772350632. AUC-ROC: 0.9988. AUC-PR: 0.9867
Iteration: 35500. Loss: 0.09296339750289917. Accuracy: 91.2559965111208. AUC-ROC: 0.9988. AUC-PR: 0.9871
Iteration: 36000. Loss: 0.11030973494052887. Accuracy: 92.31356301788051. AUC-ROC: 0.9993. AUC-PR: 0.9917
Iteration: 36500. Loss: 0.08257138729095459. Accuracy: 93.58918447448757. AUC-ROC: 0.9989. AUC-PR: 0.9897
Iteration: 37000. Loss: 0.11307951807975769. Accuracy: 91.91016136066288. AUC-ROC: 0.9997. AUC-PR: 0.9973
Iteration: 37500. Loss: 0.08688752353191376. Accuracy: 91.2559965111208. AUC-ROC: 0.9991. AUC-PR: 0.9898
Iteration: 38000. Loss: 0.08522580564022064. Accuracy: 91.26689925861317. AUC-ROC: 0.9994. AUC-PR: 0.9934
Iteration: 38500. Loss: 0.08025708794593811. Accuracy: 91.40863497601396. AUC-ROC: 0.9998. AUC-PR: 0.9974
Iteration: 39000. Loss: 0.10964043438434601. Accuracy: 91.71391190580026. AUC-ROC: 0.9996. AUC-PR: 0.9953
Iteration: 39500. Loss: 0.10203234851360321. Accuracy: 90.96162232882686. AUC-ROC: 0.9989. AUC-PR: 0.9881
Iteration: 40000. Loss: 0.09648305177688599. Accuracy: 91.36502398604448. AUC-ROC: 0.9998. AUC-PR: 0.9974
Iteration: 40500. Loss: 0.0967167466878891. Accuracy: 90.9507195813345. AUC-ROC: 0.9996. AUC-PR: 0.9953
Iteration: 41000. Loss: 0.12690632045269012. Accuracy: 93.18578281726995. AUC-ROC: 0.9997. AUC-PR: 0.9972
Iteration: 41500. Loss: 0.08259683847427368. Accuracy: 91.26689925861317. AUC-ROC: 0.9996. AUC-PR: 0.9953
Iteration: 42000. Loss: 0.10129737854003906. Accuracy: 92.35717400784998. AUC-ROC: 0.9999. AUC-PR: 0.9999
Iteration: 42500. Loss: 0.10603094846010208. Accuracy: 92.94592237243785. AUC-ROC: 0.9999. AUC-PR: 0.9998
Iteration: 43000. Loss: 0.07095997780561447. Accuracy: 93.02224160488443. AUC-ROC: 0.9997. AUC-PR: 0.9972
Iteration: 43500. Loss: 0.07015509903430939. Accuracy: 91.17967727867422. AUC-ROC: 1.0000. AUC-PR: 1.0000
Iteration: 44000. Loss: 0.08844496309757233. Accuracy: 93.8508504143044. AUC-ROC: 0.9999. AUC-PR: 0.9998
Iteration: 44500. Loss: 0.07507210969924927. Accuracy: 90.97252507631923. AUC-ROC: 0.9996. AUC-PR: 0.9953
Iteration: 45000. Loss: 0.08684384822845459. Accuracy: 91.29960750109028. AUC-ROC: 0.9996. AUC-PR: 0.9953
Iteration: 45500. Loss: 0.06649130582809448. Accuracy: 93.8508504143044. AUC-ROC: 0.9999. AUC-PR: 0.9998
Iteration: 46000. Loss: 0.07761962711811066. Accuracy: 91.13606628870475. AUC-ROC: 0.9998. AUC-PR: 0.9974
Iteration: 46500. Loss: 0.08660216629505157. Accuracy: 92.5207152202355. AUC-ROC: 0.9995. AUC-PR: 0.9951
Iteration: 47000. Loss: 0.10395041853189468. Accuracy: 92.32446576537288. AUC-ROC: 0.9999. AUC-PR: 0.9999
Iteration: 47500. Loss: 0.06695614010095596. Accuracy: 92.34627126035761. AUC-ROC: 0.9998. AUC-PR: 0.9974
Iteration: 48000. Loss: 0.0719759613275528. Accuracy: 91.8011338857392. AUC-ROC: 1.0000. AUC-PR: 0.9999
Iteration: 48500. Loss: 0.08114256709814072. Accuracy: 91.2559965111208. AUC-ROC: 0.9996. AUC-PR: 0.9953
Iteration: 49000. Loss: 0.07759810239076614. Accuracy: 91.69210641081553. AUC-ROC: 0.9998. AUC-PR: 0.9974
Iteration: 49500. Loss: 0.12033058702945709. Accuracy: 94.76668120366332. AUC-ROC: 0.9999. AUC-PR: 0.9999
Iteration: 50000. Loss: 0.06439635902643204. Accuracy: 92.70606192760576. AUC-ROC: 1.0000. AUC-PR: 0.9999
Iteration: 50500. Loss: 0.059031691402196884. Accuracy: 91.46314871347579. AUC-ROC: 0.9996. AUC-PR: 0.9954
Iteration: 51000. Loss: 0.06734578311443329. Accuracy: 91.09245529873529. AUC-ROC: 1.0000. AUC-PR: 1.0000
Iteration: 51500. Loss: 0.060496896505355835. Accuracy: 91.26689925861317. AUC-ROC: 1.0000. AUC-PR: 0.9999
Iteration: 52000. Loss: 0.0560782328248024. Accuracy: 91.77932839075447. AUC-ROC: 0.9989. AUC-PR: 0.9882
Iteration: 52500. Loss: 0.10489111393690109. Accuracy: 91.13606628870475. AUC-ROC: 1.0000. AUC-PR: 0.9999
Iteration: 53000. Loss: 0.052349552512168884. Accuracy: 91.61578717836895. AUC-ROC: 0.9999. AUC-PR: 0.9999
Iteration: 53500. Loss: 0.06909070909023285. Accuracy: 91.72481465329263. AUC-ROC: 0.9992. AUC-PR: 0.9914
Iteration: 54000. Loss: 0.058068085461854935. Accuracy: 91.03794156127344. AUC-ROC: 0.9992. AUC-PR: 0.9916
Iteration: 54500. Loss: 0.12185660004615784. Accuracy: 93.8835586567815. AUC-ROC: 0.9986. AUC-PR: 0.9864
Iteration: 55000. Loss: 0.08335240185260773. Accuracy: 93.37112952464021. AUC-ROC: 0.9989. AUC-PR: 0.9881
Iteration: 55500. Loss: 0.07366453856229782. Accuracy: 93.58918447448757. AUC-ROC: 0.9996. AUC-PR: 0.9954
Iteration: 56000. Loss: 0.0645022988319397. Accuracy: 92.70606192760576. AUC-ROC: 0.9994. AUC-PR: 0.9934
Iteration: 56500. Loss: 0.06121818721294403. Accuracy: 92.74967291757523. AUC-ROC: 1.0000. AUC-PR: 0.9999
Iteration: 57000. Loss: 0.06809672713279724. Accuracy: 93.8835586567815. AUC-ROC: 0.9999. AUC-PR: 0.9998
Iteration: 57500. Loss: 0.06669328361749649. Accuracy: 93.75272568687309. AUC-ROC: 0.9999. AUC-PR: 0.9998
Iteration: 58000. Loss: 0.08984700590372086. Accuracy: 93.83994766681204. AUC-ROC: 1.0000. AUC-PR: 0.9999
Iteration: 58500. Loss: 0.08116833865642548. Accuracy: 93.22939380723942. AUC-ROC: 1.0000. AUC-PR: 1.0000
Iteration: 59000. Loss: 0.125644713640213. Accuracy: 93.52376798953337. AUC-ROC: 1.0000. AUC-PR: 1.0000
Iteration: 59500. Loss: 0.10560789704322815. Accuracy: 92.41168774531182. AUC-ROC: 1.0000. AUC-PR: 1.0000
Iteration: 60000. Loss: 0.05808618664741516. Accuracy: 93.90536415176625. AUC-ROC: 0.9999. AUC-PR: 0.9999
Iteration: 60500. Loss: 0.07431250810623169. Accuracy: 91.17967727867422. AUC-ROC: 1.0000. AUC-PR: 0.9999
Iteration: 61000. Loss: 0.057636357843875885. Accuracy: 92.86960313999128. AUC-ROC: 1.0000. AUC-PR: 0.9999
Iteration: 61500. Loss: 0.05551454424858093. Accuracy: 91.94286960314. AUC-ROC: 1.0000. AUC-PR: 1.0000
Iteration: 62000. Loss: 0.05429720878601074. Accuracy: 93.76362843436546. AUC-ROC: 0.9998. AUC-PR: 0.9997
Iteration: 62500. Loss: 0.059172727167606354. Accuracy: 91.44134321849106. AUC-ROC: 1.0000. AUC-PR: 0.9999
Iteration: 63000. Loss: 0.06485192477703094. Accuracy: 93.8181421718273. AUC-ROC: 0.9999. AUC-PR: 0.9998
Iteration: 63500. Loss: 0.05833345651626587. Accuracy: 93.56737897950283. AUC-ROC: 0.9999. AUC-PR: 0.9998
Iteration: 64000. Loss: 0.05378862842917442. Accuracy: 91.10335804622765. AUC-ROC: 1.0000. AUC-PR: 1.0000
Iteration: 64500. Loss: 0.05169444531202316. Accuracy: 93.41474051460968. AUC-ROC: 1.0000. AUC-PR: 1.0000
Iteration: 65000. Loss: 0.06416773796081543. Accuracy: 92.54252071522023. AUC-ROC: 1.0000. AUC-PR: 1.0000
Iteration: 65500. Loss: 0.11939312517642975. Accuracy: 95.96598342782382. AUC-ROC: 1.0000. AUC-PR: 0.9999
Iteration: 66000. Loss: 0.05810926482081413. Accuracy: 92.89140863497602. AUC-ROC: 1.0000. AUC-PR: 1.0000
Iteration: 66500. Loss: 0.05435905605554581. Accuracy: 91.31051024858264. AUC-ROC: 1.0000. AUC-PR: 1.0000
Iteration: 67000. Loss: 0.05141513794660568. Accuracy: 92.86960313999128. AUC-ROC: 1.0000. AUC-PR: 1.0000
Iteration: 67500. Loss: 0.06405192613601685. Accuracy: 93.44744875708679. AUC-ROC: 0.9999. AUC-PR: 0.9999
Iteration: 68000. Loss: 0.06113673001527786. Accuracy: 93.60008722197993. AUC-ROC: 0.9999. AUC-PR: 0.9999
Iteration: 68500. Loss: 0.04845179244875908. Accuracy: 93.46925425207152. AUC-ROC: 0.9999. AUC-PR: 0.9998
Iteration: 69000. Loss: 0.06356649100780487. Accuracy: 93.50196249454862. AUC-ROC: 0.9999. AUC-PR: 0.9998
Iteration: 69500. Loss: 0.05481593310832977. Accuracy: 93.25119930222417. AUC-ROC: 1.0000. AUC-PR: 0.9999
Iteration: 70000. Loss: 0.06770245730876923. Accuracy: 93.15307457479285. AUC-ROC: 0.9999. AUC-PR: 0.9998
Iteration: 70500. Loss: 0.0819689929485321. Accuracy: 94.34147405146096. AUC-ROC: 1.0000. AUC-PR: 0.9999
Iteration: 71000. Loss: 0.04611847177147865. Accuracy: 93.55647623201047. AUC-ROC: 0.9999. AUC-PR: 0.9998
Iteration: 71500. Loss: 0.04687093198299408. Accuracy: 93.01133885739206. AUC-ROC: 0.9999. AUC-PR: 0.9999

--- Model Training Complete ---

Model weights saved to  trained_model/lstm_model_weights_hidden32_60l.json
