libs loaded
device: cuda
starting...
data found
features split
features split
data loaded
about to enter training loop
Iteration: 500. Loss: 0.5776048898696899. Accuracy: 95.82604895104895. AUC-ROC: 1.0000. AUC-PR: 1.0000
Iteration: 1000. Loss: 0.5544729232788086. Accuracy: 64.69624125874125. AUC-ROC: 1.0000. AUC-PR: 1.0000
Iteration: 1500. Loss: 0.4989003539085388. Accuracy: 64.69624125874125. AUC-ROC: 1.0000. AUC-PR: 1.0000
Iteration: 2000. Loss: 0.4879736304283142. Accuracy: 90.30812937062937. AUC-ROC: 1.0000. AUC-PR: 1.0000
Iteration: 2500. Loss: 0.495673269033432. Accuracy: 98.73251748251748. AUC-ROC: 1.0000. AUC-PR: 1.0000
Iteration: 3000. Loss: 0.43397757411003113. Accuracy: 99.63942307692308. AUC-ROC: 1.0000. AUC-PR: 1.0000
Iteration: 3500. Loss: 0.4330577254295349. Accuracy: 99.73776223776224. AUC-ROC: 1.0000. AUC-PR: 1.0000
Iteration: 4000. Loss: 0.41749319434165955. Accuracy: 99.73776223776224. AUC-ROC: 1.0000. AUC-PR: 1.0000
Iteration: 4500. Loss: 0.35130006074905396. Accuracy: 100.0. AUC-ROC: 1.0000. AUC-PR: 1.0000
Iteration: 5000. Loss: 0.38383540511131287. Accuracy: 100.0. AUC-ROC: 1.0000. AUC-PR: 1.0000
Iteration: 5500. Loss: 0.342099130153656. Accuracy: 100.0. AUC-ROC: 1.0000. AUC-PR: 1.0000
Iteration: 6000. Loss: 0.3136557638645172. Accuracy: 100.0. AUC-ROC: 1.0000. AUC-PR: 1.0000
Iteration: 6500. Loss: 0.3274006247520447. Accuracy: 100.0. AUC-ROC: 1.0000. AUC-PR: 1.0000
Iteration: 7000. Loss: 0.3094426393508911. Accuracy: 100.0. AUC-ROC: 1.0000. AUC-PR: 1.0000
Iteration: 7500. Loss: 0.2868044376373291. Accuracy: 100.0. AUC-ROC: 1.0000. AUC-PR: 1.0000
Iteration: 8000. Loss: 0.29613298177719116. Accuracy: 100.0. AUC-ROC: 1.0000. AUC-PR: 1.0000
Iteration: 8500. Loss: 0.2804667353630066. Accuracy: 100.0. AUC-ROC: 1.0000. AUC-PR: 1.0000
Iteration: 9000. Loss: 0.29802924394607544. Accuracy: 100.0. AUC-ROC: 1.0000. AUC-PR: 1.0000
Iteration: 9500. Loss: 0.24089415371418. Accuracy: 100.0. AUC-ROC: 1.0000. AUC-PR: 1.0000
Iteration: 10000. Loss: 0.2446981817483902. Accuracy: 100.0. AUC-ROC: 1.0000. AUC-PR: 1.0000
Iteration: 10500. Loss: 0.260156512260437. Accuracy: 99.90166083916084. AUC-ROC: 1.0000. AUC-PR: 1.0000
Iteration: 11000. Loss: 0.21676626801490784. Accuracy: 99.8798076923077. AUC-ROC: 1.0000. AUC-PR: 1.0000
Iteration: 11500. Loss: 0.24373304843902588. Accuracy: 99.77054195804196. AUC-ROC: 1.0000. AUC-PR: 1.0000
Iteration: 12000. Loss: 0.2078106552362442. Accuracy: 99.91258741258741. AUC-ROC: 1.0000. AUC-PR: 1.0000
Iteration: 12500. Loss: 0.2126113623380661. Accuracy: 99.84702797202797. AUC-ROC: 1.0000. AUC-PR: 1.0000
Iteration: 13000. Loss: 0.2005544900894165. Accuracy: 100.0. AUC-ROC: 1.0000. AUC-PR: 1.0000
Iteration: 13500. Loss: 0.18716903030872345. Accuracy: 99.90166083916084. AUC-ROC: 1.0000. AUC-PR: 1.0000
Iteration: 14000. Loss: 0.1830804944038391. Accuracy: 99.82517482517483. AUC-ROC: 1.0000. AUC-PR: 1.0000
Iteration: 14500. Loss: 0.18324613571166992. Accuracy: 100.0. AUC-ROC: 1.0000. AUC-PR: 1.0000
Iteration: 15000. Loss: 0.18907833099365234. Accuracy: 100.0. AUC-ROC: 1.0000. AUC-PR: 1.0000
Iteration: 15500. Loss: 0.1781967282295227. Accuracy: 99.97814685314685. AUC-ROC: 1.0000. AUC-PR: 1.0000
Iteration: 16000. Loss: 0.16854903101921082. Accuracy: 100.0. AUC-ROC: 1.0000. AUC-PR: 1.0000
Iteration: 16500. Loss: 0.17339985072612762. Accuracy: 100.0. AUC-ROC: 1.0000. AUC-PR: 1.0000
Iteration: 17000. Loss: 0.18086344003677368. Accuracy: 99.9562937062937. AUC-ROC: 1.0000. AUC-PR: 1.0000
Iteration: 17500. Loss: 0.15340286493301392. Accuracy: 99.8798076923077. AUC-ROC: 1.0000. AUC-PR: 1.0000
Iteration: 18000. Loss: 0.15287543833255768. Accuracy: 99.90166083916084. AUC-ROC: 1.0000. AUC-PR: 1.0000
Iteration: 18500. Loss: 0.15698902308940887. Accuracy: 100.0. AUC-ROC: 1.0000. AUC-PR: 1.0000
Iteration: 19000. Loss: 0.13745418190956116. Accuracy: 99.85795454545455. AUC-ROC: 1.0000. AUC-PR: 1.0000
Iteration: 19500. Loss: 0.148728609085083. Accuracy: 100.0. AUC-ROC: 1.0000. AUC-PR: 1.0000
Iteration: 20000. Loss: 0.1436568796634674. Accuracy: 99.81424825174825. AUC-ROC: 1.0000. AUC-PR: 1.0000
Iteration: 20500. Loss: 0.12609000504016876. Accuracy: 100.0. AUC-ROC: 1.0000. AUC-PR: 1.0000
Iteration: 21000. Loss: 0.13171571493148804. Accuracy: 100.0. AUC-ROC: 1.0000. AUC-PR: 1.0000
Iteration: 21500. Loss: 0.12993654608726501. Accuracy: 99.85795454545455. AUC-ROC: 1.0000. AUC-PR: 1.0000
Iteration: 22000. Loss: 0.15094509720802307. Accuracy: 100.0. AUC-ROC: 1.0000. AUC-PR: 1.0000
Iteration: 22500. Loss: 0.16059567034244537. Accuracy: 100.0. AUC-ROC: 1.0000. AUC-PR: 1.0000
Iteration: 23000. Loss: 0.10599208623170853. Accuracy: 100.0. AUC-ROC: 1.0000. AUC-PR: 1.0000
Iteration: 23500. Loss: 0.12052188813686371. Accuracy: 100.0. AUC-ROC: 1.0000. AUC-PR: 1.0000
Iteration: 24000. Loss: 0.11385729908943176. Accuracy: 99.33347902097903. AUC-ROC: 1.0000. AUC-PR: 1.0000
Iteration: 24500. Loss: 0.12219802290201187. Accuracy: 99.8798076923077. AUC-ROC: 1.0000. AUC-PR: 1.0000
Iteration: 25000. Loss: 0.13262739777565002. Accuracy: 99.92351398601399. AUC-ROC: 1.0000. AUC-PR: 1.0000
Iteration: 25500. Loss: 0.11725582182407379. Accuracy: 99.6284965034965. AUC-ROC: 1.0000. AUC-PR: 1.0000
Iteration: 26000. Loss: 0.12237713485956192. Accuracy: 99.65034965034965. AUC-ROC: 1.0000. AUC-PR: 1.0000
Iteration: 26500. Loss: 0.12005077302455902. Accuracy: 99.65034965034965. AUC-ROC: 1.0000. AUC-PR: 1.0000
Iteration: 27000. Loss: 0.10847467184066772. Accuracy: 99.56293706293707. AUC-ROC: 1.0000. AUC-PR: 1.0000
Iteration: 27500. Loss: 0.10361528396606445. Accuracy: 99.57386363636364. AUC-ROC: 1.0000. AUC-PR: 1.0000
Iteration: 28000. Loss: 0.09616796672344208. Accuracy: 99.6284965034965. AUC-ROC: 1.0000. AUC-PR: 1.0000
Iteration: 28500. Loss: 0.0996575802564621. Accuracy: 99.5520104895105. AUC-ROC: 1.0000. AUC-PR: 1.0000
Iteration: 29000. Loss: 0.09255225211381912. Accuracy: 99.56293706293707. AUC-ROC: 1.0000. AUC-PR: 1.0000
Iteration: 29500. Loss: 0.09453543275594711. Accuracy: 99.56293706293707. AUC-ROC: 1.0000. AUC-PR: 1.0000
Iteration: 30000. Loss: 0.10440640151500702. Accuracy: 99.4645979020979. AUC-ROC: 1.0000. AUC-PR: 1.0000
Iteration: 30500. Loss: 0.08490044623613358. Accuracy: 99.42089160839161. AUC-ROC: 1.0000. AUC-PR: 1.0000
Iteration: 31000. Loss: 0.08186137676239014. Accuracy: 99.49737762237763. AUC-ROC: 1.0000. AUC-PR: 1.0000
Iteration: 31500. Loss: 0.07836835086345673. Accuracy: 99.4645979020979. AUC-ROC: 1.0000. AUC-PR: 1.0000
Iteration: 32000. Loss: 0.09671619534492493. Accuracy: 99.53015734265735. AUC-ROC: 1.0000. AUC-PR: 1.0000
Iteration: 32500. Loss: 0.08371156454086304. Accuracy: 99.45367132867133. AUC-ROC: 1.0000. AUC-PR: 1.0000
Iteration: 33000. Loss: 0.08301347494125366. Accuracy: 99.49737762237763. AUC-ROC: 1.0000. AUC-PR: 1.0000
Iteration: 33500. Loss: 0.12725123763084412. Accuracy: 99.53015734265735. AUC-ROC: 1.0000. AUC-PR: 1.0000
Iteration: 34000. Loss: 0.0714896023273468. Accuracy: 99.5083041958042. AUC-ROC: 1.0000. AUC-PR: 1.0000
Iteration: 34500. Loss: 0.06860661506652832. Accuracy: 99.49737762237763. AUC-ROC: 1.0000. AUC-PR: 1.0000
Iteration: 35000. Loss: 0.08464465290307999. Accuracy: 99.5083041958042. AUC-ROC: 1.0000. AUC-PR: 1.0000
Iteration: 35500. Loss: 0.0723913162946701. Accuracy: 99.40996503496504. AUC-ROC: 1.0000. AUC-PR: 1.0000
Iteration: 36000. Loss: 0.10735297203063965. Accuracy: 99.39903846153847. AUC-ROC: 1.0000. AUC-PR: 1.0000
Iteration: 36500. Loss: 0.11193303018808365. Accuracy: 99.49737762237763. AUC-ROC: 1.0000. AUC-PR: 1.0000
Iteration: 37000. Loss: 0.09102268517017365. Accuracy: 99.4645979020979. AUC-ROC: 1.0000. AUC-PR: 1.0000
Iteration: 37500. Loss: 0.06590504944324493. Accuracy: 99.48645104895105. AUC-ROC: 1.0000. AUC-PR: 1.0000
Iteration: 38000. Loss: 0.07363958656787872. Accuracy: 99.49737762237763. AUC-ROC: 1.0000. AUC-PR: 1.0000
Iteration: 38500. Loss: 0.11368537694215775. Accuracy: 99.37718531468532. AUC-ROC: 1.0000. AUC-PR: 1.0000
Iteration: 39000. Loss: 0.06988044828176498. Accuracy: 99.03846153846153. AUC-ROC: 1.0000. AUC-PR: 1.0000
Iteration: 39500. Loss: 0.07346583902835846. Accuracy: 98.85270979020979. AUC-ROC: 1.0000. AUC-PR: 1.0000
Iteration: 40000. Loss: 0.0688423365354538. Accuracy: 99.47552447552448. AUC-ROC: 1.0000. AUC-PR: 1.0000
Iteration: 40500. Loss: 0.057950444519519806. Accuracy: 99.35533216783217. AUC-ROC: 1.0000. AUC-PR: 1.0000
Iteration: 41000. Loss: 0.05706588178873062. Accuracy: 99.4645979020979. AUC-ROC: 1.0000. AUC-PR: 1.0000
Iteration: 41500. Loss: 0.0704239010810852. Accuracy: 99.35533216783217. AUC-ROC: 1.0000. AUC-PR: 1.0000
Iteration: 42000. Loss: 0.054803211241960526. Accuracy: 99.43181818181819. AUC-ROC: 1.0000. AUC-PR: 1.0000
Iteration: 42500. Loss: 0.06634887307882309. Accuracy: 99.36625874125875. AUC-ROC: 1.0000. AUC-PR: 1.0000
Iteration: 43000. Loss: 0.10873737931251526. Accuracy: 99.31162587412588. AUC-ROC: 1.0000. AUC-PR: 1.0000
Iteration: 43500. Loss: 0.06217139586806297. Accuracy: 99.26791958041959. AUC-ROC: 1.0000. AUC-PR: 1.0000
Iteration: 44000. Loss: 0.053883522748947144. Accuracy: 99.36625874125875. AUC-ROC: 1.0000. AUC-PR: 1.0000
Iteration: 44500. Loss: 0.05108867585659027. Accuracy: 99.40996503496504. AUC-ROC: 1.0000. AUC-PR: 1.0000
Iteration: 45000. Loss: 0.07105153799057007. Accuracy: 99.0493881118881. AUC-ROC: 1.0000. AUC-PR: 1.0000
Iteration: 45500. Loss: 0.052826959639787674. Accuracy: 99.45367132867133. AUC-ROC: 1.0000. AUC-PR: 1.0000
Iteration: 46000. Loss: 0.06735409796237946. Accuracy: 99.4645979020979. AUC-ROC: 1.0000. AUC-PR: 1.0000
Iteration: 46500. Loss: 0.048957765102386475. Accuracy: 98.69973776223776. AUC-ROC: 1.0000. AUC-PR: 1.0000
Iteration: 47000. Loss: 0.056787047535181046. Accuracy: 99.40996503496504. AUC-ROC: 1.0000. AUC-PR: 1.0000
Iteration: 47500. Loss: 0.0525338277220726. Accuracy: 99.4645979020979. AUC-ROC: 1.0000. AUC-PR: 1.0000
Iteration: 48000. Loss: 0.10675405710935593. Accuracy: 99.56293706293707. AUC-ROC: 1.0000. AUC-PR: 1.0000
Iteration: 48500. Loss: 0.06011664867401123. Accuracy: 98.95104895104895. AUC-ROC: 1.0000. AUC-PR: 1.0000
Iteration: 49000. Loss: 0.051802221685647964. Accuracy: 98.26267482517483. AUC-ROC: 1.0000. AUC-PR: 1.0000
Iteration: 49500. Loss: 0.04586458206176758. Accuracy: 98.94012237762237. AUC-ROC: 1.0000. AUC-PR: 1.0000
Iteration: 50000. Loss: 0.043673060834407806. Accuracy: 98.75437062937063. AUC-ROC: 1.0000. AUC-PR: 1.0000
Iteration: 50500. Loss: 0.0508180633187294. Accuracy: 99.5083041958042. AUC-ROC: 1.0000. AUC-PR: 1.0000
Iteration: 51000. Loss: 0.04523193836212158. Accuracy: 98.7215909090909. AUC-ROC: 1.0000. AUC-PR: 1.0000
Iteration: 51500. Loss: 0.07488485425710678. Accuracy: 99.53015734265735. AUC-ROC: 1.0000. AUC-PR: 1.0000
Iteration: 52000. Loss: 0.04337981343269348. Accuracy: 99.37718531468532. AUC-ROC: 1.0000. AUC-PR: 1.0000
Iteration: 52500. Loss: 0.05739663913846016. Accuracy: 99.36625874125875. AUC-ROC: 1.0000. AUC-PR: 1.0000
Iteration: 53000. Loss: 0.04206013306975365. Accuracy: 99.36625874125875. AUC-ROC: 1.0000. AUC-PR: 1.0000
Iteration: 53500. Loss: 0.07157813012599945. Accuracy: 99.45367132867133. AUC-ROC: 1.0000. AUC-PR: 1.0000
Iteration: 54000. Loss: 0.04121717810630798. Accuracy: 99.40996503496504. AUC-ROC: 1.0000. AUC-PR: 1.0000
Iteration: 54500. Loss: 0.043042588979005814. Accuracy: 99.48645104895105. AUC-ROC: 1.0000. AUC-PR: 1.0000
Iteration: 55000. Loss: 0.0606205090880394. Accuracy: 99.1368006993007. AUC-ROC: 1.0000. AUC-PR: 1.0000
Iteration: 55500. Loss: 0.04143389314413071. Accuracy: 98.8090034965035. AUC-ROC: 1.0000. AUC-PR: 1.0000
Iteration: 56000. Loss: 0.047370463609695435. Accuracy: 98.8854895104895. AUC-ROC: 1.0000. AUC-PR: 1.0000
Iteration: 56500. Loss: 0.03967319801449776. Accuracy: 99.39903846153847. AUC-ROC: 1.0000. AUC-PR: 1.0000
Iteration: 57000. Loss: 0.05425203591585159. Accuracy: 99.5083041958042. AUC-ROC: 1.0000. AUC-PR: 1.0000
Iteration: 57500. Loss: 0.041047222912311554. Accuracy: 99.48645104895105. AUC-ROC: 1.0000. AUC-PR: 1.0000
Iteration: 58000. Loss: 0.04787169396877289. Accuracy: 99.53015734265735. AUC-ROC: 1.0000. AUC-PR: 1.0000
Iteration: 58500. Loss: 0.07745404541492462. Accuracy: 99.47552447552448. AUC-ROC: 1.0000. AUC-PR: 1.0000
Iteration: 59000. Loss: 0.036881521344184875. Accuracy: 99.35533216783217. AUC-ROC: 1.0000. AUC-PR: 1.0000
Iteration: 59500. Loss: 0.06181706488132477. Accuracy: 99.5083041958042. AUC-ROC: 1.0000. AUC-PR: 1.0000
Iteration: 60000. Loss: 0.04286230728030205. Accuracy: 98.61232517482517. AUC-ROC: 1.0000. AUC-PR: 1.0000
Iteration: 60500. Loss: 0.037819892168045044. Accuracy: 99.37718531468532. AUC-ROC: 1.0000. AUC-PR: 1.0000
Iteration: 61000. Loss: 0.09396778047084808. Accuracy: 99.47552447552448. AUC-ROC: 1.0000. AUC-PR: 1.0000
Iteration: 61500. Loss: 0.044982437044382095. Accuracy: 98.68881118881119. AUC-ROC: 1.0000. AUC-PR: 1.0000
Iteration: 62000. Loss: 0.04518470913171768. Accuracy: 99.33347902097903. AUC-ROC: 1.0000. AUC-PR: 1.0000
Iteration: 62500. Loss: 0.035555411130189896. Accuracy: 99.31162587412588. AUC-ROC: 1.0000. AUC-PR: 1.0000
Iteration: 63000. Loss: 0.04856804758310318. Accuracy: 98.57954545454545. AUC-ROC: 1.0000. AUC-PR: 1.0000
Iteration: 63500. Loss: 0.06341840326786041. Accuracy: 99.43181818181819. AUC-ROC: 1.0000. AUC-PR: 1.0000
Iteration: 64000. Loss: 0.041427724063396454. Accuracy: 99.33347902097903. AUC-ROC: 1.0000. AUC-PR: 1.0000
Iteration: 64500. Loss: 0.03491527587175369. Accuracy: 99.01660839160839. AUC-ROC: 1.0000. AUC-PR: 1.0000
Iteration: 65000. Loss: 0.05034121125936508. Accuracy: 98.87456293706293. AUC-ROC: 1.0000. AUC-PR: 1.0000
Iteration: 65500. Loss: 0.033769264817237854. Accuracy: 98.83085664335664. AUC-ROC: 1.0000. AUC-PR: 1.0000
Iteration: 66000. Loss: 0.0323062501847744. Accuracy: 98.98382867132867. AUC-ROC: 1.0000. AUC-PR: 1.0000
Iteration: 66500. Loss: 0.05148277431726456. Accuracy: 99.00568181818181. AUC-ROC: 1.0000. AUC-PR: 1.0000
Iteration: 67000. Loss: 0.04494885355234146. Accuracy: 98.61232517482517. AUC-ROC: 1.0000. AUC-PR: 1.0000
Iteration: 67500. Loss: 0.033347632735967636. Accuracy: 99.02753496503496. AUC-ROC: 1.0000. AUC-PR: 1.0000
Iteration: 68000. Loss: 0.07141935080289841. Accuracy: 98.21896853146853. AUC-ROC: 1.0000. AUC-PR: 1.0000
Iteration: 68500. Loss: 0.04300766438245773. Accuracy: 98.41564685314685. AUC-ROC: 1.0000. AUC-PR: 1.0000
Iteration: 69000. Loss: 0.041293930262327194. Accuracy: 98.65603146853147. AUC-ROC: 1.0000. AUC-PR: 1.0000
Iteration: 69500. Loss: 0.036493029445409775. Accuracy: 98.99475524475524. AUC-ROC: 1.0000. AUC-PR: 1.0000
Iteration: 70000. Loss: 0.030521903187036514. Accuracy: 98.99475524475524. AUC-ROC: 1.0000. AUC-PR: 1.0000
Iteration: 70500. Loss: 0.03220184147357941. Accuracy: 98.91826923076923. AUC-ROC: 1.0000. AUC-PR: 1.0000
Iteration: 71000. Loss: 0.051091983914375305. Accuracy: 98.89641608391608. AUC-ROC: 1.0000. AUC-PR: 1.0000

--- Model Training Complete ---

Model weights saved to  trained_model/lstm_model_weights_hidden32_80l.json
