libs loaded
device: cuda
starting...
data found
features split
features split
data loaded
about to enter training loop
Iteration: 500. Loss: 0.6608884930610657. Accuracy: 64.4848616859072. AUC-ROC: 0.9964. AUC-PR: 0.9866
Iteration: 1000. Loss: 0.6542977690696716. Accuracy: 64.4848616859072. AUC-ROC: 0.9978. AUC-PR: 0.9933
Iteration: 1500. Loss: 0.6516002416610718. Accuracy: 64.4848616859072. AUC-ROC: 0.9977. AUC-PR: 0.9933
Iteration: 2000. Loss: 0.6337358951568604. Accuracy: 64.4848616859072. AUC-ROC: 0.9992. AUC-PR: 0.9986
Iteration: 2500. Loss: 0.6375892162322998. Accuracy: 64.4848616859072. AUC-ROC: 0.9992. AUC-PR: 0.9987
Iteration: 3000. Loss: 0.6385181546211243. Accuracy: 64.4848616859072. AUC-ROC: 0.9992. AUC-PR: 0.9987
Iteration: 3500. Loss: 0.6102797389030457. Accuracy: 64.4848616859072. AUC-ROC: 0.9993. AUC-PR: 0.9988
Iteration: 4000. Loss: 0.618143618106842. Accuracy: 64.4848616859072. AUC-ROC: 0.9993. AUC-PR: 0.9988
Iteration: 4500. Loss: 0.6105884909629822. Accuracy: 64.4848616859072. AUC-ROC: 0.9991. AUC-PR: 0.9985
Iteration: 5000. Loss: 0.5997940301895142. Accuracy: 64.4848616859072. AUC-ROC: 0.9992. AUC-PR: 0.9986
Iteration: 5500. Loss: 0.593218982219696. Accuracy: 64.4848616859072. AUC-ROC: 0.9990. AUC-PR: 0.9984
Iteration: 6000. Loss: 0.5859580636024475. Accuracy: 64.4848616859072. AUC-ROC: 0.9989. AUC-PR: 0.9983
Iteration: 6500. Loss: 0.5704262256622314. Accuracy: 64.4848616859072. AUC-ROC: 0.9991. AUC-PR: 0.9986
Iteration: 7000. Loss: 0.571234405040741. Accuracy: 64.4848616859072. AUC-ROC: 0.9994. AUC-PR: 0.9989
Iteration: 7500. Loss: 0.5735793113708496. Accuracy: 64.4848616859072. AUC-ROC: 0.9995. AUC-PR: 0.9991
Iteration: 8000. Loss: 0.571453332901001. Accuracy: 64.4848616859072. AUC-ROC: 0.9994. AUC-PR: 0.9990
Iteration: 8500. Loss: 0.5622767210006714. Accuracy: 64.4848616859072. AUC-ROC: 0.9994. AUC-PR: 0.9989
Iteration: 9000. Loss: 0.5442321300506592. Accuracy: 64.4848616859072. AUC-ROC: 0.9994. AUC-PR: 0.9990
Iteration: 9500. Loss: 0.5524614453315735. Accuracy: 64.4848616859072. AUC-ROC: 0.9995. AUC-PR: 0.9992
Iteration: 10000. Loss: 0.5499652028083801. Accuracy: 64.4848616859072. AUC-ROC: 0.9967. AUC-PR: 0.9940
Iteration: 10500. Loss: 0.531915009021759. Accuracy: 64.4848616859072. AUC-ROC: 0.9995. AUC-PR: 0.9991
Iteration: 11000. Loss: 0.530457079410553. Accuracy: 64.4848616859072. AUC-ROC: 0.9991. AUC-PR: 0.9984
Iteration: 11500. Loss: 0.5224499106407166. Accuracy: 64.4848616859072. AUC-ROC: 0.9995. AUC-PR: 0.9992
Iteration: 12000. Loss: 0.5274717807769775. Accuracy: 64.4848616859072. AUC-ROC: 0.9994. AUC-PR: 0.9991
Iteration: 12500. Loss: 0.5252194404602051. Accuracy: 64.4848616859072. AUC-ROC: 0.9996. AUC-PR: 0.9994
Iteration: 13000. Loss: 0.49313613772392273. Accuracy: 64.4848616859072. AUC-ROC: 0.9995. AUC-PR: 0.9992
Iteration: 13500. Loss: 0.5017843842506409. Accuracy: 64.4848616859072. AUC-ROC: 0.9995. AUC-PR: 0.9991
Iteration: 14000. Loss: 0.5069607496261597. Accuracy: 64.4848616859072. AUC-ROC: 0.9996. AUC-PR: 0.9993
Iteration: 14500. Loss: 0.48729658126831055. Accuracy: 64.4848616859072. AUC-ROC: 0.9993. AUC-PR: 0.9988
Iteration: 15000. Loss: 0.4857501983642578. Accuracy: 64.4848616859072. AUC-ROC: 0.9993. AUC-PR: 0.9988
Iteration: 15500. Loss: 0.4746280908584595. Accuracy: 64.4848616859072. AUC-ROC: 0.9992. AUC-PR: 0.9985
Iteration: 16000. Loss: 0.48211032152175903. Accuracy: 64.4848616859072. AUC-ROC: 0.9995. AUC-PR: 0.9991
Iteration: 16500. Loss: 0.4833504557609558. Accuracy: 64.4848616859072. AUC-ROC: 0.9994. AUC-PR: 0.9989
Iteration: 17000. Loss: 0.4832550585269928. Accuracy: 64.4848616859072. AUC-ROC: 0.9983. AUC-PR: 0.9977
Iteration: 17500. Loss: 0.49589231610298157. Accuracy: 64.4848616859072. AUC-ROC: 0.9994. AUC-PR: 0.9989
Iteration: 18000. Loss: 0.4806353449821472. Accuracy: 64.4848616859072. AUC-ROC: 0.9993. AUC-PR: 0.9987
Iteration: 18500. Loss: 0.4657594859600067. Accuracy: 64.4848616859072. AUC-ROC: 0.9993. AUC-PR: 0.9988
Iteration: 19000. Loss: 0.4706071615219116. Accuracy: 64.4848616859072. AUC-ROC: 0.9991. AUC-PR: 0.9983
Iteration: 19500. Loss: 0.46089181303977966. Accuracy: 64.4848616859072. AUC-ROC: 0.9992. AUC-PR: 0.9985
Iteration: 20000. Loss: 0.4640851616859436. Accuracy: 64.4848616859072. AUC-ROC: 0.9993. AUC-PR: 0.9988
Iteration: 20500. Loss: 0.4534876346588135. Accuracy: 64.4848616859072. AUC-ROC: 0.9987. AUC-PR: 0.9977
Iteration: 21000. Loss: 0.45499855279922485. Accuracy: 64.4848616859072. AUC-ROC: 0.9974. AUC-PR: 0.9953
Iteration: 21500. Loss: 0.45459064841270447. Accuracy: 64.4848616859072. AUC-ROC: 0.9983. AUC-PR: 0.9969
Iteration: 22000. Loss: 0.46562573313713074. Accuracy: 64.4848616859072. AUC-ROC: 0.9985. AUC-PR: 0.9973
Iteration: 22500. Loss: 0.43716707825660706. Accuracy: 64.4848616859072. AUC-ROC: 0.9993. AUC-PR: 0.9987
Iteration: 23000. Loss: 0.4296734929084778. Accuracy: 64.4848616859072. AUC-ROC: 0.9972. AUC-PR: 0.9950
Iteration: 23500. Loss: 0.441307008266449. Accuracy: 64.4848616859072. AUC-ROC: 0.9961. AUC-PR: 0.9932
Iteration: 24000. Loss: 0.41535133123397827. Accuracy: 72.29361794815944. AUC-ROC: 0.9960. AUC-PR: 0.9930
Iteration: 24500. Loss: 0.4179484248161316. Accuracy: 93.46547593116968. AUC-ROC: 0.9981. AUC-PR: 0.9967
Iteration: 25000. Loss: 0.41825050115585327. Accuracy: 96.34066652145502. AUC-ROC: 0.9993. AUC-PR: 0.9987
Iteration: 25500. Loss: 0.4235982894897461. Accuracy: 96.53670224351993. AUC-ROC: 0.9984. AUC-PR: 0.9971
Iteration: 26000. Loss: 0.40365487337112427. Accuracy: 96.63472010455239. AUC-ROC: 0.9973. AUC-PR: 0.9953
Iteration: 26500. Loss: 0.402288556098938. Accuracy: 96.65650185144848. AUC-ROC: 0.9985. AUC-PR: 0.9973
Iteration: 27000. Loss: 0.394962340593338. Accuracy: 96.72184709213678. AUC-ROC: 0.9981. AUC-PR: 0.9966
Iteration: 27500. Loss: 0.4024384021759033. Accuracy: 96.66739272489653. AUC-ROC: 0.9984. AUC-PR: 0.9971
Iteration: 28000. Loss: 0.3841986060142517. Accuracy: 96.46046612938358. AUC-ROC: 0.9961. AUC-PR: 0.9932
Iteration: 28500. Loss: 0.40429961681365967. Accuracy: 93.21498584186452. AUC-ROC: 0.9918. AUC-PR: 0.9857
Iteration: 29000. Loss: 0.37858694791793823. Accuracy: 96.47135700283162. AUC-ROC: 0.9968. AUC-PR: 0.9944
Iteration: 29500. Loss: 0.38957375288009644. Accuracy: 94.71792637769549. AUC-ROC: 0.9954. AUC-PR: 0.9923
Iteration: 30000. Loss: 0.4075525999069214. Accuracy: 96.07928555870181. AUC-ROC: 0.9964. AUC-PR: 0.9939
Iteration: 30500. Loss: 0.36123359203338623. Accuracy: 94.04269222391636. AUC-ROC: 0.9952. AUC-PR: 0.9920
Iteration: 31000. Loss: 0.361268550157547. Accuracy: 93.61794815944239. AUC-ROC: 0.9945. AUC-PR: 0.9909
Iteration: 31500. Loss: 0.36719784140586853. Accuracy: 93.23676758876061. AUC-ROC: 0.9948. AUC-PR: 0.9915
Iteration: 32000. Loss: 0.34391772747039795. Accuracy: 90.91701154432586. AUC-ROC: 0.9903. AUC-PR: 0.9841
Iteration: 32500. Loss: 0.36635351181030273. Accuracy: 93.73774776737095. AUC-ROC: 0.9952. AUC-PR: 0.9921
Iteration: 33000. Loss: 0.352780282497406. Accuracy: 92.34371596602047. AUC-ROC: 0.9937. AUC-PR: 0.9898
Iteration: 33500. Loss: 0.33886808156967163. Accuracy: 97.60400784142888. AUC-ROC: 0.9986. AUC-PR: 0.9975
Iteration: 34000. Loss: 0.36418139934539795. Accuracy: 91.8971901546504. AUC-ROC: 0.9915. AUC-PR: 0.9860
Iteration: 34500. Loss: 0.3396286964416504. Accuracy: 93.37834894358528. AUC-ROC: 0.9954. AUC-PR: 0.9925
Iteration: 35000. Loss: 0.3541555106639862. Accuracy: 93.07340448703987. AUC-ROC: 0.9952. AUC-PR: 0.9921
Iteration: 35500. Loss: 0.33075714111328125. Accuracy: 93.40013069048138. AUC-ROC: 0.9953. AUC-PR: 0.9923
Iteration: 36000. Loss: 0.33388668298721313. Accuracy: 92.59420605532564. AUC-ROC: 0.9952. AUC-PR: 0.9923
Iteration: 36500. Loss: 0.3063386380672455. Accuracy: 92.39817033326072. AUC-ROC: 0.9957. AUC-PR: 0.9931
Iteration: 37000. Loss: 0.31595346331596375. Accuracy: 91.51600958396864. AUC-ROC: 0.9962. AUC-PR: 0.9939
Iteration: 37500. Loss: 0.2983519434928894. Accuracy: 91.9189719015465. AUC-ROC: 0.9952. AUC-PR: 0.9924
Iteration: 38000. Loss: 0.31256845593452454. Accuracy: 94.29318231322152. AUC-ROC: 0.9987. AUC-PR: 0.9978
Iteration: 38500. Loss: 0.3133659064769745. Accuracy: 91.62491831844913. AUC-ROC: 0.9959. AUC-PR: 0.9934
Iteration: 39000. Loss: 0.30343344807624817. Accuracy: 92.12589849705947. AUC-ROC: 0.9986. AUC-PR: 0.9978
Iteration: 39500. Loss: 0.2975781559944153. Accuracy: 92.027880636027. AUC-ROC: 0.9966. AUC-PR: 0.9944
Iteration: 40000. Loss: 0.28891944885253906. Accuracy: 93.13874972772817. AUC-ROC: 0.9995. AUC-PR: 0.9992
Iteration: 40500. Loss: 0.3199232518672943. Accuracy: 91.8536266608582. AUC-ROC: 0.9987. AUC-PR: 0.9979
Iteration: 41000. Loss: 0.31617599725723267. Accuracy: 91.42888259638423. AUC-ROC: 0.9987. AUC-PR: 0.9978
Iteration: 41500. Loss: 0.2746042013168335. Accuracy: 91.8754084077543. AUC-ROC: 0.9997. AUC-PR: 0.9994
Iteration: 42000. Loss: 0.2876656949520111. Accuracy: 91.75560879982575. AUC-ROC: 0.9993. AUC-PR: 0.9988
Iteration: 42500. Loss: 0.2723773717880249. Accuracy: 92.06055325637116. AUC-ROC: 0.9999. AUC-PR: 0.9998
Iteration: 43000. Loss: 0.2610684633255005. Accuracy: 91.7229361794816. AUC-ROC: 0.9998. AUC-PR: 0.9997
Iteration: 43500. Loss: 0.27286261320114136. Accuracy: 92.00609888913091. AUC-ROC: 0.9999. AUC-PR: 0.9999
Iteration: 44000. Loss: 0.2657991051673889. Accuracy: 93.12785885428012. AUC-ROC: 0.9998. AUC-PR: 0.9997
Iteration: 44500. Loss: 0.2826106548309326. Accuracy: 92.67044216946199. AUC-ROC: 0.9999. AUC-PR: 0.9998
Iteration: 45000. Loss: 0.26756373047828674. Accuracy: 91.73382705292964. AUC-ROC: 0.9999. AUC-PR: 0.9998
Iteration: 45500. Loss: 0.3020209074020386. Accuracy: 93.12785885428012. AUC-ROC: 0.9999. AUC-PR: 0.9998
Iteration: 46000. Loss: 0.25433290004730225. Accuracy: 93.18231322152036. AUC-ROC: 0.9999. AUC-PR: 0.9998
Iteration: 46500. Loss: 0.3093320429325104. Accuracy: 92.19124373774777. AUC-ROC: 0.9999. AUC-PR: 0.9998
Iteration: 47000. Loss: 0.24484999477863312. Accuracy: 92.16946199085167. AUC-ROC: 0.9999. AUC-PR: 0.9998
Iteration: 47500. Loss: 0.2601913809776306. Accuracy: 93.9446743628839. AUC-ROC: 0.9998. AUC-PR: 0.9996
Iteration: 48000. Loss: 0.26795804500579834. Accuracy: 93.32389457634503. AUC-ROC: 0.9998. AUC-PR: 0.9996
Iteration: 48500. Loss: 0.25208956003189087. Accuracy: 91.99520801568286. AUC-ROC: 0.9999. AUC-PR: 0.9998
Iteration: 49000. Loss: 0.2486974000930786. Accuracy: 93.33478544979307. AUC-ROC: 0.9999. AUC-PR: 0.9998
Iteration: 49500. Loss: 0.24136188626289368. Accuracy: 93.18231322152036. AUC-ROC: 0.9999. AUC-PR: 0.9998
Iteration: 50000. Loss: 0.2342819720506668. Accuracy: 93.28033108255282. AUC-ROC: 0.9999. AUC-PR: 0.9998
Iteration: 50500. Loss: 0.2527134418487549. Accuracy: 90.82988455674145. AUC-ROC: 0.9999. AUC-PR: 0.9999
Iteration: 51000. Loss: 0.232868954539299. Accuracy: 93.8793291221956. AUC-ROC: 0.9998. AUC-PR: 0.9997
Iteration: 51500. Loss: 0.22681985795497894. Accuracy: 91.7882814201699. AUC-ROC: 0.9999. AUC-PR: 0.9999
Iteration: 52000. Loss: 0.24702617526054382. Accuracy: 93.19320409496842. AUC-ROC: 0.9999. AUC-PR: 0.9998
Iteration: 52500. Loss: 0.25185951590538025. Accuracy: 94.42387279459813. AUC-ROC: 0.9998. AUC-PR: 0.9997
Iteration: 53000. Loss: 0.24833090603351593. Accuracy: 92.04966238292312. AUC-ROC: 0.9999. AUC-PR: 0.9998
Iteration: 53500. Loss: 0.2133236676454544. Accuracy: 92.95360487911131. AUC-ROC: 0.9999. AUC-PR: 0.9998
Iteration: 54000. Loss: 0.24277427792549133. Accuracy: 92.9971683729035. AUC-ROC: 0.9999. AUC-PR: 0.9998
Iteration: 54500. Loss: 0.22150927782058716. Accuracy: 92.85558701807885. AUC-ROC: 0.9999. AUC-PR: 0.9998
Iteration: 55000. Loss: 0.22183668613433838. Accuracy: 94.32585493356567. AUC-ROC: 0.9998. AUC-PR: 0.9997
Iteration: 55500. Loss: 0.2442600131034851. Accuracy: 93.19320409496842. AUC-ROC: 0.9998. AUC-PR: 0.9997
Iteration: 56000. Loss: 0.21034039556980133. Accuracy: 93.19320409496842. AUC-ROC: 0.9999. AUC-PR: 0.9998
Iteration: 56500. Loss: 0.20408906042575836. Accuracy: 93.29122195600087. AUC-ROC: 0.9998. AUC-PR: 0.9997
Iteration: 57000. Loss: 0.23657873272895813. Accuracy: 93.19320409496842. AUC-ROC: 0.9998. AUC-PR: 0.9997
Iteration: 57500. Loss: 0.20030111074447632. Accuracy: 91.61402744500108. AUC-ROC: 0.9999. AUC-PR: 0.9997
Iteration: 58000. Loss: 0.2212875932455063. Accuracy: 97.63668046177304. AUC-ROC: 0.9997. AUC-PR: 0.9994
Iteration: 58500. Loss: 0.19898134469985962. Accuracy: 92.57242430842953. AUC-ROC: 0.9997. AUC-PR: 0.9996
Iteration: 59000. Loss: 0.22064541280269623. Accuracy: 93.59616641254628. AUC-ROC: 0.9998. AUC-PR: 0.9996
Iteration: 59500. Loss: 0.19318965077400208. Accuracy: 93.24765846220868. AUC-ROC: 0.9998. AUC-PR: 0.9997
Iteration: 60000. Loss: 0.25997334718704224. Accuracy: 93.8357656284034. AUC-ROC: 0.9998. AUC-PR: 0.9996
Iteration: 60500. Loss: 0.18737298250198364. Accuracy: 93.93378348943585. AUC-ROC: 0.9998. AUC-PR: 0.9996
Iteration: 61000. Loss: 0.19171231985092163. Accuracy: 95.16445218906556. AUC-ROC: 0.9997. AUC-PR: 0.9996
Iteration: 61500. Loss: 0.21313977241516113. Accuracy: 91.53779133086474. AUC-ROC: 0.9999. AUC-PR: 0.9998
Iteration: 62000. Loss: 0.18885836005210876. Accuracy: 93.34567632324112. AUC-ROC: 0.9998. AUC-PR: 0.9997
Iteration: 62500. Loss: 0.19640181958675385. Accuracy: 94.06447397081246. AUC-ROC: 0.9998. AUC-PR: 0.9997
Iteration: 63000. Loss: 0.20480594038963318. Accuracy: 95.12088869527336. AUC-ROC: 0.9997. AUC-PR: 0.9995
Iteration: 63500. Loss: 0.18773967027664185. Accuracy: 93.30211282944892. AUC-ROC: 0.9998. AUC-PR: 0.9997
Iteration: 64000. Loss: 0.18570226430892944. Accuracy: 93.41102156392942. AUC-ROC: 0.9998. AUC-PR: 0.9997
Iteration: 64500. Loss: 0.17536285519599915. Accuracy: 93.63972990633849. AUC-ROC: 0.9998. AUC-PR: 0.9997
Iteration: 65000. Loss: 0.17900803685188293. Accuracy: 93.11696798083206. AUC-ROC: 0.9998. AUC-PR: 0.9997
Iteration: 65500. Loss: 0.17862370610237122. Accuracy: 92.30015247222828. AUC-ROC: 0.9999. AUC-PR: 0.9998
Iteration: 66000. Loss: 0.16978591680526733. Accuracy: 93.38923981703333. AUC-ROC: 0.9998. AUC-PR: 0.9997
Iteration: 66500. Loss: 0.1735871434211731. Accuracy: 93.31300370289698. AUC-ROC: 0.9998. AUC-PR: 0.9997
Iteration: 67000. Loss: 0.1686815619468689. Accuracy: 93.62883903289044. AUC-ROC: 0.9998. AUC-PR: 0.9997
Iteration: 67500. Loss: 0.17048946022987366. Accuracy: 93.9011108690917. AUC-ROC: 0.9998. AUC-PR: 0.9997
Iteration: 68000. Loss: 0.19156287610530853. Accuracy: 93.09518623393596. AUC-ROC: 0.9999. AUC-PR: 0.9998
Iteration: 68500. Loss: 0.17209133505821228. Accuracy: 93.37834894358528. AUC-ROC: 0.9998. AUC-PR: 0.9997
Iteration: 69000. Loss: 0.1772485375404358. Accuracy: 94.17338270529297. AUC-ROC: 0.9998. AUC-PR: 0.9996
Iteration: 69500. Loss: 0.16078421473503113. Accuracy: 93.43280331082553. AUC-ROC: 0.9998. AUC-PR: 0.9997
Iteration: 70000. Loss: 0.17254754900932312. Accuracy: 93.31300370289698. AUC-ROC: 0.9998. AUC-PR: 0.9997
Iteration: 70500. Loss: 0.1778986155986786. Accuracy: 92.8664778915269. AUC-ROC: 0.9998. AUC-PR: 0.9997
Iteration: 71000. Loss: 0.21262191236019135. Accuracy: 93.30211282944892. AUC-ROC: 0.9998. AUC-PR: 0.9997
Iteration: 71500. Loss: 0.19743040204048157. Accuracy: 97.71291657590939. AUC-ROC: 0.9996. AUC-PR: 0.9993

--- Model Training Complete ---

Model weights saved to  trained_model/lstm_model_weights_hidden32_50l.json
