libs loaded
device: cuda
starting...
data found
features split
features split
data loaded
about to enter training loop
Iteration: 500. Loss: 0.6099570989608765. Accuracy: 64.17036956757343. AUC-ROC: 0.9921. AUC-PR: 0.9728
Iteration: 1000. Loss: 0.5914864540100098. Accuracy: 64.17036956757343. AUC-ROC: 0.9938. AUC-PR: 0.9790
Iteration: 1500. Loss: 0.5338199138641357. Accuracy: 64.17036956757343. AUC-ROC: 0.9942. AUC-PR: 0.9775
Iteration: 2000. Loss: 0.5118651390075684. Accuracy: 64.17036956757343. AUC-ROC: 0.9992. AUC-PR: 0.9986
Iteration: 2500. Loss: 0.4912685453891754. Accuracy: 64.17036956757343. AUC-ROC: 0.9991. AUC-PR: 0.9984
Iteration: 3000. Loss: 0.4472837448120117. Accuracy: 98.2334453235071. AUC-ROC: 0.9991. AUC-PR: 0.9984
Iteration: 3500. Loss: 0.45137345790863037. Accuracy: 98.93789964235395. AUC-ROC: 0.9993. AUC-PR: 0.9988
Iteration: 4000. Loss: 0.40315401554107666. Accuracy: 98.15758101224667. AUC-ROC: 0.9995. AUC-PR: 0.9990
Iteration: 4500. Loss: 0.3748771548271179. Accuracy: 98.32014739351902. AUC-ROC: 0.9995. AUC-PR: 0.9991
Iteration: 5000. Loss: 0.3770219683647156. Accuracy: 98.2334453235071. AUC-ROC: 0.9995. AUC-PR: 0.9992
Iteration: 5500. Loss: 0.355600506067276. Accuracy: 98.42852498103392. AUC-ROC: 0.9995. AUC-PR: 0.9991
Iteration: 6000. Loss: 0.3641768991947174. Accuracy: 98.32014739351902. AUC-ROC: 0.9995. AUC-PR: 0.9991
Iteration: 6500. Loss: 0.31112760305404663. Accuracy: 97.95166359596836. AUC-ROC: 0.9995. AUC-PR: 0.9992
Iteration: 7000. Loss: 0.297152042388916. Accuracy: 98.60192912105776. AUC-ROC: 0.9996. AUC-PR: 0.9993
Iteration: 7500. Loss: 0.2885613739490509. Accuracy: 97.53982876341172. AUC-ROC: 0.9993. AUC-PR: 0.9987
Iteration: 8000. Loss: 0.2824929356575012. Accuracy: 98.68863119106969. AUC-ROC: 0.9996. AUC-PR: 0.9992
Iteration: 8500. Loss: 0.27333009243011475. Accuracy: 95.24222390809581. AUC-ROC: 0.9989. AUC-PR: 0.9982
Iteration: 9000. Loss: 0.234350323677063. Accuracy: 97.90831256096239. AUC-ROC: 0.9995. AUC-PR: 0.9990
Iteration: 9500. Loss: 0.2442379891872406. Accuracy: 97.79993497344749. AUC-ROC: 0.9995. AUC-PR: 0.9992
Iteration: 10000. Loss: 0.22566178441047668. Accuracy: 97.79993497344749. AUC-ROC: 0.9996. AUC-PR: 0.9994
Iteration: 10500. Loss: 0.21838165819644928. Accuracy: 96.683645822044. AUC-ROC: 0.9997. AUC-PR: 0.9995
Iteration: 11000. Loss: 0.20422688126564026. Accuracy: 95.45897908312561. AUC-ROC: 0.9998. AUC-PR: 0.9997
Iteration: 11500. Loss: 0.19653981924057007. Accuracy: 97.52899100466024. AUC-ROC: 0.9997. AUC-PR: 0.9996
Iteration: 12000. Loss: 0.21592974662780762. Accuracy: 96.00086702070011. AUC-ROC: 0.9998. AUC-PR: 0.9997
Iteration: 12500. Loss: 0.1782863885164261. Accuracy: 91.78497886637044. AUC-ROC: 0.9998. AUC-PR: 0.9997
Iteration: 13000. Loss: 0.16822688281536102. Accuracy: 94.31017665546764. AUC-ROC: 0.9999. AUC-PR: 0.9998
Iteration: 13500. Loss: 0.1577560305595398. Accuracy: 92.41356887395686. AUC-ROC: 0.9999. AUC-PR: 0.9998
Iteration: 14000. Loss: 0.16520637273788452. Accuracy: 92.33770456269643. AUC-ROC: 0.9998. AUC-PR: 0.9997
Iteration: 14500. Loss: 0.1860598623752594. Accuracy: 93.1505364690582. AUC-ROC: 0.9999. AUC-PR: 0.9998
Iteration: 15000. Loss: 0.16082799434661865. Accuracy: 92.39189335645389. AUC-ROC: 0.9998. AUC-PR: 0.9997
Iteration: 15500. Loss: 0.16435855627059937. Accuracy: 94.97127993930854. AUC-ROC: 0.9997. AUC-PR: 0.9996
Iteration: 16000. Loss: 0.15124200284481049. Accuracy: 92.55445973772623. AUC-ROC: 0.9999. AUC-PR: 0.9998
Iteration: 16500. Loss: 0.1649780124425888. Accuracy: 91.83916766012788. AUC-ROC: 0.9957. AUC-PR: 0.9638
Iteration: 17000. Loss: 0.12276257574558258. Accuracy: 92.21848921643004. AUC-ROC: 0.9999. AUC-PR: 0.9998
Iteration: 17500. Loss: 0.16741470992565155. Accuracy: 90.07261298363498. AUC-ROC: 0.9926. AUC-PR: 0.9460
Iteration: 18000. Loss: 0.11534903943538666. Accuracy: 90.3977457461797. AUC-ROC: 0.9934. AUC-PR: 0.9486
Iteration: 18500. Loss: 0.12989625334739685. Accuracy: 91.68743903760702. AUC-ROC: 0.9943. AUC-PR: 0.9537
Iteration: 19000. Loss: 0.1159726157784462. Accuracy: 91.57906145009213. AUC-ROC: 0.9940. AUC-PR: 0.9515
Iteration: 19500. Loss: 0.11873088777065277. Accuracy: 92.71702611899859. AUC-ROC: 0.9998. AUC-PR: 0.9973
Iteration: 20000. Loss: 0.14350244402885437. Accuracy: 96.69448358079549. AUC-ROC: 0.9998. AUC-PR: 0.9997
Iteration: 20500. Loss: 0.40164637565612793. Accuracy: 64.17036956757343. AUC-ROC: 0.9997. AUC-PR: 0.9995
Iteration: 21000. Loss: 0.1043303906917572. Accuracy: 91.87168093638236. AUC-ROC: 0.9936. AUC-PR: 0.9494
Iteration: 21500. Loss: 0.11409513652324677. Accuracy: 97.45312669339981. AUC-ROC: 0.9994. AUC-PR: 0.9990
Iteration: 22000. Loss: 0.09204035252332687. Accuracy: 91.47068386257722. AUC-ROC: 0.9996. AUC-PR: 0.9992
Iteration: 22500. Loss: 0.056350838392972946. Accuracy: 92.3810555977024. AUC-ROC: 0.9999. AUC-PR: 0.9998
Iteration: 23000. Loss: 0.3917458653450012. Accuracy: 64.17036956757343. AUC-ROC: 0.9995. AUC-PR: 0.9991
Iteration: 23500. Loss: 0.11344747245311737. Accuracy: 95.42646580687114. AUC-ROC: 0.9997. AUC-PR: 0.9995
Iteration: 24000. Loss: 0.1255142092704773. Accuracy: 90.45193453993714. AUC-ROC: 0.9996. AUC-PR: 0.9992
Iteration: 24500. Loss: 0.1467394232749939. Accuracy: 93.28058957407607. AUC-ROC: 0.9997. AUC-PR: 0.9995
Iteration: 25000. Loss: 0.11767828464508057. Accuracy: 88.64202882843828. AUC-ROC: 0.9992. AUC-PR: 0.9986
Iteration: 25500. Loss: 0.1349332183599472. Accuracy: 91.5898992088436. AUC-ROC: 0.9995. AUC-PR: 0.9991
Iteration: 26000. Loss: 0.11381559073925018. Accuracy: 87.05971605072071. AUC-ROC: 0.9995. AUC-PR: 0.9990
Iteration: 26500. Loss: 0.15140599012374878. Accuracy: 88.2843827896391. AUC-ROC: 0.9996. AUC-PR: 0.9994
Iteration: 27000. Loss: 0.055279430001974106. Accuracy: 90.31104367616777. AUC-ROC: 0.9987. AUC-PR: 0.9976
Iteration: 27500. Loss: 0.1280551254749298. Accuracy: 91.67660127885553. AUC-ROC: 0.9996. AUC-PR: 0.9993
Iteration: 28000. Loss: 0.10104566812515259. Accuracy: 91.44900834507423. AUC-ROC: 0.9995. AUC-PR: 0.9992
Iteration: 28500. Loss: 0.05723009258508682. Accuracy: 92.73870163650157. AUC-ROC: 0.9997. AUC-PR: 0.9995
Iteration: 29000. Loss: 0.09622952342033386. Accuracy: 96.96542754958274. AUC-ROC: 0.9994. AUC-PR: 0.9990
Iteration: 29500. Loss: 0.10371720045804977. Accuracy: 87.57992847079224. AUC-ROC: 0.9996. AUC-PR: 0.9994
Iteration: 30000. Loss: 0.09308133274316788. Accuracy: 91.10220006502655. AUC-ROC: 0.9990. AUC-PR: 0.9982
Iteration: 30500. Loss: 0.06862092018127441. Accuracy: 88.59867779343232. AUC-ROC: 0.9996. AUC-PR: 0.9993
Iteration: 31000. Loss: 0.054859310388565063. Accuracy: 91.45984610382573. AUC-ROC: 0.9996. AUC-PR: 0.9993
Iteration: 31500. Loss: 0.04825534671545029. Accuracy: 93.84415302915357. AUC-ROC: 0.9994. AUC-PR: 0.9990
Iteration: 32000. Loss: 0.09289621561765671. Accuracy: 91.53571041508616. AUC-ROC: 0.9990. AUC-PR: 0.9982
Iteration: 32500. Loss: 0.0904986709356308. Accuracy: 91.87168093638236. AUC-ROC: 0.9997. AUC-PR: 0.9994
Iteration: 33000. Loss: 0.050178706645965576. Accuracy: 91.32979299880785. AUC-ROC: 0.9996. AUC-PR: 0.9994
Iteration: 33500. Loss: 0.046420395374298096. Accuracy: 90.99382247751166. AUC-ROC: 0.9996. AUC-PR: 0.9993
Iteration: 34000. Loss: 0.06046034395694733. Accuracy: 88.4035981359055. AUC-ROC: 0.9991. AUC-PR: 0.9983
Iteration: 34500. Loss: 0.04772326350212097. Accuracy: 92.27267801018749. AUC-ROC: 0.9993. AUC-PR: 0.9988
Iteration: 35000. Loss: 0.08682884275913239. Accuracy: 89.0647014197464. AUC-ROC: 0.9997. AUC-PR: 0.9995
Iteration: 35500. Loss: 0.1277705729007721. Accuracy: 92.21848921643004. AUC-ROC: 0.9997. AUC-PR: 0.9994
Iteration: 36000. Loss: 0.042129673063755035. Accuracy: 92.32686680394494. AUC-ROC: 0.9991. AUC-PR: 0.9980
Iteration: 36500. Loss: 0.04575424641370773. Accuracy: 91.41649506881977. AUC-ROC: 0.9995. AUC-PR: 0.9992
Iteration: 37000. Loss: 0.09403885900974274. Accuracy: 96.54275495827463. AUC-ROC: 0.9992. AUC-PR: 0.9986
Iteration: 37500. Loss: 0.07726354151964188. Accuracy: 91.83916766012788. AUC-ROC: 0.9971. AUC-PR: 0.9856
Iteration: 38000. Loss: 0.33396774530410767. Accuracy: 64.17036956757343. AUC-ROC: 0.9996. AUC-PR: 0.9993
Iteration: 38500. Loss: 0.33329132199287415. Accuracy: 64.17036956757343. AUC-ROC: 0.9998. AUC-PR: 0.9997
Iteration: 39000. Loss: 0.25030818581581116. Accuracy: 64.17036956757343. AUC-ROC: 0.9999. AUC-PR: 0.9998
Iteration: 39500. Loss: 0.21797817945480347. Accuracy: 97.30139807087895. AUC-ROC: 0.9999. AUC-PR: 0.9998
Iteration: 40000. Loss: 0.18497294187545776. Accuracy: 97.63736859217514. AUC-ROC: 0.9999. AUC-PR: 0.9998
Iteration: 40500. Loss: 0.23176217079162598. Accuracy: 97.20385824211553. AUC-ROC: 0.9999. AUC-PR: 0.9998
Iteration: 41000. Loss: 0.17997509241104126. Accuracy: 95.78411184567031. AUC-ROC: 0.9999. AUC-PR: 0.9999
Iteration: 41500. Loss: 0.16699568927288055. Accuracy: 96.95458979083125. AUC-ROC: 0.9999. AUC-PR: 0.9998
Iteration: 42000. Loss: 0.16459861397743225. Accuracy: 96.85704996206785. AUC-ROC: 0.9999. AUC-PR: 0.9998
Iteration: 42500. Loss: 0.18568645417690277. Accuracy: 97.49647772840576. AUC-ROC: 0.9998. AUC-PR: 0.9996
Iteration: 43000. Loss: 0.15127693116664886. Accuracy: 96.41270185325675. AUC-ROC: 0.9999. AUC-PR: 0.9998
Iteration: 43500. Loss: 0.13864640891551971. Accuracy: 96.65113254578954. AUC-ROC: 0.9998. AUC-PR: 0.9997
Iteration: 44000. Loss: 0.13747847080230713. Accuracy: 96.8028611683104. AUC-ROC: 0.9999. AUC-PR: 0.9998
Iteration: 44500. Loss: 0.14077121019363403. Accuracy: 96.39102633575376. AUC-ROC: 0.9999. AUC-PR: 0.9998
Iteration: 45000. Loss: 0.15279875695705414. Accuracy: 95.90332719193671. AUC-ROC: 0.9999. AUC-PR: 0.9998
Iteration: 45500. Loss: 0.14222192764282227. Accuracy: 96.92207651457679. AUC-ROC: 0.9998. AUC-PR: 0.9997
Iteration: 46000. Loss: 0.13781680166721344. Accuracy: 96.56443047577761. AUC-ROC: 0.9999. AUC-PR: 0.9998
Iteration: 46500. Loss: 0.12812918424606323. Accuracy: 95.37227701311369. AUC-ROC: 0.9999. AUC-PR: 0.9998
Iteration: 47000. Loss: 0.12813101708889008. Accuracy: 96.42353961200824. AUC-ROC: 0.9998. AUC-PR: 0.9997
Iteration: 47500. Loss: 0.1336880326271057. Accuracy: 95.65405874065243. AUC-ROC: 0.9999. AUC-PR: 0.9998
Iteration: 48000. Loss: 0.11751340329647064. Accuracy: 96.79202340955891. AUC-ROC: 0.9998. AUC-PR: 0.9997
Iteration: 48500. Loss: 0.11592262983322144. Accuracy: 95.4698168418771. AUC-ROC: 0.9999. AUC-PR: 0.9998
Iteration: 49000. Loss: 0.13155671954154968. Accuracy: 96.83537444456486. AUC-ROC: 0.9998. AUC-PR: 0.9996
Iteration: 49500. Loss: 0.10728832334280014. Accuracy: 96.78118565080742. AUC-ROC: 0.9998. AUC-PR: 0.9996
Iteration: 50000. Loss: 0.10919645428657532. Accuracy: 95.81662512192479. AUC-ROC: 0.9999. AUC-PR: 0.9998
Iteration: 50500. Loss: 0.1073671504855156. Accuracy: 95.70824753440988. AUC-ROC: 0.9999. AUC-PR: 0.9998
Iteration: 51000. Loss: 0.10471238940954208. Accuracy: 96.87872547957082. AUC-ROC: 0.9998. AUC-PR: 0.9996
Iteration: 51500. Loss: 0.11771092563867569. Accuracy: 95.7949496044218. AUC-ROC: 0.9998. AUC-PR: 0.9997
Iteration: 52000. Loss: 0.1274762898683548. Accuracy: 96.43437737075973. AUC-ROC: 0.9998. AUC-PR: 0.9997
Iteration: 52500. Loss: 0.1474790722131729. Accuracy: 96.5752682345291. AUC-ROC: 0.9998. AUC-PR: 0.9997
Iteration: 53000. Loss: 0.10156330466270447. Accuracy: 96.12008236696651. AUC-ROC: 0.9998. AUC-PR: 0.9997
Iteration: 53500. Loss: 0.09551498293876648. Accuracy: 96.0117047794516. AUC-ROC: 0.9998. AUC-PR: 0.9997
Iteration: 54000. Loss: 0.09635326266288757. Accuracy: 95.95751598569416. AUC-ROC: 0.9998. AUC-PR: 0.9997
Iteration: 54500. Loss: 0.09946271032094955. Accuracy: 93.44315595534843. AUC-ROC: 0.9999. AUC-PR: 0.9998
Iteration: 55000. Loss: 0.09867843985557556. Accuracy: 97.00877858458871. AUC-ROC: 0.9997. AUC-PR: 0.9995
Iteration: 55500. Loss: 0.1237206980586052. Accuracy: 94.78703804053322. AUC-ROC: 0.9999. AUC-PR: 0.9998
Iteration: 56000. Loss: 0.09469016641378403. Accuracy: 96.08756909071204. AUC-ROC: 0.9998. AUC-PR: 0.9997
Iteration: 56500. Loss: 0.09926305711269379. Accuracy: 93.41064267909397. AUC-ROC: 0.9999. AUC-PR: 0.9998
Iteration: 57000. Loss: 0.0896887332201004. Accuracy: 95.6974097756584. AUC-ROC: 0.9998. AUC-PR: 0.9996
Iteration: 57500. Loss: 0.10090084373950958. Accuracy: 93.95253061666847. AUC-ROC: 0.9999. AUC-PR: 0.9998
Iteration: 58000. Loss: 0.11056718230247498. Accuracy: 96.51024168202015. AUC-ROC: 0.9998. AUC-PR: 0.9996
Iteration: 58500. Loss: 0.0814376026391983. Accuracy: 94.67866045301831. AUC-ROC: 0.9999. AUC-PR: 0.9998
Iteration: 59000. Loss: 0.08875606954097748. Accuracy: 96.07673133196054. AUC-ROC: 0.9998. AUC-PR: 0.9997
Iteration: 59500. Loss: 0.10969540476799011. Accuracy: 94.85206459304216. AUC-ROC: 0.9999. AUC-PR: 0.9998
Iteration: 60000. Loss: 0.0840623676776886. Accuracy: 96.18510891947545. AUC-ROC: 0.9998. AUC-PR: 0.9997
Iteration: 60500. Loss: 0.07905983179807663. Accuracy: 93.74661320039016. AUC-ROC: 0.9999. AUC-PR: 0.9998
Iteration: 61000. Loss: 0.10127697885036469. Accuracy: 97.09548065460064. AUC-ROC: 0.9997. AUC-PR: 0.9995
Iteration: 61500. Loss: 0.15688440203666687. Accuracy: 94.35352769047361. AUC-ROC: 0.9998. AUC-PR: 0.9997
Iteration: 62000. Loss: 0.1096043810248375. Accuracy: 95.025468733066. AUC-ROC: 0.9998. AUC-PR: 0.9997
Iteration: 62500. Loss: 0.07822874188423157. Accuracy: 95.23138614934432. AUC-ROC: 0.9998. AUC-PR: 0.9997
Iteration: 63000. Loss: 0.07281570136547089. Accuracy: 96.15259564322098. AUC-ROC: 0.9998. AUC-PR: 0.9997
Iteration: 63500. Loss: 0.07343967258930206. Accuracy: 94.1476102741953. AUC-ROC: 0.9998. AUC-PR: 0.9997
Iteration: 64000. Loss: 0.07208378612995148. Accuracy: 92.90126801777393. AUC-ROC: 0.9999. AUC-PR: 0.9998
Iteration: 64500. Loss: 0.1131892055273056. Accuracy: 94.47274303674. AUC-ROC: 0.9999. AUC-PR: 0.9997
Iteration: 65000. Loss: 0.07646966725587845. Accuracy: 94.23431234420721. AUC-ROC: 0.9999. AUC-PR: 0.9998
Iteration: 65500. Loss: 0.08098886907100677. Accuracy: 93.7140999241357. AUC-ROC: 0.9999. AUC-PR: 0.9998
Iteration: 66000. Loss: 0.07449531555175781. Accuracy: 92.814565947762. AUC-ROC: 0.9999. AUC-PR: 0.9998
Iteration: 66500. Loss: 0.10816026479005814. Accuracy: 94.39687872547957. AUC-ROC: 0.9998. AUC-PR: 0.9996
Iteration: 67000. Loss: 0.07385976612567902. Accuracy: 93.69242440663271. AUC-ROC: 0.9999. AUC-PR: 0.9998
Iteration: 67500. Loss: 0.06573666632175446. Accuracy: 96.0117047794516. AUC-ROC: 0.9998. AUC-PR: 0.9996
Iteration: 68000. Loss: 0.10070428997278214. Accuracy: 94.86290235179365. AUC-ROC: 0.9998. AUC-PR: 0.9997
Iteration: 68500. Loss: 0.09793362021446228. Accuracy: 95.43730356562263. AUC-ROC: 0.9997. AUC-PR: 0.9996
Iteration: 69000. Loss: 0.10669863969087601. Accuracy: 94.45106751923703. AUC-ROC: 0.9997. AUC-PR: 0.9995
Iteration: 69500. Loss: 0.07010500878095627. Accuracy: 93.54069578411185. AUC-ROC: 0.9999. AUC-PR: 0.9997
Iteration: 70000. Loss: 0.07147582620382309. Accuracy: 93.82247751165059. AUC-ROC: 0.9998. AUC-PR: 0.9997
Iteration: 70500. Loss: 0.1055167019367218. Accuracy: 95.43730356562263. AUC-ROC: 0.9997. AUC-PR: 0.9995
Iteration: 71000. Loss: 0.07047180086374283. Accuracy: 94.42939200173404. AUC-ROC: 0.9998. AUC-PR: 0.9997
Iteration: 71500. Loss: 0.10191775858402252. Accuracy: 93.87666630540804. AUC-ROC: 0.9998. AUC-PR: 0.9996
Iteration: 72000. Loss: 0.05917544290423393. Accuracy: 95.00379321556302. AUC-ROC: 0.9999. AUC-PR: 0.9998

--- Model Training Complete ---

Model weights saved to  trained_model/lstm_model_weights_hidden32_5l.json
