libs loaded
device: cuda
starting...
data found
features split
features split
data loaded
about to enter training loop
Iteration: 500. Loss: 0.7164604663848877. Accuracy: 64.20516157015831. AUC-ROC: 0.5000. AUC-PR: 0.6790
Iteration: 1000. Loss: 0.6808959245681763. Accuracy: 64.20516157015831. AUC-ROC: 0.5000. AUC-PR: 0.6790
Iteration: 1500. Loss: 0.6627142429351807. Accuracy: 64.20516157015831. AUC-ROC: 0.5000. AUC-PR: 0.6790
Iteration: 2000. Loss: 0.6853891611099243. Accuracy: 64.20516157015831. AUC-ROC: 0.5000. AUC-PR: 0.6790
Iteration: 2500. Loss: 0.7016069293022156. Accuracy: 64.20516157015831. AUC-ROC: 0.5000. AUC-PR: 0.6790
Iteration: 3000. Loss: 0.7161214351654053. Accuracy: 64.20516157015831. AUC-ROC: 0.5000. AUC-PR: 0.6790
Iteration: 3500. Loss: 0.7216783761978149. Accuracy: 64.20516157015831. AUC-ROC: 0.5000. AUC-PR: 0.6790
Iteration: 4000. Loss: 0.7129018306732178. Accuracy: 64.20516157015831. AUC-ROC: 0.5000. AUC-PR: 0.6790
Iteration: 4500. Loss: 0.8021907210350037. Accuracy: 64.20516157015831. AUC-ROC: 0.5000. AUC-PR: 0.6790
Iteration: 5000. Loss: 0.6979013681411743. Accuracy: 64.20516157015831. AUC-ROC: 0.5000. AUC-PR: 0.6790
Iteration: 5500. Loss: 0.7060218453407288. Accuracy: 64.20516157015831. AUC-ROC: 0.5000. AUC-PR: 0.6790
Iteration: 6000. Loss: 0.6779691576957703. Accuracy: 64.20516157015831. AUC-ROC: 0.5000. AUC-PR: 0.6790
Iteration: 6500. Loss: 0.7092951536178589. Accuracy: 64.20516157015831. AUC-ROC: 0.5000. AUC-PR: 0.6790
Iteration: 7000. Loss: 0.7032995820045471. Accuracy: 64.20516157015831. AUC-ROC: 0.5000. AUC-PR: 0.6790
Iteration: 7500. Loss: 0.704814076423645. Accuracy: 64.20516157015831. AUC-ROC: 0.5000. AUC-PR: 0.6790
Iteration: 8000. Loss: 0.7082090377807617. Accuracy: 64.20516157015831. AUC-ROC: 0.5000. AUC-PR: 0.6790
Iteration: 8500. Loss: 0.6991745233535767. Accuracy: 64.20516157015831. AUC-ROC: 0.5000. AUC-PR: 0.6790
Iteration: 9000. Loss: 0.6350377798080444. Accuracy: 64.20516157015831. AUC-ROC: 0.5000. AUC-PR: 0.6790
Iteration: 9500. Loss: 0.6964834928512573. Accuracy: 64.20516157015831. AUC-ROC: 0.5000. AUC-PR: 0.6790
Iteration: 10000. Loss: 0.7045006155967712. Accuracy: 64.20516157015831. AUC-ROC: 0.5000. AUC-PR: 0.6790
Iteration: 10500. Loss: 0.7021602392196655. Accuracy: 64.20516157015831. AUC-ROC: 0.5000. AUC-PR: 0.6790
Iteration: 11000. Loss: 0.6927770376205444. Accuracy: 64.20516157015831. AUC-ROC: 0.5000. AUC-PR: 0.6790
Iteration: 11500. Loss: 0.6954700946807861. Accuracy: 64.20516157015831. AUC-ROC: 0.5000. AUC-PR: 0.6790
Iteration: 12000. Loss: 0.6914250254631042. Accuracy: 64.20516157015831. AUC-ROC: 0.5000. AUC-PR: 0.6790
Iteration: 12500. Loss: 0.6926842331886292. Accuracy: 64.20516157015831. AUC-ROC: 0.5000. AUC-PR: 0.6790
Iteration: 13000. Loss: 0.6937885284423828. Accuracy: 64.20516157015831. AUC-ROC: 0.5000. AUC-PR: 0.6790
Iteration: 13500. Loss: 0.7268461585044861. Accuracy: 64.20516157015831. AUC-ROC: 0.5000. AUC-PR: 0.6790
Iteration: 14000. Loss: 0.6974208950996399. Accuracy: 64.20516157015831. AUC-ROC: 0.5000. AUC-PR: 0.6790
Iteration: 14500. Loss: 0.6953095197677612. Accuracy: 64.20516157015831. AUC-ROC: 0.5000. AUC-PR: 0.6790
Iteration: 15000. Loss: 0.6918580532073975. Accuracy: 64.20516157015831. AUC-ROC: 0.5000. AUC-PR: 0.6790
Iteration: 15500. Loss: 0.693428635597229. Accuracy: 64.20516157015831. AUC-ROC: 0.5000. AUC-PR: 0.6790
Iteration: 16000. Loss: 0.6954110264778137. Accuracy: 64.20516157015831. AUC-ROC: 0.5000. AUC-PR: 0.6790
Iteration: 16500. Loss: 0.6939700841903687. Accuracy: 64.20516157015831. AUC-ROC: 0.5000. AUC-PR: 0.6790
Iteration: 17000. Loss: 0.6989156007766724. Accuracy: 64.20516157015831. AUC-ROC: 0.5000. AUC-PR: 0.6790
Iteration: 17500. Loss: 0.6917270421981812. Accuracy: 64.20516157015831. AUC-ROC: 0.5000. AUC-PR: 0.6790
Iteration: 18000. Loss: 0.6779688596725464. Accuracy: 64.20516157015831. AUC-ROC: 0.5000. AUC-PR: 0.6790
Iteration: 18500. Loss: 0.6945431232452393. Accuracy: 64.20516157015831. AUC-ROC: 0.5000. AUC-PR: 0.6790
Iteration: 19000. Loss: 0.6951846480369568. Accuracy: 64.20516157015831. AUC-ROC: 0.5000. AUC-PR: 0.6790
Iteration: 19500. Loss: 0.6928684115409851. Accuracy: 64.20516157015831. AUC-ROC: 0.5000. AUC-PR: 0.6790
Iteration: 20000. Loss: 0.6943726539611816. Accuracy: 64.20516157015831. AUC-ROC: 0.5000. AUC-PR: 0.6790
Iteration: 20500. Loss: 0.6934249401092529. Accuracy: 64.20516157015831. AUC-ROC: 0.5000. AUC-PR: 0.6790
Iteration: 21000. Loss: 0.6919116973876953. Accuracy: 64.20516157015831. AUC-ROC: 0.5000. AUC-PR: 0.6790
Iteration: 21500. Loss: 0.6928113698959351. Accuracy: 64.20516157015831. AUC-ROC: 0.5000. AUC-PR: 0.6790
Iteration: 22000. Loss: 0.6931577920913696. Accuracy: 64.20516157015831. AUC-ROC: 0.5000. AUC-PR: 0.6790
Iteration: 22500. Loss: 0.6967901587486267. Accuracy: 64.20516157015831. AUC-ROC: 0.5000. AUC-PR: 0.6790
Iteration: 23000. Loss: 0.693709135055542. Accuracy: 64.20516157015831. AUC-ROC: 0.5000. AUC-PR: 0.6790
Iteration: 23500. Loss: 0.6933716535568237. Accuracy: 64.20516157015831. AUC-ROC: 0.5000. AUC-PR: 0.6790
Iteration: 24000. Loss: 0.6930702924728394. Accuracy: 64.20516157015831. AUC-ROC: 0.5000. AUC-PR: 0.6790
Iteration: 24500. Loss: 0.6931474208831787. Accuracy: 64.20516157015831. AUC-ROC: 0.5000. AUC-PR: 0.6790
Iteration: 25000. Loss: 0.6931480169296265. Accuracy: 64.20516157015831. AUC-ROC: 0.5000. AUC-PR: 0.6790
Iteration: 25500. Loss: 0.6927510499954224. Accuracy: 64.20516157015831. AUC-ROC: 0.5000. AUC-PR: 0.6790
Iteration: 26000. Loss: 0.6929135918617249. Accuracy: 64.20516157015831. AUC-ROC: 0.5000. AUC-PR: 0.6790
Iteration: 26500. Loss: 0.6928400993347168. Accuracy: 64.20516157015831. AUC-ROC: 0.5000. AUC-PR: 0.6790
Iteration: 27000. Loss: 0.6968749761581421. Accuracy: 64.20516157015831. AUC-ROC: 0.5000. AUC-PR: 0.6790
Iteration: 27500. Loss: 0.6930251121520996. Accuracy: 64.20516157015831. AUC-ROC: 0.5000. AUC-PR: 0.6790
Iteration: 28000. Loss: 0.6924042701721191. Accuracy: 64.20516157015831. AUC-ROC: 0.5000. AUC-PR: 0.6790
Iteration: 28500. Loss: 0.6928184032440186. Accuracy: 64.20516157015831. AUC-ROC: 0.5000. AUC-PR: 0.6790
Iteration: 29000. Loss: 0.6925925612449646. Accuracy: 64.20516157015831. AUC-ROC: 0.5000. AUC-PR: 0.6790
Iteration: 29500. Loss: 0.6927596926689148. Accuracy: 64.20516157015831. AUC-ROC: 0.5000. AUC-PR: 0.6790
Iteration: 30000. Loss: 0.6933795213699341. Accuracy: 64.20516157015831. AUC-ROC: 0.5000. AUC-PR: 0.6790
Iteration: 30500. Loss: 0.692952573299408. Accuracy: 64.20516157015831. AUC-ROC: 0.5000. AUC-PR: 0.6790
Iteration: 31000. Loss: 0.6931763887405396. Accuracy: 64.20516157015831. AUC-ROC: 0.5000. AUC-PR: 0.6790
Iteration: 31500. Loss: 0.6851449012756348. Accuracy: 64.20516157015831. AUC-ROC: 0.5000. AUC-PR: 0.6790
Iteration: 32000. Loss: 0.6926455497741699. Accuracy: 64.20516157015831. AUC-ROC: 0.5000. AUC-PR: 0.6790
Iteration: 32500. Loss: 0.6934747695922852. Accuracy: 64.20516157015831. AUC-ROC: 0.5000. AUC-PR: 0.6790
Iteration: 33000. Loss: 0.6943569779396057. Accuracy: 64.20516157015831. AUC-ROC: 0.5000. AUC-PR: 0.6790
Iteration: 33500. Loss: 0.69228196144104. Accuracy: 64.20516157015831. AUC-ROC: 0.5000. AUC-PR: 0.6790
Iteration: 34000. Loss: 0.6928828954696655. Accuracy: 64.20516157015831. AUC-ROC: 0.5000. AUC-PR: 0.6790
Iteration: 34500. Loss: 0.6954929828643799. Accuracy: 64.20516157015831. AUC-ROC: 0.5000. AUC-PR: 0.6790
Iteration: 35000. Loss: 0.6932041645050049. Accuracy: 64.20516157015831. AUC-ROC: 0.5000. AUC-PR: 0.6790
Iteration: 35500. Loss: 0.693541944026947. Accuracy: 64.20516157015831. AUC-ROC: 0.5000. AUC-PR: 0.6790
Iteration: 36000. Loss: 0.6821590065956116. Accuracy: 64.20516157015831. AUC-ROC: 0.5000. AUC-PR: 0.6790
Iteration: 36500. Loss: 0.6925031542778015. Accuracy: 64.20516157015831. AUC-ROC: 0.5000. AUC-PR: 0.6790
Iteration: 37000. Loss: 0.6902945041656494. Accuracy: 64.20516157015831. AUC-ROC: 0.5000. AUC-PR: 0.6790
Iteration: 37500. Loss: 0.6921172142028809. Accuracy: 64.20516157015831. AUC-ROC: 0.5000. AUC-PR: 0.6790
Iteration: 38000. Loss: 0.6928455829620361. Accuracy: 64.20516157015831. AUC-ROC: 0.5000. AUC-PR: 0.6790
Iteration: 38500. Loss: 0.6913347840309143. Accuracy: 64.20516157015831. AUC-ROC: 0.5000. AUC-PR: 0.6790
Iteration: 39000. Loss: 0.6920692920684814. Accuracy: 64.20516157015831. AUC-ROC: 0.5000. AUC-PR: 0.6790
Iteration: 39500. Loss: 0.694381833076477. Accuracy: 64.20516157015831. AUC-ROC: 0.5000. AUC-PR: 0.6790
Iteration: 40000. Loss: 0.692029595375061. Accuracy: 64.20516157015831. AUC-ROC: 0.5000. AUC-PR: 0.6790
Iteration: 40500. Loss: 0.6805459856987. Accuracy: 64.20516157015831. AUC-ROC: 0.5000. AUC-PR: 0.6790
Iteration: 41000. Loss: 0.6920297741889954. Accuracy: 64.20516157015831. AUC-ROC: 0.5000. AUC-PR: 0.6790
Iteration: 41500. Loss: 0.6944223642349243. Accuracy: 64.20516157015831. AUC-ROC: 0.5000. AUC-PR: 0.6790
Iteration: 42000. Loss: 0.6948399543762207. Accuracy: 64.20516157015831. AUC-ROC: 0.5000. AUC-PR: 0.6790
Iteration: 42500. Loss: 0.69364333152771. Accuracy: 64.20516157015831. AUC-ROC: 0.5000. AUC-PR: 0.6790
Iteration: 43000. Loss: 0.691968560218811. Accuracy: 64.20516157015831. AUC-ROC: 0.5000. AUC-PR: 0.6790
Iteration: 43500. Loss: 0.6915408968925476. Accuracy: 64.20516157015831. AUC-ROC: 0.5000. AUC-PR: 0.6790
Iteration: 44000. Loss: 0.6966316103935242. Accuracy: 64.20516157015831. AUC-ROC: 0.5000. AUC-PR: 0.6790
Iteration: 44500. Loss: 0.6936707496643066. Accuracy: 64.20516157015831. AUC-ROC: 0.5000. AUC-PR: 0.6790
Iteration: 45000. Loss: 0.6796748042106628. Accuracy: 64.20516157015831. AUC-ROC: 0.5000. AUC-PR: 0.6790
Iteration: 45500. Loss: 0.6915402412414551. Accuracy: 64.20516157015831. AUC-ROC: 0.5000. AUC-PR: 0.6790
Iteration: 46000. Loss: 0.6915566921234131. Accuracy: 64.20516157015831. AUC-ROC: 0.5000. AUC-PR: 0.6790
Iteration: 46500. Loss: 0.6915386915206909. Accuracy: 64.20516157015831. AUC-ROC: 0.5000. AUC-PR: 0.6790
Iteration: 47000. Loss: 0.6940883994102478. Accuracy: 64.20516157015831. AUC-ROC: 0.5000. AUC-PR: 0.6790
Iteration: 47500. Loss: 0.692813515663147. Accuracy: 64.20516157015831. AUC-ROC: 0.5000. AUC-PR: 0.6790
Iteration: 48000. Loss: 0.6932404041290283. Accuracy: 64.20516157015831. AUC-ROC: 0.5000. AUC-PR: 0.6790
Iteration: 48500. Loss: 0.6932429075241089. Accuracy: 64.20516157015831. AUC-ROC: 0.5000. AUC-PR: 0.6790
Iteration: 49000. Loss: 0.6923815011978149. Accuracy: 64.20516157015831. AUC-ROC: 0.5000. AUC-PR: 0.6790
Iteration: 49500. Loss: 0.6791951656341553. Accuracy: 64.20516157015831. AUC-ROC: 0.5000. AUC-PR: 0.6790
Iteration: 50000. Loss: 0.6949893832206726. Accuracy: 64.20516157015831. AUC-ROC: 0.5000. AUC-PR: 0.6790
Iteration: 50500. Loss: 0.6906263828277588. Accuracy: 64.20516157015831. AUC-ROC: 0.5000. AUC-PR: 0.6790
Iteration: 51000. Loss: 0.6941348910331726. Accuracy: 64.20516157015831. AUC-ROC: 0.5000. AUC-PR: 0.6790
Iteration: 51500. Loss: 0.6928027272224426. Accuracy: 64.20516157015831. AUC-ROC: 0.5000. AUC-PR: 0.6790
Iteration: 52000. Loss: 0.6910439729690552. Accuracy: 64.20516157015831. AUC-ROC: 0.5000. AUC-PR: 0.6790
Iteration: 52500. Loss: 0.6945735216140747. Accuracy: 64.20516157015831. AUC-ROC: 0.5000. AUC-PR: 0.6790
Iteration: 53000. Loss: 0.6909916400909424. Accuracy: 64.20516157015831. AUC-ROC: 0.5000. AUC-PR: 0.6790
Iteration: 53500. Loss: 0.6914533972740173. Accuracy: 64.20516157015831. AUC-ROC: 0.5000. AUC-PR: 0.6790
Iteration: 54000. Loss: 0.6787503361701965. Accuracy: 64.20516157015831. AUC-ROC: 0.5000. AUC-PR: 0.6790
Iteration: 54500. Loss: 0.6941500902175903. Accuracy: 64.20516157015831. AUC-ROC: 0.5000. AUC-PR: 0.6790
Iteration: 55000. Loss: 0.6923568844795227. Accuracy: 64.20516157015831. AUC-ROC: 0.5000. AUC-PR: 0.6790
Iteration: 55500. Loss: 0.6945716142654419. Accuracy: 64.20516157015831. AUC-ROC: 0.5000. AUC-PR: 0.6790
Iteration: 56000. Loss: 0.6932486295700073. Accuracy: 64.20516157015831. AUC-ROC: 0.5000. AUC-PR: 0.6790
Iteration: 56500. Loss: 0.6901949644088745. Accuracy: 64.20516157015831. AUC-ROC: 0.5000. AUC-PR: 0.6790
Iteration: 57000. Loss: 0.6905968189239502. Accuracy: 64.20516157015831. AUC-ROC: 0.5000. AUC-PR: 0.6790
Iteration: 57500. Loss: 0.6950239539146423. Accuracy: 64.20516157015831. AUC-ROC: 0.5000. AUC-PR: 0.6790
Iteration: 58000. Loss: 0.6950312256813049. Accuracy: 64.20516157015831. AUC-ROC: 0.5000. AUC-PR: 0.6790
Iteration: 58500. Loss: 0.7075836658477783. Accuracy: 64.20516157015831. AUC-ROC: 0.5000. AUC-PR: 0.6790
Iteration: 59000. Loss: 0.6941449046134949. Accuracy: 64.20516157015831. AUC-ROC: 0.5000. AUC-PR: 0.6790
Iteration: 59500. Loss: 0.6932500600814819. Accuracy: 64.20516157015831. AUC-ROC: 0.5000. AUC-PR: 0.6790
Iteration: 60000. Loss: 0.6910305023193359. Accuracy: 64.20516157015831. AUC-ROC: 0.5000. AUC-PR: 0.6790
Iteration: 60500. Loss: 0.6901184320449829. Accuracy: 64.20516157015831. AUC-ROC: 0.5000. AUC-PR: 0.6790
Iteration: 61000. Loss: 0.694612979888916. Accuracy: 64.20516157015831. AUC-ROC: 0.5000. AUC-PR: 0.6790
Iteration: 61500. Loss: 0.6941415071487427. Accuracy: 64.20516157015831. AUC-ROC: 0.5000. AUC-PR: 0.6790
Iteration: 62000. Loss: 0.6941491365432739. Accuracy: 64.20516157015831. AUC-ROC: 0.5000. AUC-PR: 0.6790
Iteration: 62500. Loss: 0.6923426389694214. Accuracy: 64.20516157015831. AUC-ROC: 0.5000. AUC-PR: 0.6790
Iteration: 63000. Loss: 0.6787455677986145. Accuracy: 64.20516157015831. AUC-ROC: 0.5000. AUC-PR: 0.6790
Iteration: 63500. Loss: 0.6905340552330017. Accuracy: 64.20516157015831. AUC-ROC: 0.5000. AUC-PR: 0.6790
Iteration: 64000. Loss: 0.695563018321991. Accuracy: 64.20516157015831. AUC-ROC: 0.5000. AUC-PR: 0.6790
Iteration: 64500. Loss: 0.6927949786186218. Accuracy: 64.20516157015831. AUC-ROC: 0.5000. AUC-PR: 0.6790
Iteration: 65000. Loss: 0.6927965879440308. Accuracy: 64.20516157015831. AUC-ROC: 0.5000. AUC-PR: 0.6790
Iteration: 65500. Loss: 0.6964931488037109. Accuracy: 64.20516157015831. AUC-ROC: 0.5000. AUC-PR: 0.6790
Iteration: 66000. Loss: 0.6918676495552063. Accuracy: 64.20516157015831. AUC-ROC: 0.5000. AUC-PR: 0.6790
Iteration: 66500. Loss: 0.689995288848877. Accuracy: 64.20516157015831. AUC-ROC: 0.5000. AUC-PR: 0.6790
Iteration: 67000. Loss: 0.6932641267776489. Accuracy: 64.20516157015831. AUC-ROC: 0.5000. AUC-PR: 0.6790
Iteration: 67500. Loss: 0.677823543548584. Accuracy: 64.20516157015831. AUC-ROC: 0.5000. AUC-PR: 0.6790
Iteration: 68000. Loss: 0.6932677030563354. Accuracy: 64.20516157015831. AUC-ROC: 0.5000. AUC-PR: 0.6790
Iteration: 68500. Loss: 0.6961151957511902. Accuracy: 64.20516157015831. AUC-ROC: 0.5000. AUC-PR: 0.6790
Iteration: 69000. Loss: 0.6923027634620667. Accuracy: 64.20516157015831. AUC-ROC: 0.5000. AUC-PR: 0.6790
Iteration: 69500. Loss: 0.6932663917541504. Accuracy: 64.20516157015831. AUC-ROC: 0.5000. AUC-PR: 0.6790
Iteration: 70000. Loss: 0.6912970542907715. Accuracy: 64.20516157015831. AUC-ROC: 0.5000. AUC-PR: 0.6790
Iteration: 70500. Loss: 0.6927763223648071. Accuracy: 64.20516157015831. AUC-ROC: 0.5000. AUC-PR: 0.6790
Iteration: 71000. Loss: 0.6997626423835754. Accuracy: 64.20516157015831. AUC-ROC: 0.5000. AUC-PR: 0.6790
Iteration: 71500. Loss: 0.6947912573814392. Accuracy: 64.20516157015831. AUC-ROC: 0.5000. AUC-PR: 0.6790
Iteration: 72000. Loss: 0.6772635579109192. Accuracy: 64.20516157015831. AUC-ROC: 0.5000. AUC-PR: 0.6790

--- Model Training Complete ---

Model weights saved to  trained_model/lstm_model_weights_hidden4.json
