libs loaded
device: cuda
starting...
train path: train_data/train_sequences_0_160l.pt
test path: test_data/test_sequences_0_160l.pt
data found
features split
features split
data loaded
about to enter training loop
Iteration: 500. Loss: 0.6169933676719666. Accuracy: 65.26675485008818. AUC-ROC: 0.9993. AUC-PR: 0.9988
Iteration: 1000. Loss: 0.5736491680145264. Accuracy: 65.26675485008818. AUC-ROC: 0.9979. AUC-PR: 0.9963
Iteration: 1500. Loss: 0.5333983898162842. Accuracy: 65.26675485008818. AUC-ROC: 0.9954. AUC-PR: 0.9925
Iteration: 2000. Loss: 0.492607444524765. Accuracy: 65.26675485008818. AUC-ROC: 0.9950. AUC-PR: 0.9921
Iteration: 2500. Loss: 0.4627548158168793. Accuracy: 65.26675485008818. AUC-ROC: 0.9987. AUC-PR: 0.9980
Iteration: 3000. Loss: 0.4289255738258362. Accuracy: 65.26675485008818. AUC-ROC: 0.9996. AUC-PR: 0.9993
Iteration: 3500. Loss: 0.4040174186229706. Accuracy: 65.92813051146385. AUC-ROC: 0.9994. AUC-PR: 0.9991
Iteration: 4000. Loss: 0.37229931354522705. Accuracy: 99.58112874779542. AUC-ROC: 0.9999. AUC-PR: 0.9998
Iteration: 4500. Loss: 0.374630331993103. Accuracy: 100.0. AUC-ROC: 1.0000. AUC-PR: 1.0000
Iteration: 5000. Loss: 0.3467620313167572. Accuracy: 100.0. AUC-ROC: 1.0000. AUC-PR: 1.0000
Iteration: 5500. Loss: 0.3151478171348572. Accuracy: 100.0. AUC-ROC: 1.0000. AUC-PR: 1.0000
Iteration: 6000. Loss: 0.3121549189090729. Accuracy: 100.0. AUC-ROC: 1.0000. AUC-PR: 1.0000
Iteration: 6500. Loss: 0.2909550070762634. Accuracy: 99.95590828924162. AUC-ROC: 1.0000. AUC-PR: 1.0000
Iteration: 7000. Loss: 0.2884882688522339. Accuracy: 98.69929453262786. AUC-ROC: 1.0000. AUC-PR: 1.0000
Iteration: 7500. Loss: 0.25106674432754517. Accuracy: 98.8205467372134. AUC-ROC: 1.0000. AUC-PR: 1.0000
Iteration: 8000. Loss: 0.2420823574066162. Accuracy: 98.2253086419753. AUC-ROC: 1.0000. AUC-PR: 1.0000
Iteration: 8500. Loss: 0.21793460845947266. Accuracy: 97.34347442680776. AUC-ROC: 1.0000. AUC-PR: 1.0000
Iteration: 9000. Loss: 0.23433354496955872. Accuracy: 96.93562610229277. AUC-ROC: 1.0000. AUC-PR: 1.0000
Iteration: 9500. Loss: 0.24451203644275665. Accuracy: 96.70414462081129. AUC-ROC: 1.0000. AUC-PR: 1.0000
Iteration: 10000. Loss: 0.20344702899456024. Accuracy: 96.66005291005291. AUC-ROC: 1.0000. AUC-PR: 1.0000
Iteration: 10500. Loss: 0.19287753105163574. Accuracy: 96.61596119929453. AUC-ROC: 1.0000. AUC-PR: 1.0000
Iteration: 11000. Loss: 0.18041807413101196. Accuracy: 96.70414462081129. AUC-ROC: 1.0000. AUC-PR: 1.0000
Iteration: 11500. Loss: 0.1783900111913681. Accuracy: 96.57186948853615. AUC-ROC: 1.0000. AUC-PR: 1.0000
Iteration: 12000. Loss: 0.16100311279296875. Accuracy: 95.77821869488537. AUC-ROC: 1.0000. AUC-PR: 1.0000
Iteration: 12500. Loss: 0.15795181691646576. Accuracy: 96.32936507936508. AUC-ROC: 1.0000. AUC-PR: 1.0000
Iteration: 13000. Loss: 0.14759184420108795. Accuracy: 95.98765432098766. AUC-ROC: 1.0000. AUC-PR: 1.0000
Iteration: 13500. Loss: 0.15426650643348694. Accuracy: 97.34347442680776. AUC-ROC: 1.0000. AUC-PR: 1.0000
Iteration: 14000. Loss: 0.15003691613674164. Accuracy: 96.59391534391534. AUC-ROC: 1.0000. AUC-PR: 1.0000
Iteration: 14500. Loss: 0.14396709203720093. Accuracy: 97.82848324514991. AUC-ROC: 1.0000. AUC-PR: 1.0000
Iteration: 15000. Loss: 0.1360418051481247. Accuracy: 97.16710758377425. AUC-ROC: 1.0000. AUC-PR: 1.0000
Iteration: 15500. Loss: 0.1446722149848938. Accuracy: 95.99867724867725. AUC-ROC: 1.0000. AUC-PR: 1.0000
Iteration: 16000. Loss: 0.11769378185272217. Accuracy: 97.0789241622575. AUC-ROC: 1.0000. AUC-PR: 1.0000
Iteration: 16500. Loss: 0.12156377732753754. Accuracy: 96.82539682539682. AUC-ROC: 1.0000. AUC-PR: 1.0000
Iteration: 17000. Loss: 0.1056879311800003. Accuracy: 96.6931216931217. AUC-ROC: 1.0000. AUC-PR: 1.0000
Iteration: 17500. Loss: 0.1532173901796341. Accuracy: 99.29453262786596. AUC-ROC: 0.9999. AUC-PR: 0.9999
Iteration: 18000. Loss: 0.10457739233970642. Accuracy: 98.48985890652557. AUC-ROC: 1.0000. AUC-PR: 1.0000
Iteration: 18500. Loss: 0.09425656497478485. Accuracy: 98.0379188712522. AUC-ROC: 1.0000. AUC-PR: 1.0000
Iteration: 19000. Loss: 0.08604534715414047. Accuracy: 96.96869488536156. AUC-ROC: 1.0000. AUC-PR: 1.0000
Iteration: 19500. Loss: 0.08422911167144775. Accuracy: 96.6820987654321. AUC-ROC: 1.0000. AUC-PR: 1.0000
Iteration: 20000. Loss: 0.09147661924362183. Accuracy: 96.53880070546737. AUC-ROC: 1.0000. AUC-PR: 1.0000
Iteration: 20500. Loss: 0.08787724375724792. Accuracy: 97.0679012345679. AUC-ROC: 1.0000. AUC-PR: 1.0000
Iteration: 21000. Loss: 0.09220624715089798. Accuracy: 99.25044091710758. AUC-ROC: 0.9999. AUC-PR: 0.9998
Iteration: 21500. Loss: 0.08475782722234726. Accuracy: 96.95767195767196. AUC-ROC: 1.0000. AUC-PR: 1.0000
Iteration: 22000. Loss: 0.09357210993766785. Accuracy: 96.79232804232804. AUC-ROC: 1.0000. AUC-PR: 1.0000
Iteration: 22500. Loss: 0.07098396122455597. Accuracy: 96.06481481481481. AUC-ROC: 1.0000. AUC-PR: 1.0000
Iteration: 23000. Loss: 0.09051765501499176. Accuracy: 96.89153439153439. AUC-ROC: 1.0000. AUC-PR: 1.0000
Iteration: 23500. Loss: 0.09018045663833618. Accuracy: 95.93253968253968. AUC-ROC: 1.0000. AUC-PR: 1.0000
Iteration: 24000. Loss: 0.07837168872356415. Accuracy: 96.05379188712521. AUC-ROC: 1.0000. AUC-PR: 1.0000
Iteration: 24500. Loss: 0.07162611931562424. Accuracy: 96.79232804232804. AUC-ROC: 1.0000. AUC-PR: 1.0000
Iteration: 25000. Loss: 0.0667128711938858. Accuracy: 97.14506172839506. AUC-ROC: 1.0000. AUC-PR: 1.0000
Iteration: 25500. Loss: 0.06627555936574936. Accuracy: 96.57186948853615. AUC-ROC: 1.0000. AUC-PR: 1.0000
Iteration: 26000. Loss: 0.06311182677745819. Accuracy: 95.83333333333333. AUC-ROC: 1.0000. AUC-PR: 1.0000
Iteration: 26500. Loss: 0.09619909524917603. Accuracy: 95.42548500881834. AUC-ROC: 1.0000. AUC-PR: 1.0000
Iteration: 27000. Loss: 0.05573239177465439. Accuracy: 96.84744268077601. AUC-ROC: 1.0000. AUC-PR: 1.0000
Iteration: 27500. Loss: 0.06933827698230743. Accuracy: 98.32451499118166. AUC-ROC: 1.0000. AUC-PR: 1.0000
Iteration: 28000. Loss: 0.06257424503564835. Accuracy: 96.83641975308642. AUC-ROC: 1.0000. AUC-PR: 1.0000
Iteration: 28500. Loss: 0.06388882547616959. Accuracy: 96.53880070546737. AUC-ROC: 1.0000. AUC-PR: 1.0000
Iteration: 29000. Loss: 0.08411794900894165. Accuracy: 96.6820987654321. AUC-ROC: 1.0000. AUC-PR: 1.0000
Iteration: 29500. Loss: 0.05734645575284958. Accuracy: 96.59391534391534. AUC-ROC: 1.0000. AUC-PR: 1.0000
Iteration: 30000. Loss: 0.055534541606903076. Accuracy: 96.60493827160494. AUC-ROC: 1.0000. AUC-PR: 1.0000
Iteration: 30500. Loss: 0.051112644374370575. Accuracy: 96.85846560846561. AUC-ROC: 1.0000. AUC-PR: 1.0000
Iteration: 31000. Loss: 0.06464920192956924. Accuracy: 97.97178130511463. AUC-ROC: 1.0000. AUC-PR: 1.0000
Iteration: 31500. Loss: 0.06470676511526108. Accuracy: 97.02380952380952. AUC-ROC: 1.0000. AUC-PR: 1.0000
Iteration: 32000. Loss: 0.050059717148542404. Accuracy: 96.89153439153439. AUC-ROC: 1.0000. AUC-PR: 1.0000
Iteration: 32500. Loss: 0.053676456212997437. Accuracy: 95.5136684303351. AUC-ROC: 1.0000. AUC-PR: 1.0000
Iteration: 33000. Loss: 0.07832694053649902. Accuracy: 97.34347442680776. AUC-ROC: 1.0000. AUC-PR: 1.0000
Iteration: 33500. Loss: 0.05612289905548096. Accuracy: 96.2742504409171. AUC-ROC: 1.0000. AUC-PR: 1.0000
Iteration: 34000. Loss: 0.04936951398849487. Accuracy: 95.99867724867725. AUC-ROC: 1.0000. AUC-PR: 1.0000
Iteration: 34500. Loss: 0.0494026318192482. Accuracy: 97.14506172839506. AUC-ROC: 1.0000. AUC-PR: 1.0000
Iteration: 35000. Loss: 0.07658100873231888. Accuracy: 98.43474426807761. AUC-ROC: 1.0000. AUC-PR: 1.0000
Iteration: 35500. Loss: 0.03527463227510452. Accuracy: 93.01146384479718. AUC-ROC: 1.0000. AUC-PR: 1.0000
Iteration: 36000. Loss: 0.0770915076136589. Accuracy: 91.82098765432099. AUC-ROC: 1.0000. AUC-PR: 1.0000
Iteration: 36500. Loss: 0.18656222522258759. Accuracy: 100.0. AUC-ROC: 1.0000. AUC-PR: 1.0000
Iteration: 37000. Loss: 0.15491816401481628. Accuracy: 99.75749559082892. AUC-ROC: 1.0000. AUC-PR: 1.0000
Iteration: 37500. Loss: 0.1538037806749344. Accuracy: 99.55908289241623. AUC-ROC: 1.0000. AUC-PR: 1.0000
Iteration: 38000. Loss: 0.14358806610107422. Accuracy: 99.6141975308642. AUC-ROC: 1.0000. AUC-PR: 1.0000
Iteration: 38500. Loss: 0.11842608451843262. Accuracy: 98.98589065255732. AUC-ROC: 1.0000. AUC-PR: 1.0000
Iteration: 39000. Loss: 0.13947051763534546. Accuracy: 99.4157848324515. AUC-ROC: 1.0000. AUC-PR: 1.0000
Iteration: 39500. Loss: 0.10664159059524536. Accuracy: 98.73236331569665. AUC-ROC: 1.0000. AUC-PR: 1.0000
Iteration: 40000. Loss: 0.09444539248943329. Accuracy: 98.67724867724868. AUC-ROC: 1.0000. AUC-PR: 1.0000
Iteration: 40500. Loss: 0.11149294674396515. Accuracy: 98.6552028218695. AUC-ROC: 1.0000. AUC-PR: 1.0000
Iteration: 41000. Loss: 0.09620678424835205. Accuracy: 98.54497354497354. AUC-ROC: 1.0000. AUC-PR: 1.0000
Iteration: 41500. Loss: 0.09989815205335617. Accuracy: 98.50088183421516. AUC-ROC: 1.0000. AUC-PR: 1.0000
Iteration: 42000. Loss: 0.09138050675392151. Accuracy: 97.4757495590829. AUC-ROC: 1.0000. AUC-PR: 1.0000
Iteration: 42500. Loss: 0.09635031968355179. Accuracy: 97.48677248677248. AUC-ROC: 1.0000. AUC-PR: 1.0000
Iteration: 43000. Loss: 0.09098579734563828. Accuracy: 97.45370370370371. AUC-ROC: 1.0000. AUC-PR: 1.0000
Iteration: 43500. Loss: 0.09882652759552002. Accuracy: 97.55291005291005. AUC-ROC: 1.0000. AUC-PR: 1.0000
Iteration: 44000. Loss: 0.08347335457801819. Accuracy: 97.663139329806. AUC-ROC: 1.0000. AUC-PR: 1.0000
Iteration: 44500. Loss: 0.08799141645431519. Accuracy: 97.45370370370371. AUC-ROC: 1.0000. AUC-PR: 1.0000
Iteration: 45000. Loss: 0.08264392614364624. Accuracy: 97.4757495590829. AUC-ROC: 1.0000. AUC-PR: 1.0000
Iteration: 45500. Loss: 0.07944153994321823. Accuracy: 97.45370370370371. AUC-ROC: 1.0000. AUC-PR: 1.0000
Iteration: 46000. Loss: 0.08052998036146164. Accuracy: 97.45370370370371. AUC-ROC: 1.0000. AUC-PR: 1.0000
Iteration: 46500. Loss: 0.07308007776737213. Accuracy: 97.48677248677248. AUC-ROC: 1.0000. AUC-PR: 1.0000
Iteration: 47000. Loss: 0.07239638268947601. Accuracy: 97.45370370370371. AUC-ROC: 1.0000. AUC-PR: 1.0000
Iteration: 47500. Loss: 0.07831618934869766. Accuracy: 97.45370370370371. AUC-ROC: 1.0000. AUC-PR: 1.0000
Iteration: 48000. Loss: 0.07911984622478485. Accuracy: 97.4647266313933. AUC-ROC: 1.0000. AUC-PR: 1.0000
Iteration: 48500. Loss: 0.07311168313026428. Accuracy: 97.45370370370371. AUC-ROC: 1.0000. AUC-PR: 1.0000
Iteration: 49000. Loss: 0.07038486748933792. Accuracy: 97.45370370370371. AUC-ROC: 1.0000. AUC-PR: 1.0000
Iteration: 49500. Loss: 0.07436567544937134. Accuracy: 97.37654320987654. AUC-ROC: 1.0000. AUC-PR: 1.0000
Iteration: 50000. Loss: 0.07015183568000793. Accuracy: 97.4647266313933. AUC-ROC: 1.0000. AUC-PR: 1.0000
Iteration: 50500. Loss: 0.07333150506019592. Accuracy: 97.44268077601411. AUC-ROC: 1.0000. AUC-PR: 1.0000
Iteration: 51000. Loss: 0.06779354810714722. Accuracy: 97.43165784832452. AUC-ROC: 1.0000. AUC-PR: 1.0000
Iteration: 51500. Loss: 0.07666438817977905. Accuracy: 97.45370370370371. AUC-ROC: 1.0000. AUC-PR: 1.0000
Iteration: 52000. Loss: 0.06786724179983139. Accuracy: 97.42063492063492. AUC-ROC: 1.0000. AUC-PR: 1.0000
Iteration: 52500. Loss: 0.0688922330737114. Accuracy: 97.4647266313933. AUC-ROC: 1.0000. AUC-PR: 1.0000
Iteration: 53000. Loss: 0.06790619343519211. Accuracy: 97.45370370370371. AUC-ROC: 1.0000. AUC-PR: 1.0000
Iteration: 53500. Loss: 0.06318962574005127. Accuracy: 97.43165784832452. AUC-ROC: 1.0000. AUC-PR: 1.0000
Iteration: 54000. Loss: 0.06240011006593704. Accuracy: 97.35449735449735. AUC-ROC: 1.0000. AUC-PR: 1.0000
Iteration: 54500. Loss: 0.06703227758407593. Accuracy: 97.44268077601411. AUC-ROC: 1.0000. AUC-PR: 1.0000
Iteration: 55000. Loss: 0.05257432162761688. Accuracy: 97.38756613756614. AUC-ROC: 1.0000. AUC-PR: 1.0000
Iteration: 55500. Loss: 0.072585329413414. Accuracy: 97.44268077601411. AUC-ROC: 1.0000. AUC-PR: 1.0000
Iteration: 56000. Loss: 0.05246342346072197. Accuracy: 97.45370370370371. AUC-ROC: 1.0000. AUC-PR: 1.0000
Iteration: 56500. Loss: 0.07230798900127411. Accuracy: 97.45370370370371. AUC-ROC: 1.0000. AUC-PR: 1.0000
Iteration: 57000. Loss: 0.056388288736343384. Accuracy: 97.4647266313933. AUC-ROC: 1.0000. AUC-PR: 1.0000
Iteration: 57500. Loss: 0.064363494515419. Accuracy: 97.42063492063492. AUC-ROC: 1.0000. AUC-PR: 1.0000
Iteration: 58000. Loss: 0.05641680210828781. Accuracy: 97.44268077601411. AUC-ROC: 1.0000. AUC-PR: 1.0000
Iteration: 58500. Loss: 0.05701185762882233. Accuracy: 97.42063492063492. AUC-ROC: 1.0000. AUC-PR: 1.0000
Iteration: 59000. Loss: 0.054978832602500916. Accuracy: 97.43165784832452. AUC-ROC: 1.0000. AUC-PR: 1.0000
Iteration: 59500. Loss: 0.0499027781188488. Accuracy: 97.43165784832452. AUC-ROC: 1.0000. AUC-PR: 1.0000
Iteration: 60000. Loss: 0.05873255804181099. Accuracy: 97.43165784832452. AUC-ROC: 1.0000. AUC-PR: 1.0000
Iteration: 60500. Loss: 0.04989561066031456. Accuracy: 97.42063492063492. AUC-ROC: 1.0000. AUC-PR: 1.0000
Iteration: 61000. Loss: 0.05080088973045349. Accuracy: 97.42063492063492. AUC-ROC: 1.0000. AUC-PR: 1.0000
Iteration: 61500. Loss: 0.056411512196063995. Accuracy: 97.42063492063492. AUC-ROC: 1.0000. AUC-PR: 1.0000
Iteration: 62000. Loss: 0.05209723860025406. Accuracy: 97.44268077601411. AUC-ROC: 1.0000. AUC-PR: 1.0000
Iteration: 62500. Loss: 0.04589792713522911. Accuracy: 97.39858906525573. AUC-ROC: 1.0000. AUC-PR: 1.0000
Iteration: 63000. Loss: 0.04506465047597885. Accuracy: 97.42063492063492. AUC-ROC: 1.0000. AUC-PR: 1.0000
Iteration: 63500. Loss: 0.04796881601214409. Accuracy: 97.42063492063492. AUC-ROC: 1.0000. AUC-PR: 1.0000
Iteration: 64000. Loss: 0.04182711988687515. Accuracy: 97.38756613756614. AUC-ROC: 1.0000. AUC-PR: 1.0000
Iteration: 64500. Loss: 0.044100433588027954. Accuracy: 97.40961199294533. AUC-ROC: 1.0000. AUC-PR: 1.0000
Iteration: 65000. Loss: 0.03892388194799423. Accuracy: 97.38756613756614. AUC-ROC: 1.0000. AUC-PR: 1.0000
Iteration: 65500. Loss: 0.053759053349494934. Accuracy: 97.08994708994709. AUC-ROC: 1.0000. AUC-PR: 1.0000
Iteration: 66000. Loss: 0.042483288794755936. Accuracy: 97.12301587301587. AUC-ROC: 1.0000. AUC-PR: 1.0000
Iteration: 66500. Loss: 0.038540635257959366. Accuracy: 96.82539682539682. AUC-ROC: 1.0000. AUC-PR: 1.0000
Iteration: 67000. Loss: 0.034116826951503754. Accuracy: 97.37654320987654. AUC-ROC: 1.0000. AUC-PR: 1.0000
Iteration: 67500. Loss: 0.044965311884880066. Accuracy: 97.38756613756614. AUC-ROC: 1.0000. AUC-PR: 1.0000
Iteration: 68000. Loss: 0.03959839046001434. Accuracy: 97.38756613756614. AUC-ROC: 1.0000. AUC-PR: 1.0000
Iteration: 68500. Loss: 0.048006877303123474. Accuracy: 97.38756613756614. AUC-ROC: 1.0000. AUC-PR: 1.0000
Iteration: 69000. Loss: 0.03810788691043854. Accuracy: 97.38756613756614. AUC-ROC: 1.0000. AUC-PR: 1.0000
Iteration: 69500. Loss: 0.03924267739057541. Accuracy: 97.36552028218695. AUC-ROC: 1.0000. AUC-PR: 1.0000
Iteration: 70000. Loss: 0.03508693352341652. Accuracy: 97.35449735449735. AUC-ROC: 1.0000. AUC-PR: 1.0000
Iteration: 70500. Loss: 0.04095209389925003. Accuracy: 97.38756613756614. AUC-ROC: 1.0000. AUC-PR: 1.0000
Iteration: 71000. Loss: 0.034880537539720535. Accuracy: 97.36552028218695. AUC-ROC: 1.0000. AUC-PR: 1.0000

--- Model Training Complete ---

Model weights saved to  trained_model/lstm_model_weights_hidden32_160l.json
