libs loaded
device: cuda
starting...
train path: train_data/train_sequences_0_640l.pt
test path: test_data/test_sequences_0_640l.pt
data found
features split
features split
data loaded
about to enter training loop
Iteration: 500. Loss: 0.6545621156692505. Accuracy: 68.91294227188082. AUC-ROC: 0.9807. AUC-PR: 0.8803
Iteration: 1000. Loss: 0.5706157684326172. Accuracy: 68.91294227188082. AUC-ROC: 0.9999. AUC-PR: 0.9998
Iteration: 1500. Loss: 0.554068922996521. Accuracy: 68.91294227188082. AUC-ROC: 0.9999. AUC-PR: 0.9997
Iteration: 2000. Loss: 0.4921903610229492. Accuracy: 68.91294227188082. AUC-ROC: 0.9997. AUC-PR: 0.9993
Iteration: 2500. Loss: 0.466182142496109. Accuracy: 68.91294227188082. AUC-ROC: 1.0000. AUC-PR: 1.0000
Iteration: 3000. Loss: 0.44229885935783386. Accuracy: 95.6354748603352. AUC-ROC: 1.0000. AUC-PR: 1.0000
Iteration: 3500. Loss: 0.39602357149124146. Accuracy: 98.13780260707635. AUC-ROC: 1.0000. AUC-PR: 1.0000
Iteration: 4000. Loss: 0.38104599714279175. Accuracy: 99.97672253258845. AUC-ROC: 1.0000. AUC-PR: 1.0000
Iteration: 4500. Loss: 0.353373646736145. Accuracy: 100.0. AUC-ROC: 1.0000. AUC-PR: 1.0000
Iteration: 5000. Loss: 0.3420807719230652. Accuracy: 99.80214152700187. AUC-ROC: 1.0000. AUC-PR: 1.0000
Iteration: 5500. Loss: 0.33450910449028015. Accuracy: 99.17364990689013. AUC-ROC: 1.0000. AUC-PR: 1.0000
Iteration: 6000. Loss: 0.29320189356803894. Accuracy: 97.43947858472998. AUC-ROC: 1.0000. AUC-PR: 1.0000
Iteration: 6500. Loss: 0.2918594777584076. Accuracy: 96.58985102420857. AUC-ROC: 1.0000. AUC-PR: 1.0000
Iteration: 7000. Loss: 0.27372127771377563. Accuracy: 96.00791433891993. AUC-ROC: 1.0000. AUC-PR: 1.0000
Iteration: 7500. Loss: 0.2642574608325958. Accuracy: 95.33286778398511. AUC-ROC: 1.0000. AUC-PR: 1.0000
Iteration: 8000. Loss: 0.23096589744091034. Accuracy: 94.80912476722533. AUC-ROC: 1.0000. AUC-PR: 1.0000
Iteration: 8500. Loss: 0.22579677402973175. Accuracy: 94.65782122905028. AUC-ROC: 1.0000. AUC-PR: 1.0000
Iteration: 9000. Loss: 0.22686414420604706. Accuracy: 94.58798882681565. AUC-ROC: 1.0000. AUC-PR: 1.0000
Iteration: 9500. Loss: 0.19193674623966217. Accuracy: 94.6461824953445. AUC-ROC: 1.0000. AUC-PR: 1.0000
Iteration: 10000. Loss: 0.1919744610786438. Accuracy: 96.05446927374301. AUC-ROC: 1.0000. AUC-PR: 1.0000
Iteration: 10500. Loss: 0.18163910508155823. Accuracy: 95.1582867783985. AUC-ROC: 1.0000. AUC-PR: 1.0000
Iteration: 11000. Loss: 0.16381889581680298. Accuracy: 94.9953445065177. AUC-ROC: 1.0000. AUC-PR: 1.0000
Iteration: 11500. Loss: 0.18549159169197083. Accuracy: 94.62290502793296. AUC-ROC: 1.0000. AUC-PR: 1.0000
Iteration: 12000. Loss: 0.16979597508907318. Accuracy: 94.1806331471136. AUC-ROC: 1.0000. AUC-PR: 1.0000
Iteration: 12500. Loss: 0.15606987476348877. Accuracy: 93.99441340782123. AUC-ROC: 1.0000. AUC-PR: 1.0000
Iteration: 13000. Loss: 0.15609833598136902. Accuracy: 96.67132216014897. AUC-ROC: 0.9999. AUC-PR: 0.9998
Iteration: 13500. Loss: 0.12393936514854431. Accuracy: 93.65689013035382. AUC-ROC: 1.0000. AUC-PR: 1.0000
Iteration: 14000. Loss: 0.1284683495759964. Accuracy: 93.54050279329608. AUC-ROC: 1.0000. AUC-PR: 1.0000
Iteration: 14500. Loss: 0.15497881174087524. Accuracy: 93.55214152700187. AUC-ROC: 1.0000. AUC-PR: 1.0000
Iteration: 15000. Loss: 0.14250211417675018. Accuracy: 93.61033519553072. AUC-ROC: 1.0000. AUC-PR: 1.0000
Iteration: 15500. Loss: 0.12958967685699463. Accuracy: 93.22625698324022. AUC-ROC: 1.0000. AUC-PR: 1.0000
Iteration: 16000. Loss: 0.135748490691185. Accuracy: 93.43575418994413. AUC-ROC: 1.0000. AUC-PR: 1.0000
Iteration: 16500. Loss: 0.1002330332994461. Accuracy: 92.91201117318435. AUC-ROC: 1.0000. AUC-PR: 1.0000
Iteration: 17000. Loss: 0.11666841804981232. Accuracy: 92.8072625698324. AUC-ROC: 1.0000. AUC-PR: 1.0000
Iteration: 17500. Loss: 0.08900927752256393. Accuracy: 91.84124767225326. AUC-ROC: 1.0000. AUC-PR: 1.0000
Iteration: 18000. Loss: 0.08957697451114655. Accuracy: 93.10986964618249. AUC-ROC: 1.0000. AUC-PR: 1.0000
Iteration: 18500. Loss: 0.09327578544616699. Accuracy: 94.51815642458101. AUC-ROC: 1.0000. AUC-PR: 1.0000
Iteration: 19000. Loss: 0.11828642338514328. Accuracy: 92.06238361266294. AUC-ROC: 1.0000. AUC-PR: 1.0000
Iteration: 19500. Loss: 0.09605806320905685. Accuracy: 93.16806331471136. AUC-ROC: 1.0000. AUC-PR: 1.0000
Iteration: 20000. Loss: 0.11338181048631668. Accuracy: 91.64338919925513. AUC-ROC: 1.0000. AUC-PR: 1.0000
Iteration: 20500. Loss: 0.128101646900177. Accuracy: 92.66759776536313. AUC-ROC: 1.0000. AUC-PR: 1.0000
Iteration: 21000. Loss: 0.11397333443164825. Accuracy: 91.59683426443203. AUC-ROC: 1.0000. AUC-PR: 1.0000
Iteration: 21500. Loss: 0.21924060583114624. Accuracy: 99.06890130353817. AUC-ROC: 0.9998. AUC-PR: 0.9996
Iteration: 22000. Loss: 0.12363000214099884. Accuracy: 92.91201117318435. AUC-ROC: 1.0000. AUC-PR: 1.0000
Iteration: 22500. Loss: 0.1471019685268402. Accuracy: 88.8268156424581. AUC-ROC: 1.0000. AUC-PR: 1.0000
Iteration: 23000. Loss: 0.14605656266212463. Accuracy: 93.58705772811918. AUC-ROC: 1.0000. AUC-PR: 1.0000
Iteration: 23500. Loss: 0.12628179788589478. Accuracy: 90.75884543761639. AUC-ROC: 1.0000. AUC-PR: 1.0000
Iteration: 24000. Loss: 0.10304295271635056. Accuracy: 92.62104283054003. AUC-ROC: 1.0000. AUC-PR: 1.0000
Iteration: 24500. Loss: 0.10213486850261688. Accuracy: 91.5619180633147. AUC-ROC: 1.0000. AUC-PR: 1.0000
Iteration: 25000. Loss: 0.13564850389957428. Accuracy: 92.56284916201118. AUC-ROC: 1.0000. AUC-PR: 1.0000
Iteration: 25500. Loss: 0.08557313680648804. Accuracy: 93.26117318435755. AUC-ROC: 1.0000. AUC-PR: 1.0000
Iteration: 26000. Loss: 0.09308749437332153. Accuracy: 90.85195530726257. AUC-ROC: 1.0000. AUC-PR: 1.0000
Iteration: 26500. Loss: 0.11477559059858322. Accuracy: 91.14292364990689. AUC-ROC: 1.0000. AUC-PR: 1.0000
Iteration: 27000. Loss: 0.08958598226308823. Accuracy: 91.11964618249534. AUC-ROC: 1.0000. AUC-PR: 1.0000
Iteration: 27500. Loss: 0.135858416557312. Accuracy: 91.87616387337057. AUC-ROC: 1.0000. AUC-PR: 1.0000
Iteration: 28000. Loss: 0.09807811677455902. Accuracy: 94.45996275605214. AUC-ROC: 1.0000. AUC-PR: 1.0000
Iteration: 28500. Loss: 0.08587774634361267. Accuracy: 91.08472998137803. AUC-ROC: 1.0000. AUC-PR: 1.0000
Iteration: 29000. Loss: 0.09171642363071442. Accuracy: 97.10195530726257. AUC-ROC: 1.0000. AUC-PR: 0.9999
Iteration: 29500. Loss: 0.06189076974987984. Accuracy: 91.25931098696462. AUC-ROC: 1.0000. AUC-PR: 1.0000
Iteration: 30000. Loss: 0.07238457351922989. Accuracy: 92.20204841713222. AUC-ROC: 1.0000. AUC-PR: 1.0000
Iteration: 30500. Loss: 0.06603416055440903. Accuracy: 90.9683426443203. AUC-ROC: 1.0000. AUC-PR: 1.0000
Iteration: 31000. Loss: 0.11282996088266373. Accuracy: 91.43389199255121. AUC-ROC: 1.0000. AUC-PR: 1.0000
Iteration: 31500. Loss: 0.0959114134311676. Accuracy: 90.5377094972067. AUC-ROC: 1.0000. AUC-PR: 1.0000
Iteration: 32000. Loss: 0.06872005015611649. Accuracy: 91.32914338919926. AUC-ROC: 1.0000. AUC-PR: 1.0000
Iteration: 32500. Loss: 0.053534362465143204. Accuracy: 91.11964618249534. AUC-ROC: 1.0000. AUC-PR: 1.0000
Iteration: 33000. Loss: 0.05744576081633568. Accuracy: 91.20111731843575. AUC-ROC: 1.0000. AUC-PR: 1.0000
Iteration: 33500. Loss: 0.08075372874736786. Accuracy: 91.36405959031657. AUC-ROC: 1.0000. AUC-PR: 1.0000
Iteration: 34000. Loss: 0.08549868315458298. Accuracy: 91.20111731843575. AUC-ROC: 1.0000. AUC-PR: 1.0000
Iteration: 34500. Loss: 0.056490469723939896. Accuracy: 93.34264432029795. AUC-ROC: 1.0000. AUC-PR: 1.0000
Iteration: 35000. Loss: 0.05206924304366112. Accuracy: 92.69087523277467. AUC-ROC: 1.0000. AUC-PR: 1.0000
Iteration: 35500. Loss: 0.056670404970645905. Accuracy: 91.10800744878958. AUC-ROC: 1.0000. AUC-PR: 1.0000
Iteration: 36000. Loss: 0.04442606121301651. Accuracy: 92.27188081936686. AUC-ROC: 1.0000. AUC-PR: 1.0000
Iteration: 36500. Loss: 0.07798844575881958. Accuracy: 91.06145251396649. AUC-ROC: 1.0000. AUC-PR: 1.0000
Iteration: 37000. Loss: 0.04321631044149399. Accuracy: 91.38733705772812. AUC-ROC: 1.0000. AUC-PR: 1.0000
Iteration: 37500. Loss: 0.04601828753948212. Accuracy: 91.03817504655494. AUC-ROC: 1.0000. AUC-PR: 1.0000
Iteration: 38000. Loss: 0.09109064936637878. Accuracy: 90.85195530726257. AUC-ROC: 1.0000. AUC-PR: 1.0000
Iteration: 38500. Loss: 0.04443839192390442. Accuracy: 91.31750465549348. AUC-ROC: 1.0000. AUC-PR: 1.0000
Iteration: 39000. Loss: 0.06528986245393753. Accuracy: 91.37569832402235. AUC-ROC: 1.0000. AUC-PR: 1.0000
Iteration: 39500. Loss: 0.06979502737522125. Accuracy: 91.38733705772812. AUC-ROC: 1.0000. AUC-PR: 1.0000
Iteration: 40000. Loss: 0.04420933499932289. Accuracy: 95.03026070763501. AUC-ROC: 1.0000. AUC-PR: 1.0000
Iteration: 40500. Loss: 0.06985960155725479. Accuracy: 93.4473929236499. AUC-ROC: 1.0000. AUC-PR: 1.0000
Iteration: 41000. Loss: 0.09203078597784042. Accuracy: 91.15456238361266. AUC-ROC: 1.0000. AUC-PR: 1.0000
Iteration: 41500. Loss: 0.06431444734334946. Accuracy: 91.07309124767225. AUC-ROC: 1.0000. AUC-PR: 1.0000
Iteration: 42000. Loss: 0.04933226853609085. Accuracy: 92.8538175046555. AUC-ROC: 1.0000. AUC-PR: 1.0000
Iteration: 42500. Loss: 0.044194296002388. Accuracy: 91.95763500931099. AUC-ROC: 1.0000. AUC-PR: 1.0000
Iteration: 43000. Loss: 0.06936434656381607. Accuracy: 90.56098696461825. AUC-ROC: 1.0000. AUC-PR: 1.0000
Iteration: 43500. Loss: 0.04307083413004875. Accuracy: 94.85567970204842. AUC-ROC: 1.0000. AUC-PR: 1.0000
Iteration: 44000. Loss: 0.04189617931842804. Accuracy: 91.71322160148976. AUC-ROC: 1.0000. AUC-PR: 1.0000
Iteration: 44500. Loss: 0.07178278267383575. Accuracy: 91.55027932960894. AUC-ROC: 1.0000. AUC-PR: 1.0000
Iteration: 45000. Loss: 0.03919166699051857. Accuracy: 92.87709497206704. AUC-ROC: 1.0000. AUC-PR: 1.0000
Iteration: 45500. Loss: 0.03410227969288826. Accuracy: 91.49208566108007. AUC-ROC: 1.0000. AUC-PR: 1.0000
Iteration: 46000. Loss: 0.035800401121377945. Accuracy: 94.34357541899442. AUC-ROC: 1.0000. AUC-PR: 1.0000
Iteration: 46500. Loss: 0.07253960520029068. Accuracy: 93.75. AUC-ROC: 1.0000. AUC-PR: 1.0000
Iteration: 47000. Loss: 0.047929756343364716. Accuracy: 98.94087523277467. AUC-ROC: 1.0000. AUC-PR: 1.0000
Iteration: 47500. Loss: 0.06061992794275284. Accuracy: 91.63175046554935. AUC-ROC: 1.0000. AUC-PR: 1.0000
Iteration: 48000. Loss: 0.03526131063699722. Accuracy: 93.17970204841713. AUC-ROC: 1.0000. AUC-PR: 1.0000
Iteration: 48500. Loss: 0.05805957689881325. Accuracy: 94.1806331471136. AUC-ROC: 1.0000. AUC-PR: 1.0000
Iteration: 49000. Loss: 0.04188113659620285. Accuracy: 95.19320297951583. AUC-ROC: 1.0000. AUC-PR: 1.0000
Iteration: 49500. Loss: 0.0574752502143383. Accuracy: 92.10893854748603. AUC-ROC: 1.0000. AUC-PR: 1.0000
Iteration: 50000. Loss: 0.03666708618402481. Accuracy: 93.97113594040968. AUC-ROC: 1.0000. AUC-PR: 1.0000
Iteration: 50500. Loss: 0.03215460479259491. Accuracy: 93.26117318435755. AUC-ROC: 1.0000. AUC-PR: 1.0000
Iteration: 51000. Loss: 0.07308449596166611. Accuracy: 93.12150837988827. AUC-ROC: 1.0000. AUC-PR: 1.0000
Iteration: 51500. Loss: 0.02916887030005455. Accuracy: 94.73929236499069. AUC-ROC: 1.0000. AUC-PR: 1.0000
Iteration: 52000. Loss: 0.10624488443136215. Accuracy: 94.86731843575419. AUC-ROC: 1.0000. AUC-PR: 1.0000
Iteration: 52500. Loss: 0.03775821626186371. Accuracy: 94.49487895716946. AUC-ROC: 1.0000. AUC-PR: 1.0000
Iteration: 53000. Loss: 0.05794808641076088. Accuracy: 93.90130353817504. AUC-ROC: 1.0000. AUC-PR: 1.0000
Iteration: 53500. Loss: 0.06333291530609131. Accuracy: 98.31238361266294. AUC-ROC: 1.0000. AUC-PR: 1.0000
Iteration: 54000. Loss: 0.06364018470048904. Accuracy: 98.6731843575419. AUC-ROC: 1.0000. AUC-PR: 1.0000
Iteration: 54500. Loss: 0.03996477276086807. Accuracy: 95.36778398510242. AUC-ROC: 1.0000. AUC-PR: 1.0000
Iteration: 55000. Loss: 0.059796784073114395. Accuracy: 94.58798882681565. AUC-ROC: 1.0000. AUC-PR: 1.0000
Iteration: 55500. Loss: 0.028074832633137703. Accuracy: 94.62290502793296. AUC-ROC: 1.0000. AUC-PR: 1.0000
Iteration: 56000. Loss: 0.05922715738415718. Accuracy: 94.34357541899442. AUC-ROC: 1.0000. AUC-PR: 1.0000
Iteration: 56500. Loss: 0.054672133177518845. Accuracy: 95.22811918063314. AUC-ROC: 1.0000. AUC-PR: 1.0000
Iteration: 57000. Loss: 0.06870801746845245. Accuracy: 95.06517690875233. AUC-ROC: 1.0000. AUC-PR: 1.0000
Iteration: 57500. Loss: 0.030666496604681015. Accuracy: 97.55586592178771. AUC-ROC: 1.0000. AUC-PR: 1.0000
Iteration: 58000. Loss: 0.030412353575229645. Accuracy: 95.57728119180634. AUC-ROC: 1.0000. AUC-PR: 1.0000
Iteration: 58500. Loss: 0.0389852412045002. Accuracy: 98.20763500931099. AUC-ROC: 1.0000. AUC-PR: 1.0000
Iteration: 59000. Loss: 0.03153742849826813. Accuracy: 95.28631284916202. AUC-ROC: 1.0000. AUC-PR: 1.0000
Iteration: 59500. Loss: 0.029989195987582207. Accuracy: 94.57635009310987. AUC-ROC: 1.0000. AUC-PR: 1.0000
Iteration: 60000. Loss: 0.034299757331609726. Accuracy: 97.38128491620111. AUC-ROC: 1.0000. AUC-PR: 1.0000
Iteration: 60500. Loss: 0.04839009791612625. Accuracy: 95.04189944134079. AUC-ROC: 1.0000. AUC-PR: 1.0000
Iteration: 61000. Loss: 0.043756186962127686. Accuracy: 94.75093109869646. AUC-ROC: 1.0000. AUC-PR: 1.0000
Iteration: 61500. Loss: 0.06953943520784378. Accuracy: 93.98277467411546. AUC-ROC: 1.0000. AUC-PR: 1.0000
Iteration: 62000. Loss: 0.05197403207421303. Accuracy: 95.00698324022346. AUC-ROC: 1.0000. AUC-PR: 1.0000
Iteration: 62500. Loss: 0.08741051703691483. Accuracy: 94.55307262569832. AUC-ROC: 1.0000. AUC-PR: 1.0000
Iteration: 63000. Loss: 0.03116435930132866. Accuracy: 98.19599627560521. AUC-ROC: 1.0000. AUC-PR: 1.0000
Iteration: 63500. Loss: 0.03523963317275047. Accuracy: 93.84310986964618. AUC-ROC: 1.0000. AUC-PR: 1.0000
Iteration: 64000. Loss: 0.02788880467414856. Accuracy: 96.29888268156425. AUC-ROC: 1.0000. AUC-PR: 1.0000
Iteration: 64500. Loss: 0.021741682663559914. Accuracy: 95.01862197392924. AUC-ROC: 1.0000. AUC-PR: 1.0000
Iteration: 65000. Loss: 0.028900422155857086. Accuracy: 94.39013035381751. AUC-ROC: 1.0000. AUC-PR: 1.0000
Iteration: 65500. Loss: 0.031964026391506195. Accuracy: 97.83519553072625. AUC-ROC: 1.0000. AUC-PR: 1.0000
Iteration: 66000. Loss: 0.04236214607954025. Accuracy: 98.42877094972067. AUC-ROC: 1.0000. AUC-PR: 1.0000
Iteration: 66500. Loss: 0.02557191252708435. Accuracy: 95.61219739292365. AUC-ROC: 1.0000. AUC-PR: 1.0000
Iteration: 67000. Loss: 0.021872244775295258. Accuracy: 95.18156424581005. AUC-ROC: 1.0000. AUC-PR: 1.0000
Iteration: 67500. Loss: 0.02179502695798874. Accuracy: 95.44925512104282. AUC-ROC: 1.0000. AUC-PR: 1.0000
Iteration: 68000. Loss: 0.024605190381407738. Accuracy: 94.89059590316573. AUC-ROC: 1.0000. AUC-PR: 1.0000
Iteration: 68500. Loss: 0.06380881369113922. Accuracy: 94.96042830540037. AUC-ROC: 1.0000. AUC-PR: 1.0000

--- Model Training Complete ---

Model weights saved to  trained_model/lstm_model_weights_hidden32_640l.json
