libs loaded
device: cuda
starting...
train path: train_data/train_sequences_0_320l.pt
test path: test_data/test_sequences_0_320l.pt
data found
features split
features split
data loaded
about to enter training loop
Iteration: 500. Loss: 0.6334449052810669. Accuracy: 66.43850987432675. AUC-ROC: 0.9771. AUC-PR: 0.9310
Iteration: 1000. Loss: 0.6058250665664673. Accuracy: 66.43850987432675. AUC-ROC: 0.9834. AUC-PR: 0.9278
Iteration: 1500. Loss: 0.5807096362113953. Accuracy: 66.43850987432675. AUC-ROC: 0.9857. AUC-PR: 0.9404
Iteration: 2000. Loss: 0.5537298917770386. Accuracy: 66.43850987432675. AUC-ROC: 0.9864. AUC-PR: 0.9441
Iteration: 2500. Loss: 0.5316511988639832. Accuracy: 66.43850987432675. AUC-ROC: 0.9864. AUC-PR: 0.9376
Iteration: 3000. Loss: 0.5174780488014221. Accuracy: 66.43850987432675. AUC-ROC: 0.9861. AUC-PR: 0.9353
Iteration: 3500. Loss: 0.4860018193721771. Accuracy: 66.43850987432675. AUC-ROC: 0.9870. AUC-PR: 0.9449
Iteration: 4000. Loss: 0.4354895353317261. Accuracy: 66.43850987432675. AUC-ROC: 1.0000. AUC-PR: 0.9999
Iteration: 4500. Loss: 0.46705204248428345. Accuracy: 66.43850987432675. AUC-ROC: 0.9876. AUC-PR: 0.9506
Iteration: 5000. Loss: 0.43610796332359314. Accuracy: 66.43850987432675. AUC-ROC: 0.9884. AUC-PR: 0.9573
Iteration: 5500. Loss: 0.4000093340873718. Accuracy: 89.59829443447038. AUC-ROC: 0.9902. AUC-PR: 0.9729
Iteration: 6000. Loss: 0.39770326018333435. Accuracy: 96.06149012567325. AUC-ROC: 0.9903. AUC-PR: 0.9737
Iteration: 6500. Loss: 0.3821811378002167. Accuracy: 94.29982046678636. AUC-ROC: 0.9916. AUC-PR: 0.9779
Iteration: 7000. Loss: 0.3674742579460144. Accuracy: 93.78366247755835. AUC-ROC: 0.9926. AUC-PR: 0.9808
Iteration: 7500. Loss: 0.3569575548171997. Accuracy: 93.20017953321364. AUC-ROC: 0.9932. AUC-PR: 0.9814
Iteration: 8000. Loss: 0.33512479066848755. Accuracy: 90.8886894075404. AUC-ROC: 0.9934. AUC-PR: 0.9808
Iteration: 8500. Loss: 0.3168266713619232. Accuracy: 90.48473967684022. AUC-ROC: 0.9938. AUC-PR: 0.9815
Iteration: 9000. Loss: 0.3042951226234436. Accuracy: 90.43985637342908. AUC-ROC: 0.9947. AUC-PR: 0.9799
Iteration: 9500. Loss: 0.3074404001235962. Accuracy: 89.97980251346499. AUC-ROC: 0.9931. AUC-PR: 0.9716
Iteration: 10000. Loss: 0.28351348638534546. Accuracy: 89.86759425493716. AUC-ROC: 0.9930. AUC-PR: 0.9680
Iteration: 10500. Loss: 0.2934388816356659. Accuracy: 89.66561938958708. AUC-ROC: 0.9939. AUC-PR: 0.9724
Iteration: 11000. Loss: 0.2475712150335312. Accuracy: 89.3850987432675. AUC-ROC: 0.9914. AUC-PR: 0.9475
Iteration: 11500. Loss: 0.2710665464401245. Accuracy: 89.41876122082586. AUC-ROC: 0.9935. AUC-PR: 0.9637
Iteration: 12000. Loss: 0.2396344393491745. Accuracy: 89.1943447037702. AUC-ROC: 0.9943. AUC-PR: 0.9719
Iteration: 12500. Loss: 0.22751033306121826. Accuracy: 89.14946140035907. AUC-ROC: 0.9942. AUC-PR: 0.9722
Iteration: 13000. Loss: 0.24423274397850037. Accuracy: 89.18312387791741. AUC-ROC: 0.9955. AUC-PR: 0.9820
Iteration: 13500. Loss: 0.22734469175338745. Accuracy: 89.1943447037702. AUC-ROC: 0.9972. AUC-PR: 0.9926
Iteration: 14000. Loss: 0.22160650789737701. Accuracy: 87.61220825852783. AUC-ROC: 0.9963. AUC-PR: 0.9867
Iteration: 14500. Loss: 0.22018107771873474. Accuracy: 87.87028725314183. AUC-ROC: 0.9976. AUC-PR: 0.9943
Iteration: 15000. Loss: 0.21128442883491516. Accuracy: 87.87028725314183. AUC-ROC: 0.9975. AUC-PR: 0.9943
Iteration: 15500. Loss: 0.20455943048000336. Accuracy: 87.51122082585279. AUC-ROC: 0.9984. AUC-PR: 0.9965
Iteration: 16000. Loss: 0.19217517971992493. Accuracy: 87.42145421903052. AUC-ROC: 0.9986. AUC-PR: 0.9971
Iteration: 16500. Loss: 0.17169344425201416. Accuracy: 87.2980251346499. AUC-ROC: 0.9984. AUC-PR: 0.9967
Iteration: 17000. Loss: 0.17702054977416992. Accuracy: 87.34290843806104. AUC-ROC: 0.9982. AUC-PR: 0.9963
Iteration: 17500. Loss: 0.18770574033260345. Accuracy: 87.21947935368043. AUC-ROC: 0.9985. AUC-PR: 0.9969
Iteration: 18000. Loss: 0.17879757285118103. Accuracy: 87.25314183123878. AUC-ROC: 0.9986. AUC-PR: 0.9971
Iteration: 18500. Loss: 0.1584433913230896. Accuracy: 87.1745960502693. AUC-ROC: 0.9988. AUC-PR: 0.9975
Iteration: 19000. Loss: 0.16193653643131256. Accuracy: 87.1745960502693. AUC-ROC: 0.9988. AUC-PR: 0.9975
Iteration: 19500. Loss: 0.17738625407218933. Accuracy: 87.38779174147217. AUC-ROC: 0.9992. AUC-PR: 0.9984
Iteration: 20000. Loss: 0.15920081734657288. Accuracy: 87.19703770197486. AUC-ROC: 0.9990. AUC-PR: 0.9980
Iteration: 20500. Loss: 0.16727623343467712. Accuracy: 87.2980251346499. AUC-ROC: 0.9990. AUC-PR: 0.9980
Iteration: 21000. Loss: 0.15557482838630676. Accuracy: 87.24192100538599. AUC-ROC: 0.9989. AUC-PR: 0.9977
Iteration: 21500. Loss: 0.15005171298980713. Accuracy: 87.1072710951526. AUC-ROC: 0.9986. AUC-PR: 0.9971
Iteration: 22000. Loss: 0.12224962562322617. Accuracy: 87.27558348294434. AUC-ROC: 0.9989. AUC-PR: 0.9978
Iteration: 22500. Loss: 0.13246330618858337. Accuracy: 87.32046678635548. AUC-ROC: 0.9991. AUC-PR: 0.9982
Iteration: 23000. Loss: 0.1373932659626007. Accuracy: 87.2980251346499. AUC-ROC: 0.9991. AUC-PR: 0.9982
Iteration: 23500. Loss: 0.14632469415664673. Accuracy: 87.27558348294434. AUC-ROC: 0.9992. AUC-PR: 0.9985
Iteration: 24000. Loss: 0.1319212019443512. Accuracy: 87.24192100538599. AUC-ROC: 0.9991. AUC-PR: 0.9982
Iteration: 24500. Loss: 0.12648478150367737. Accuracy: 87.25314183123878. AUC-ROC: 0.9992. AUC-PR: 0.9985
Iteration: 25000. Loss: 0.12124209105968475. Accuracy: 87.52244165170556. AUC-ROC: 0.9995. AUC-PR: 0.9990
Iteration: 25500. Loss: 0.12367335706949234. Accuracy: 87.48877917414721. AUC-ROC: 0.9993. AUC-PR: 0.9987
Iteration: 26000. Loss: 0.11159373819828033. Accuracy: 87.32046678635548. AUC-ROC: 0.9991. AUC-PR: 0.9983
Iteration: 26500. Loss: 0.1278059035539627. Accuracy: 87.48877917414721. AUC-ROC: 0.9994. AUC-PR: 0.9989
Iteration: 27000. Loss: 0.11155572533607483. Accuracy: 87.39901256732496. AUC-ROC: 0.9994. AUC-PR: 0.9989
Iteration: 27500. Loss: 0.12043915688991547. Accuracy: 87.60098743267504. AUC-ROC: 0.9995. AUC-PR: 0.9989
Iteration: 28000. Loss: 0.11304975301027298. Accuracy: 87.6907540394973. AUC-ROC: 0.9996. AUC-PR: 0.9992
Iteration: 28500. Loss: 0.12814658880233765. Accuracy: 87.57854578096948. AUC-ROC: 0.9996. AUC-PR: 0.9992
Iteration: 29000. Loss: 0.11712236702442169. Accuracy: 87.79174147217235. AUC-ROC: 0.9995. AUC-PR: 0.9990
Iteration: 29500. Loss: 0.10513660311698914. Accuracy: 87.92639138240574. AUC-ROC: 0.9995. AUC-PR: 0.9991
Iteration: 30000. Loss: 0.09677368402481079. Accuracy: 87.63464991023339. AUC-ROC: 0.9995. AUC-PR: 0.9991
Iteration: 30500. Loss: 0.09762793779373169. Accuracy: 87.8254039497307. AUC-ROC: 0.9995. AUC-PR: 0.9990
Iteration: 31000. Loss: 0.09797757863998413. Accuracy: 87.91517055655297. AUC-ROC: 0.9996. AUC-PR: 0.9992
Iteration: 31500. Loss: 0.09436009079217911. Accuracy: 88.06104129263913. AUC-ROC: 0.9996. AUC-PR: 0.9992
Iteration: 32000. Loss: 0.09104671329259872. Accuracy: 88.07226211849192. AUC-ROC: 0.9996. AUC-PR: 0.9992
Iteration: 32500. Loss: 0.09091482311487198. Accuracy: 88.04982046678636. AUC-ROC: 0.9996. AUC-PR: 0.9993
Iteration: 33000. Loss: 0.09117560088634491. Accuracy: 87.93761220825853. AUC-ROC: 0.9995. AUC-PR: 0.9991
Iteration: 33500. Loss: 0.10000916570425034. Accuracy: 88.016157989228. AUC-ROC: 0.9996. AUC-PR: 0.9992
Iteration: 34000. Loss: 0.09709462523460388. Accuracy: 88.016157989228. AUC-ROC: 0.9996. AUC-PR: 0.9992
Iteration: 34500. Loss: 0.10428683459758759. Accuracy: 88.29667863554758. AUC-ROC: 0.9996. AUC-PR: 0.9993
Iteration: 35000. Loss: 0.09345682710409164. Accuracy: 87.98249551166965. AUC-ROC: 0.9996. AUC-PR: 0.9993
Iteration: 35500. Loss: 0.08679960668087006. Accuracy: 88.31912028725314. AUC-ROC: 0.9996. AUC-PR: 0.9993
Iteration: 36000. Loss: 0.09341556578874588. Accuracy: 88.29667863554758. AUC-ROC: 0.9996. AUC-PR: 0.9992
Iteration: 36500. Loss: 0.09982700645923615. Accuracy: 88.72307001795332. AUC-ROC: 0.9996. AUC-PR: 0.9992
Iteration: 37000. Loss: 0.09027640521526337. Accuracy: 91.19165170556553. AUC-ROC: 0.9997. AUC-PR: 0.9994
Iteration: 37500. Loss: 0.09546273946762085. Accuracy: 90.19299820466786. AUC-ROC: 0.9996. AUC-PR: 0.9993
Iteration: 38000. Loss: 0.0733020007610321. Accuracy: 90.4286355475763. AUC-ROC: 0.9997. AUC-PR: 0.9994
Iteration: 38500. Loss: 0.06674695014953613. Accuracy: 91.44973070017953. AUC-ROC: 0.9996. AUC-PR: 0.9993
Iteration: 39000. Loss: 0.08473625034093857. Accuracy: 90.54084380610414. AUC-ROC: 0.9996. AUC-PR: 0.9993
Iteration: 39500. Loss: 0.07158789783716202. Accuracy: 90.28276481149013. AUC-ROC: 0.9996. AUC-PR: 0.9992
Iteration: 40000. Loss: 0.06980008631944656. Accuracy: 90.39497307001795. AUC-ROC: 0.9996. AUC-PR: 0.9992
Iteration: 40500. Loss: 0.06806304305791855. Accuracy: 90.87746858168761. AUC-ROC: 0.9996. AUC-PR: 0.9993
Iteration: 41000. Loss: 0.0676708072423935. Accuracy: 90.93357271095152. AUC-ROC: 0.9996. AUC-PR: 0.9992
Iteration: 41500. Loss: 0.06760265678167343. Accuracy: 91.2140933572711. AUC-ROC: 0.9996. AUC-PR: 0.9993
Iteration: 42000. Loss: 0.07312056422233582. Accuracy: 91.42728904847397. AUC-ROC: 0.9996. AUC-PR: 0.9993
Iteration: 42500. Loss: 0.09309569001197815. Accuracy: 90.27154398563734. AUC-ROC: 0.9996. AUC-PR: 0.9993
Iteration: 43000. Loss: 0.08389807492494583. Accuracy: 90.46229802513464. AUC-ROC: 0.9996. AUC-PR: 0.9993
Iteration: 43500. Loss: 0.07135371118783951. Accuracy: 91.20287253141831. AUC-ROC: 0.9996. AUC-PR: 0.9993
Iteration: 44000. Loss: 0.06335665285587311. Accuracy: 90.43985637342908. AUC-ROC: 0.9996. AUC-PR: 0.9992
Iteration: 44500. Loss: 0.06711772829294205. Accuracy: 91.2140933572711. AUC-ROC: 0.9996. AUC-PR: 0.9993
Iteration: 45000. Loss: 0.06888571381568909. Accuracy: 91.06822262118492. AUC-ROC: 0.9996. AUC-PR: 0.9993
Iteration: 45500. Loss: 0.08489014208316803. Accuracy: 90.78770197486536. AUC-ROC: 0.9996. AUC-PR: 0.9993
Iteration: 46000. Loss: 0.0636720359325409. Accuracy: 89.99102333931778. AUC-ROC: 0.9996. AUC-PR: 0.9993
Iteration: 46500. Loss: 0.06573669612407684. Accuracy: 91.12432675044883. AUC-ROC: 0.9996. AUC-PR: 0.9993
Iteration: 47000. Loss: 0.0719396322965622. Accuracy: 91.42728904847397. AUC-ROC: 0.9996. AUC-PR: 0.9993
Iteration: 47500. Loss: 0.0870419442653656. Accuracy: 90.8886894075404. AUC-ROC: 0.9997. AUC-PR: 0.9993
Iteration: 48000. Loss: 0.06858384609222412. Accuracy: 90.83258527827648. AUC-ROC: 0.9997. AUC-PR: 0.9993
Iteration: 48500. Loss: 0.06228344142436981. Accuracy: 91.56193895870736. AUC-ROC: 0.9997. AUC-PR: 0.9993
Iteration: 49000. Loss: 0.06321796029806137. Accuracy: 91.24775583482945. AUC-ROC: 0.9996. AUC-PR: 0.9993
Iteration: 49500. Loss: 0.05057865381240845. Accuracy: 90.51840215439856. AUC-ROC: 0.9996. AUC-PR: 0.9993
Iteration: 50000. Loss: 0.09111665189266205. Accuracy: 90.52962298025135. AUC-ROC: 0.9997. AUC-PR: 0.9994
Iteration: 50500. Loss: 0.05599250644445419. Accuracy: 90.15933572710952. AUC-ROC: 0.9996. AUC-PR: 0.9993
Iteration: 51000. Loss: 0.0616803914308548. Accuracy: 90.46229802513464. AUC-ROC: 0.9996. AUC-PR: 0.9993
Iteration: 51500. Loss: 0.062450166791677475. Accuracy: 91.20287253141831. AUC-ROC: 0.9996. AUC-PR: 0.9993
Iteration: 52000. Loss: 0.05475864186882973. Accuracy: 90.57450628366247. AUC-ROC: 0.9997. AUC-PR: 0.9994
Iteration: 52500. Loss: 0.06217446178197861. Accuracy: 91.7302513464991. AUC-ROC: 0.9997. AUC-PR: 0.9993
Iteration: 53000. Loss: 0.058696359395980835. Accuracy: 90.19299820466786. AUC-ROC: 0.9997. AUC-PR: 0.9994
Iteration: 53500. Loss: 0.052057601511478424. Accuracy: 90.29398563734291. AUC-ROC: 0.9997. AUC-PR: 0.9994
Iteration: 54000. Loss: 0.07396864891052246. Accuracy: 92.35861759425494. AUC-ROC: 0.9996. AUC-PR: 0.9993
Iteration: 54500. Loss: 0.05133158341050148. Accuracy: 91.65170556552962. AUC-ROC: 0.9997. AUC-PR: 0.9994
Iteration: 55000. Loss: 0.04619858041405678. Accuracy: 90.81014362657092. AUC-ROC: 0.9997. AUC-PR: 0.9994
Iteration: 55500. Loss: 0.05854005739092827. Accuracy: 91.38240574506284. AUC-ROC: 0.9997. AUC-PR: 0.9993
Iteration: 56000. Loss: 0.0570574514567852. Accuracy: 90.92235188509875. AUC-ROC: 0.9997. AUC-PR: 0.9994
Iteration: 56500. Loss: 0.0552971251308918. Accuracy: 91.18043087971274. AUC-ROC: 0.9997. AUC-PR: 0.9994
Iteration: 57000. Loss: 0.056026749312877655. Accuracy: 90.31642728904848. AUC-ROC: 0.9997. AUC-PR: 0.9994
Iteration: 57500. Loss: 0.04680054634809494. Accuracy: 91.15798922800718. AUC-ROC: 0.9997. AUC-PR: 0.9994
Iteration: 58000. Loss: 0.05316879227757454. Accuracy: 91.35996409335728. AUC-ROC: 0.9997. AUC-PR: 0.9993
Iteration: 58500. Loss: 0.05351085960865021. Accuracy: 90.86624775583483. AUC-ROC: 0.9997. AUC-PR: 0.9994
Iteration: 59000. Loss: 0.06469064205884933. Accuracy: 91.55071813285458. AUC-ROC: 0.9997. AUC-PR: 0.9994
Iteration: 59500. Loss: 0.0519859716296196. Accuracy: 90.3613105924596. AUC-ROC: 0.9997. AUC-PR: 0.9994
Iteration: 60000. Loss: 0.047906383872032166. Accuracy: 90.74281867145422. AUC-ROC: 0.9997. AUC-PR: 0.9995
Iteration: 60500. Loss: 0.0585528239607811. Accuracy: 92.79622980251347. AUC-ROC: 0.9996. AUC-PR: 0.9993
Iteration: 61000. Loss: 0.07043483853340149. Accuracy: 91.34874326750449. AUC-ROC: 0.9997. AUC-PR: 0.9994
Iteration: 61500. Loss: 0.055237412452697754. Accuracy: 90.48473967684022. AUC-ROC: 0.9997. AUC-PR: 0.9995
Iteration: 62000. Loss: 0.042934712022542953. Accuracy: 90.57450628366247. AUC-ROC: 0.9997. AUC-PR: 0.9994
Iteration: 62500. Loss: 0.04889801889657974. Accuracy: 91.30385996409336. AUC-ROC: 0.9997. AUC-PR: 0.9994
Iteration: 63000. Loss: 0.05189799517393112. Accuracy: 90.27154398563734. AUC-ROC: 0.9997. AUC-PR: 0.9995
Iteration: 63500. Loss: 0.05933031067252159. Accuracy: 90.81014362657092. AUC-ROC: 0.9997. AUC-PR: 0.9995
Iteration: 64000. Loss: 0.04711327701807022. Accuracy: 90.72037701974865. AUC-ROC: 0.9997. AUC-PR: 0.9995
Iteration: 64500. Loss: 0.04652165621519089. Accuracy: 91.34874326750449. AUC-ROC: 0.9997. AUC-PR: 0.9994
Iteration: 65000. Loss: 0.05673856660723686. Accuracy: 91.15798922800718. AUC-ROC: 0.9997. AUC-PR: 0.9995
Iteration: 65500. Loss: 0.05148714780807495. Accuracy: 90.91113105924596. AUC-ROC: 0.9997. AUC-PR: 0.9995
Iteration: 66000. Loss: 0.03672788292169571. Accuracy: 90.11445242369838. AUC-ROC: 0.9998. AUC-PR: 0.9995
Iteration: 66500. Loss: 0.043539099395275116. Accuracy: 91.51705565529623. AUC-ROC: 0.9997. AUC-PR: 0.9994
Iteration: 67000. Loss: 0.04181377589702606. Accuracy: 91.89856373429085. AUC-ROC: 0.9997. AUC-PR: 0.9994
Iteration: 67500. Loss: 0.05667167156934738. Accuracy: 91.34874326750449. AUC-ROC: 0.9997. AUC-PR: 0.9994
Iteration: 68000. Loss: 0.04957340657711029. Accuracy: 90.48473967684022. AUC-ROC: 0.9997. AUC-PR: 0.9995
Iteration: 68500. Loss: 0.04645255208015442. Accuracy: 90.24910233393177. AUC-ROC: 0.9998. AUC-PR: 0.9996
Iteration: 69000. Loss: 0.03896620124578476. Accuracy: 90.97845601436266. AUC-ROC: 0.9997. AUC-PR: 0.9994
Iteration: 69500. Loss: 0.05120731145143509. Accuracy: 91.04578096947935. AUC-ROC: 0.9997. AUC-PR: 0.9994
Iteration: 70000. Loss: 0.04060310870409012. Accuracy: 91.0794434470377. AUC-ROC: 0.9997. AUC-PR: 0.9994

--- Model Training Complete ---

Model weights saved to  trained_model/lstm_model_weights_hidden32_320l.json
