libs loaded
device: cuda
starting...
data found
features split
features split
data loaded
about to enter training loop
Iteration: 500. Loss: 0.6157674193382263. Accuracy: 64.2748588797221. AUC-ROC: 0.9972. AUC-PR: 0.9964
Iteration: 1000. Loss: 0.5936397314071655. Accuracy: 64.2748588797221. AUC-ROC: 0.9969. AUC-PR: 0.9951
Iteration: 1500. Loss: 0.5512070655822754. Accuracy: 64.2748588797221. AUC-ROC: 0.9994. AUC-PR: 0.9990
Iteration: 2000. Loss: 0.5224576592445374. Accuracy: 64.2748588797221. AUC-ROC: 0.9993. AUC-PR: 0.9990
Iteration: 2500. Loss: 0.5047763586044312. Accuracy: 64.2748588797221. AUC-ROC: 0.9993. AUC-PR: 0.9990
Iteration: 3000. Loss: 0.4665950536727905. Accuracy: 64.2748588797221. AUC-ROC: 0.9995. AUC-PR: 0.9993
Iteration: 3500. Loss: 0.44579392671585083. Accuracy: 64.2748588797221. AUC-ROC: 0.9994. AUC-PR: 0.9992
Iteration: 4000. Loss: 0.4311988949775696. Accuracy: 99.4572297003908. AUC-ROC: 0.9995. AUC-PR: 0.9992
Iteration: 4500. Loss: 0.40944764018058777. Accuracy: 99.587494572297. AUC-ROC: 0.9995. AUC-PR: 0.9993
Iteration: 5000. Loss: 0.3861578702926636. Accuracy: 99.8697351280938. AUC-ROC: 1.0000. AUC-PR: 1.0000
Iteration: 5500. Loss: 0.3580750823020935. Accuracy: 99.46808510638297. AUC-ROC: 1.0000. AUC-PR: 1.0000
Iteration: 6000. Loss: 0.3607800602912903. Accuracy: 99.3161094224924. AUC-ROC: 1.0000. AUC-PR: 1.0000
Iteration: 6500. Loss: 0.33773016929626465. Accuracy: 99.2509769865393. AUC-ROC: 1.0000. AUC-PR: 1.0000
Iteration: 7000. Loss: 0.32694441080093384. Accuracy: 99.19669995657837. AUC-ROC: 1.0000. AUC-PR: 1.0000
Iteration: 7500. Loss: 0.348930299282074. Accuracy: 98.11115935735997. AUC-ROC: 1.0000. AUC-PR: 0.9999
Iteration: 8000. Loss: 0.29319632053375244. Accuracy: 98.11115935735997. AUC-ROC: 0.9999. AUC-PR: 0.9997
Iteration: 8500. Loss: 0.29664379358291626. Accuracy: 98.11115935735997. AUC-ROC: 0.9998. AUC-PR: 0.9997
Iteration: 9000. Loss: 0.27504727244377136. Accuracy: 96.80851063829788. AUC-ROC: 0.9997. AUC-PR: 0.9995
Iteration: 9500. Loss: 0.546786904335022. Accuracy: 64.2748588797221. AUC-ROC: 0.9999. AUC-PR: 0.9998
Iteration: 10000. Loss: 0.4958677589893341. Accuracy: 64.2748588797221. AUC-ROC: 1.0000. AUC-PR: 0.9999
Iteration: 10500. Loss: 0.47633567452430725. Accuracy: 64.2748588797221. AUC-ROC: 1.0000. AUC-PR: 1.0000
Iteration: 11000. Loss: 0.4481363594532013. Accuracy: 64.2748588797221. AUC-ROC: 0.9999. AUC-PR: 0.9999
Iteration: 11500. Loss: 0.4269408583641052. Accuracy: 64.2748588797221. AUC-ROC: 0.9999. AUC-PR: 0.9999
Iteration: 12000. Loss: 0.42183178663253784. Accuracy: 64.2748588797221. AUC-ROC: 1.0000. AUC-PR: 1.0000
Iteration: 12500. Loss: 0.41332459449768066. Accuracy: 64.2748588797221. AUC-ROC: 1.0000. AUC-PR: 1.0000
Iteration: 13000. Loss: 0.4109404385089874. Accuracy: 97.48154580981328. AUC-ROC: 0.9999. AUC-PR: 0.9998
Iteration: 13500. Loss: 0.3842037320137024. Accuracy: 99.84802431610942. AUC-ROC: 1.0000. AUC-PR: 1.0000
Iteration: 14000. Loss: 0.3751363754272461. Accuracy: 99.82631350412505. AUC-ROC: 1.0000. AUC-PR: 0.9999
Iteration: 14500. Loss: 0.37060725688934326. Accuracy: 99.81545809813286. AUC-ROC: 1.0000. AUC-PR: 1.0000
Iteration: 15000. Loss: 0.36540621519088745. Accuracy: 99.7937472861485. AUC-ROC: 1.0000. AUC-PR: 1.0000
Iteration: 15500. Loss: 0.3652806580066681. Accuracy: 99.77203647416414. AUC-ROC: 0.9999. AUC-PR: 0.9999
Iteration: 16000. Loss: 0.3463420867919922. Accuracy: 99.65262700825011. AUC-ROC: 1.0000. AUC-PR: 1.0000
Iteration: 16500. Loss: 0.34756940603256226. Accuracy: 99.53321754233609. AUC-ROC: 1.0000. AUC-PR: 1.0000
Iteration: 17000. Loss: 0.33070820569992065. Accuracy: 99.13156752062527. AUC-ROC: 1.0000. AUC-PR: 0.9999
Iteration: 17500. Loss: 0.3268924951553345. Accuracy: 99.20755536257056. AUC-ROC: 1.0000. AUC-PR: 1.0000
Iteration: 18000. Loss: 0.3448392152786255. Accuracy: 99.21841076856275. AUC-ROC: 1.0000. AUC-PR: 1.0000
Iteration: 18500. Loss: 0.3166823089122772. Accuracy: 99.81545809813286. AUC-ROC: 1.0000. AUC-PR: 1.0000
Iteration: 19000. Loss: 0.3079516589641571. Accuracy: 99.32696482848459. AUC-ROC: 1.0000. AUC-PR: 1.0000
Iteration: 19500. Loss: 0.33107757568359375. Accuracy: 99.78289188015631. AUC-ROC: 1.0000. AUC-PR: 1.0000
Iteration: 20000. Loss: 0.30989256501197815. Accuracy: 99.78289188015631. AUC-ROC: 1.0000. AUC-PR: 1.0000
Iteration: 20500. Loss: 0.2968516945838928. Accuracy: 99.7937472861485. AUC-ROC: 1.0000. AUC-PR: 1.0000
Iteration: 21000. Loss: 0.2813798487186432. Accuracy: 99.48979591836735. AUC-ROC: 1.0000. AUC-PR: 1.0000
Iteration: 21500. Loss: 0.2790875732898712. Accuracy: 99.7937472861485. AUC-ROC: 1.0000. AUC-PR: 1.0000
Iteration: 22000. Loss: 0.296320378780365. Accuracy: 99.17498914459401. AUC-ROC: 1.0000. AUC-PR: 1.0000
Iteration: 22500. Loss: 0.26949769258499146. Accuracy: 99.7937472861485. AUC-ROC: 1.0000. AUC-PR: 1.0000
Iteration: 23000. Loss: 0.26660415530204773. Accuracy: 99.78289188015631. AUC-ROC: 1.0000. AUC-PR: 1.0000
Iteration: 23500. Loss: 0.2602856755256653. Accuracy: 98.94702561875815. AUC-ROC: 1.0000. AUC-PR: 1.0000
Iteration: 24000. Loss: 0.2674282193183899. Accuracy: 99.67433782023447. AUC-ROC: 1.0000. AUC-PR: 1.0000
Iteration: 24500. Loss: 0.26147687435150146. Accuracy: 99.19669995657837. AUC-ROC: 1.0000. AUC-PR: 1.0000
Iteration: 25000. Loss: 0.2557326555252075. Accuracy: 99.78289188015631. AUC-ROC: 1.0000. AUC-PR: 1.0000
Iteration: 25500. Loss: 0.24444927275180817. Accuracy: 99.46808510638297. AUC-ROC: 1.0000. AUC-PR: 1.0000
Iteration: 26000. Loss: 0.2619154155254364. Accuracy: 99.69604863221885. AUC-ROC: 1.0000. AUC-PR: 1.0000
Iteration: 26500. Loss: 0.28261348605155945. Accuracy: 99.55492835432045. AUC-ROC: 1.0000. AUC-PR: 1.0000
Iteration: 27000. Loss: 0.2374517023563385. Accuracy: 99.55492835432045. AUC-ROC: 1.0000. AUC-PR: 1.0000
Iteration: 27500. Loss: 0.23315149545669556. Accuracy: 99.59834997828919. AUC-ROC: 1.0000. AUC-PR: 1.0000
Iteration: 28000. Loss: 0.2677798271179199. Accuracy: 99.55492835432045. AUC-ROC: 1.0000. AUC-PR: 1.0000
Iteration: 28500. Loss: 0.2410266399383545. Accuracy: 99.55492835432045. AUC-ROC: 1.0000. AUC-PR: 1.0000
Iteration: 29000. Loss: 0.22780194878578186. Accuracy: 99.35953104646114. AUC-ROC: 1.0000. AUC-PR: 1.0000
Iteration: 29500. Loss: 0.22086822986602783. Accuracy: 99.55492835432045. AUC-ROC: 1.0000. AUC-PR: 1.0000
Iteration: 30000. Loss: 0.21830174326896667. Accuracy: 99.55492835432045. AUC-ROC: 1.0000. AUC-PR: 1.0000
Iteration: 30500. Loss: 0.21066197752952576. Accuracy: 99.55492835432045. AUC-ROC: 1.0000. AUC-PR: 1.0000
Iteration: 31000. Loss: 0.21353429555892944. Accuracy: 99.55492835432045. AUC-ROC: 1.0000. AUC-PR: 1.0000
Iteration: 31500. Loss: 0.2089160829782486. Accuracy: 99.56578376031264. AUC-ROC: 1.0000. AUC-PR: 1.0000
Iteration: 32000. Loss: 0.22178548574447632. Accuracy: 99.55492835432045. AUC-ROC: 1.0000. AUC-PR: 1.0000
Iteration: 32500. Loss: 0.20116612315177917. Accuracy: 99.56578376031264. AUC-ROC: 1.0000. AUC-PR: 1.0000
Iteration: 33000. Loss: 0.2005321979522705. Accuracy: 99.55492835432045. AUC-ROC: 0.9999. AUC-PR: 0.9999
Iteration: 33500. Loss: 0.21361024677753448. Accuracy: 99.3161094224924. AUC-ROC: 1.0000. AUC-PR: 1.0000
Iteration: 34000. Loss: 0.19051215052604675. Accuracy: 99.57663916630482. AUC-ROC: 1.0000. AUC-PR: 1.0000
Iteration: 34500. Loss: 0.18896083533763885. Accuracy: 99.56578376031264. AUC-ROC: 1.0000. AUC-PR: 1.0000
Iteration: 35000. Loss: 0.19253093004226685. Accuracy: 99.57663916630482. AUC-ROC: 1.0000. AUC-PR: 1.0000
Iteration: 35500. Loss: 0.18554356694221497. Accuracy: 99.56578376031264. AUC-ROC: 1.0000. AUC-PR: 1.0000
Iteration: 36000. Loss: 0.21273720264434814. Accuracy: 99.6634824142423. AUC-ROC: 1.0000. AUC-PR: 1.0000
Iteration: 36500. Loss: 0.21615052223205566. Accuracy: 99.57663916630482. AUC-ROC: 1.0000. AUC-PR: 1.0000
Iteration: 37000. Loss: 0.1821124404668808. Accuracy: 99.42466348241425. AUC-ROC: 1.0000. AUC-PR: 1.0000
Iteration: 37500. Loss: 0.19877208769321442. Accuracy: 99.35953104646114. AUC-ROC: 1.0000. AUC-PR: 1.0000
Iteration: 38000. Loss: 0.1882808953523636. Accuracy: 99.60920538428137. AUC-ROC: 1.0000. AUC-PR: 1.0000
Iteration: 38500. Loss: 0.16974994540214539. Accuracy: 99.69604863221885. AUC-ROC: 1.0000. AUC-PR: 1.0000
Iteration: 39000. Loss: 0.17253226041793823. Accuracy: 99.40295267042987. AUC-ROC: 1.0000. AUC-PR: 1.0000
Iteration: 39500. Loss: 0.1665814220905304. Accuracy: 99.71775944420321. AUC-ROC: 1.0000. AUC-PR: 1.0000
Iteration: 40000. Loss: 0.16634441912174225. Accuracy: 99.75032566217976. AUC-ROC: 1.0000. AUC-PR: 1.0000
Iteration: 40500. Loss: 0.17273607850074768. Accuracy: 99.69604863221885. AUC-ROC: 1.0000. AUC-PR: 1.0000
Iteration: 41000. Loss: 0.16406095027923584. Accuracy: 99.69604863221885. AUC-ROC: 1.0000. AUC-PR: 1.0000
Iteration: 41500. Loss: 0.1622992753982544. Accuracy: 99.54407294832826. AUC-ROC: 1.0000. AUC-PR: 1.0000
Iteration: 42000. Loss: 0.16566064953804016. Accuracy: 99.69604863221885. AUC-ROC: 1.0000. AUC-PR: 1.0000
Iteration: 42500. Loss: 0.15822748839855194. Accuracy: 99.73947025618759. AUC-ROC: 1.0000. AUC-PR: 1.0000
Iteration: 43000. Loss: 0.198091059923172. Accuracy: 99.83716891011724. AUC-ROC: 1.0000. AUC-PR: 1.0000
Iteration: 43500. Loss: 0.1607249677181244. Accuracy: 99.92401215805471. AUC-ROC: 1.0000. AUC-PR: 1.0000
Iteration: 44000. Loss: 0.14830224215984344. Accuracy: 99.76118106817195. AUC-ROC: 1.0000. AUC-PR: 1.0000
Iteration: 44500. Loss: 0.14967168867588043. Accuracy: 99.98914459400781. AUC-ROC: 1.0000. AUC-PR: 1.0000
Iteration: 45000. Loss: 0.14581692218780518. Accuracy: 99.9348675640469. AUC-ROC: 1.0000. AUC-PR: 1.0000
Iteration: 45500. Loss: 0.17898279428482056. Accuracy: 99.98914459400781. AUC-ROC: 1.0000. AUC-PR: 1.0000
Iteration: 46000. Loss: 0.14985740184783936. Accuracy: 99.9348675640469. AUC-ROC: 1.0000. AUC-PR: 1.0000
Iteration: 46500. Loss: 0.1420859694480896. Accuracy: 99.75032566217976. AUC-ROC: 1.0000. AUC-PR: 1.0000
Iteration: 47000. Loss: 0.1443827748298645. Accuracy: 99.97828918801564. AUC-ROC: 1.0000. AUC-PR: 1.0000
Iteration: 47500. Loss: 0.14771941304206848. Accuracy: 99.96743378202345. AUC-ROC: 1.0000. AUC-PR: 1.0000
Iteration: 48000. Loss: 0.13827970623970032. Accuracy: 99.8697351280938. AUC-ROC: 1.0000. AUC-PR: 1.0000
Iteration: 48500. Loss: 0.14312496781349182. Accuracy: 99.3161094224924. AUC-ROC: 1.0000. AUC-PR: 1.0000
Iteration: 49000. Loss: 0.13323041796684265. Accuracy: 99.92401215805471. AUC-ROC: 1.0000. AUC-PR: 1.0000
Iteration: 49500. Loss: 0.1442541629076004. Accuracy: 99.94572297003909. AUC-ROC: 1.0000. AUC-PR: 1.0000
Iteration: 50000. Loss: 0.13160467147827148. Accuracy: 99.55492835432045. AUC-ROC: 1.0000. AUC-PR: 1.0000
Iteration: 50500. Loss: 0.16277143359184265. Accuracy: 100.0. AUC-ROC: 1.0000. AUC-PR: 1.0000
Iteration: 51000. Loss: 0.1350645124912262. Accuracy: 99.68519322622666. AUC-ROC: 1.0000. AUC-PR: 1.0000
Iteration: 51500. Loss: 0.15905369818210602. Accuracy: 99.95657837603126. AUC-ROC: 1.0000. AUC-PR: 1.0000
Iteration: 52000. Loss: 0.1471855789422989. Accuracy: 100.0. AUC-ROC: 1.0000. AUC-PR: 1.0000
Iteration: 52500. Loss: 0.12562164664268494. Accuracy: 99.8697351280938. AUC-ROC: 1.0000. AUC-PR: 1.0000
Iteration: 53000. Loss: 0.12836450338363647. Accuracy: 99.95657837603126. AUC-ROC: 1.0000. AUC-PR: 1.0000
Iteration: 53500. Loss: 0.12537534534931183. Accuracy: 100.0. AUC-ROC: 1.0000. AUC-PR: 1.0000
Iteration: 54000. Loss: 0.12295325100421906. Accuracy: 100.0. AUC-ROC: 1.0000. AUC-PR: 1.0000
Iteration: 54500. Loss: 0.14360059797763824. Accuracy: 100.0. AUC-ROC: 1.0000. AUC-PR: 1.0000
Iteration: 55000. Loss: 0.12765216827392578. Accuracy: 100.0. AUC-ROC: 1.0000. AUC-PR: 1.0000
Iteration: 55500. Loss: 0.11985687166452408. Accuracy: 99.97828918801564. AUC-ROC: 1.0000. AUC-PR: 1.0000
Iteration: 56000. Loss: 0.12988916039466858. Accuracy: 100.0. AUC-ROC: 1.0000. AUC-PR: 1.0000
Iteration: 56500. Loss: 0.12022644281387329. Accuracy: 99.65262700825011. AUC-ROC: 1.0000. AUC-PR: 1.0000
Iteration: 57000. Loss: 0.11651124060153961. Accuracy: 99.97828918801564. AUC-ROC: 1.0000. AUC-PR: 1.0000
Iteration: 57500. Loss: 0.11960800737142563. Accuracy: 100.0. AUC-ROC: 1.0000. AUC-PR: 1.0000
Iteration: 58000. Loss: 0.11930276453495026. Accuracy: 100.0. AUC-ROC: 1.0000. AUC-PR: 1.0000
Iteration: 58500. Loss: 0.15254899859428406. Accuracy: 100.0. AUC-ROC: 1.0000. AUC-PR: 1.0000
Iteration: 59000. Loss: 0.11190546303987503. Accuracy: 100.0. AUC-ROC: 1.0000. AUC-PR: 1.0000
Iteration: 59500. Loss: 0.11800517141819. Accuracy: 99.73947025618759. AUC-ROC: 1.0000. AUC-PR: 1.0000
Iteration: 60000. Loss: 0.11363134533166885. Accuracy: 99.98914459400781. AUC-ROC: 1.0000. AUC-PR: 1.0000
Iteration: 60500. Loss: 0.11027811467647552. Accuracy: 99.97828918801564. AUC-ROC: 1.0000. AUC-PR: 1.0000
Iteration: 61000. Loss: 0.10712932050228119. Accuracy: 99.8588797221016. AUC-ROC: 1.0000. AUC-PR: 1.0000
Iteration: 61500. Loss: 0.10982261598110199. Accuracy: 99.97828918801564. AUC-ROC: 1.0000. AUC-PR: 1.0000
Iteration: 62000. Loss: 0.11503790318965912. Accuracy: 100.0. AUC-ROC: 1.0000. AUC-PR: 1.0000
Iteration: 62500. Loss: 0.1303059607744217. Accuracy: 99.97828918801564. AUC-ROC: 1.0000. AUC-PR: 1.0000
Iteration: 63000. Loss: 0.10690035670995712. Accuracy: 99.96743378202345. AUC-ROC: 1.0000. AUC-PR: 1.0000
Iteration: 63500. Loss: 0.10771430283784866. Accuracy: 99.98914459400781. AUC-ROC: 1.0000. AUC-PR: 1.0000
Iteration: 64000. Loss: 0.11987581104040146. Accuracy: 99.96743378202345. AUC-ROC: 1.0000. AUC-PR: 1.0000
Iteration: 64500. Loss: 0.10636664927005768. Accuracy: 99.53321754233609. AUC-ROC: 1.0000. AUC-PR: 1.0000
Iteration: 65000. Loss: 0.10603123158216476. Accuracy: 100.0. AUC-ROC: 1.0000. AUC-PR: 1.0000
Iteration: 65500. Loss: 0.10242041945457458. Accuracy: 100.0. AUC-ROC: 1.0000. AUC-PR: 1.0000
Iteration: 66000. Loss: 0.10104379802942276. Accuracy: 99.97828918801564. AUC-ROC: 1.0000. AUC-PR: 1.0000
Iteration: 66500. Loss: 0.11102263629436493. Accuracy: 99.75032566217976. AUC-ROC: 1.0000. AUC-PR: 1.0000
Iteration: 67000. Loss: 0.09860140830278397. Accuracy: 99.94572297003909. AUC-ROC: 1.0000. AUC-PR: 1.0000
Iteration: 67500. Loss: 0.10010652989149094. Accuracy: 99.98914459400781. AUC-ROC: 1.0000. AUC-PR: 1.0000
Iteration: 68000. Loss: 0.10547459125518799. Accuracy: 99.97828918801564. AUC-ROC: 1.0000. AUC-PR: 1.0000
Iteration: 68500. Loss: 0.09600730240345001. Accuracy: 100.0. AUC-ROC: 1.0000. AUC-PR: 1.0000
Iteration: 69000. Loss: 0.09796784818172455. Accuracy: 99.97828918801564. AUC-ROC: 1.0000. AUC-PR: 1.0000
Iteration: 69500. Loss: 0.09511078894138336. Accuracy: 99.97828918801564. AUC-ROC: 1.0000. AUC-PR: 1.0000
Iteration: 70000. Loss: 0.09715600311756134. Accuracy: 100.0. AUC-ROC: 1.0000. AUC-PR: 1.0000
Iteration: 70500. Loss: 0.09320342540740967. Accuracy: 99.97828918801564. AUC-ROC: 1.0000. AUC-PR: 1.0000
Iteration: 71000. Loss: 0.11772526800632477. Accuracy: 100.0. AUC-ROC: 1.0000. AUC-PR: 1.0000
Iteration: 71500. Loss: 0.09938967227935791. Accuracy: 100.0. AUC-ROC: 1.0000. AUC-PR: 1.0000

--- Model Training Complete ---

Model weights saved to  trained_model/lstm_model_weights_hidden32_20l.json
