libs loaded
device: cuda
starting...
data found
features split
features split
data loaded
about to enter training loop
Iteration: 500. Loss: 0.5460180044174194. Accuracy: 64.20516157015831. AUC-ROC: 0.9986. AUC-PR: 0.9981
Iteration: 1000. Loss: 0.5181890726089478. Accuracy: 64.20516157015831. AUC-ROC: 0.9988. AUC-PR: 0.9985
Iteration: 1500. Loss: 0.48626887798309326. Accuracy: 64.20516157015831. AUC-ROC: 0.9976. AUC-PR: 0.9968
Iteration: 2000. Loss: 0.4535125494003296. Accuracy: 64.20516157015831. AUC-ROC: 0.9994. AUC-PR: 0.9989
Iteration: 2500. Loss: 0.3720032572746277. Accuracy: 98.24333116460637. AUC-ROC: 0.9977. AUC-PR: 0.9969
Iteration: 3000. Loss: 0.37448355555534363. Accuracy: 99.26263283452613. AUC-ROC: 0.9999. AUC-PR: 0.9998
Iteration: 3500. Loss: 0.3428459167480469. Accuracy: 98.12405118195619. AUC-ROC: 0.9999. AUC-PR: 0.9999
Iteration: 4000. Loss: 0.3141491115093231. Accuracy: 98.62285838212969. AUC-ROC: 0.9967. AUC-PR: 0.9953
Iteration: 4500. Loss: 0.23906493186950684. Accuracy: 96.69269139015398. AUC-ROC: 0.9999. AUC-PR: 0.9999
Iteration: 5000. Loss: 0.3288366198539734. Accuracy: 94.90349165040122. AUC-ROC: 0.9999. AUC-PR: 0.9999
Iteration: 5500. Loss: 0.23811617493629456. Accuracy: 95.04445890262416. AUC-ROC: 0.9992. AUC-PR: 0.9989
Iteration: 6000. Loss: 0.21633698046207428. Accuracy: 93.78659726740403. AUC-ROC: 0.9999. AUC-PR: 0.9999
Iteration: 6500. Loss: 0.27735912799835205. Accuracy: 93.56972457167643. AUC-ROC: 0.9999. AUC-PR: 0.9998
Iteration: 7000. Loss: 0.19545888900756836. Accuracy: 92.92995011927998. AUC-ROC: 0.9999. AUC-PR: 0.9998
Iteration: 7500. Loss: 0.19875554740428925. Accuracy: 93.78659726740403. AUC-ROC: 0.9999. AUC-PR: 0.9998
Iteration: 8000. Loss: 0.21748828887939453. Accuracy: 93.99262632834527. AUC-ROC: 0.9999. AUC-PR: 0.9998
Iteration: 8500. Loss: 0.4802747964859009. Accuracy: 64.20516157015831. AUC-ROC: 0.9999. AUC-PR: 0.9998
Iteration: 9000. Loss: 0.5041830539703369. Accuracy: 64.20516157015831. AUC-ROC: 0.9999. AUC-PR: 0.9998
Iteration: 9500. Loss: 0.31048935651779175. Accuracy: 64.20516157015831. AUC-ROC: 0.9999. AUC-PR: 0.9998
Iteration: 10000. Loss: 0.301875501871109. Accuracy: 99.75059639991325. AUC-ROC: 0.9999. AUC-PR: 0.9998
Iteration: 10500. Loss: 0.27365732192993164. Accuracy: 99.62047278247668. AUC-ROC: 0.9999. AUC-PR: 0.9998
Iteration: 11000. Loss: 0.2643505334854126. Accuracy: 99.03491650401214. AUC-ROC: 0.9999. AUC-PR: 0.9998
Iteration: 11500. Loss: 0.2670138478279114. Accuracy: 98.95901106050748. AUC-ROC: 0.9999. AUC-PR: 0.9998
Iteration: 12000. Loss: 0.23224499821662903. Accuracy: 98.36261114725656. AUC-ROC: 0.9999. AUC-PR: 0.9998
Iteration: 12500. Loss: 0.2406470626592636. Accuracy: 97.83127304272392. AUC-ROC: 0.9999. AUC-PR: 0.9998
Iteration: 13000. Loss: 0.22096437215805054. Accuracy: 97.59271307742355. AUC-ROC: 0.9999. AUC-PR: 0.9998
Iteration: 13500. Loss: 0.21207556128501892. Accuracy: 97.33246584255042. AUC-ROC: 0.9998. AUC-PR: 0.9997
Iteration: 14000. Loss: 0.1925806701183319. Accuracy: 97.00715679895902. AUC-ROC: 0.9999. AUC-PR: 0.9998
Iteration: 14500. Loss: 0.17124730348587036. Accuracy: 96.97462589459987. AUC-ROC: 0.9998. AUC-PR: 0.9997
Iteration: 15000. Loss: 0.19664844870567322. Accuracy: 96.58425504229018. AUC-ROC: 0.9999. AUC-PR: 0.9998
Iteration: 15500. Loss: 0.16581498086452484. Accuracy: 96.77944046844502. AUC-ROC: 0.9999. AUC-PR: 0.9998
Iteration: 16000. Loss: 0.17474249005317688. Accuracy: 97.1264367816092. AUC-ROC: 0.9998. AUC-PR: 0.9997
Iteration: 16500. Loss: 0.1586194485425949. Accuracy: 96.63847321622208. AUC-ROC: 0.9998. AUC-PR: 0.9997
Iteration: 17000. Loss: 0.17205829918384552. Accuracy: 95.49989156365214. AUC-ROC: 0.9999. AUC-PR: 0.9998
Iteration: 17500. Loss: 0.14870664477348328. Accuracy: 95.36976794621557. AUC-ROC: 0.9999. AUC-PR: 0.9998
Iteration: 18000. Loss: 0.13500015437602997. Accuracy: 96.00954239861201. AUC-ROC: 0.9998. AUC-PR: 0.9997
Iteration: 18500. Loss: 0.169167622923851. Accuracy: 94.90349165040122. AUC-ROC: 0.9998. AUC-PR: 0.9997
Iteration: 19000. Loss: 0.153160959482193. Accuracy: 94.78421166775102. AUC-ROC: 0.9999. AUC-PR: 0.9998
Iteration: 19500. Loss: 0.13498149812221527. Accuracy: 94.7950553025374. AUC-ROC: 0.9998. AUC-PR: 0.9997
Iteration: 20000. Loss: 0.12576159834861755. Accuracy: 94.56733897202342. AUC-ROC: 0.9999. AUC-PR: 0.9998
Iteration: 20500. Loss: 0.11566872894763947. Accuracy: 94.36130991108219. AUC-ROC: 0.9998. AUC-PR: 0.9997
Iteration: 21000. Loss: 0.12428891658782959. Accuracy: 94.39384081544134. AUC-ROC: 0.9999. AUC-PR: 0.9998
Iteration: 21500. Loss: 0.11654932051897049. Accuracy: 94.30709173715029. AUC-ROC: 0.9999. AUC-PR: 0.9998
Iteration: 22000. Loss: 0.13773643970489502. Accuracy: 94.23118629364564. AUC-ROC: 0.9999. AUC-PR: 0.9998
Iteration: 22500. Loss: 0.10284411907196045. Accuracy: 94.1878117545001. AUC-ROC: 0.9999. AUC-PR: 0.9998
Iteration: 23000. Loss: 0.11133317649364471. Accuracy: 94.23118629364564. AUC-ROC: 0.9998. AUC-PR: 0.9997
Iteration: 23500. Loss: 0.12929466366767883. Accuracy: 94.55649533723704. AUC-ROC: 0.9998. AUC-PR: 0.9997
Iteration: 24000. Loss: 0.13508188724517822. Accuracy: 94.48058989373239. AUC-ROC: 0.9998. AUC-PR: 0.9997
Iteration: 24500. Loss: 0.1030636727809906. Accuracy: 94.1878117545001. AUC-ROC: 0.9998. AUC-PR: 0.9997
Iteration: 25000. Loss: 0.1139792948961258. Accuracy: 93.9709390587725. AUC-ROC: 0.9998. AUC-PR: 0.9997
Iteration: 25500. Loss: 0.10252366214990616. Accuracy: 94.09021904142269. AUC-ROC: 0.9998. AUC-PR: 0.9997
Iteration: 26000. Loss: 0.11188680678606033. Accuracy: 94.06853177184992. AUC-ROC: 0.9998. AUC-PR: 0.9996
Iteration: 26500. Loss: 0.09515957534313202. Accuracy: 93.98178269355888. AUC-ROC: 0.9998. AUC-PR: 0.9997
Iteration: 27000. Loss: 0.07680201530456543. Accuracy: 92.9191064844936. AUC-ROC: 0.9999. AUC-PR: 0.9998
Iteration: 27500. Loss: 0.11455909162759781. Accuracy: 94.33962264150944. AUC-ROC: 0.9998. AUC-PR: 0.9996
Iteration: 28000. Loss: 0.08438372611999512. Accuracy: 94.29624810236392. AUC-ROC: 0.9998. AUC-PR: 0.9997
Iteration: 28500. Loss: 0.08192464709281921. Accuracy: 92.76729559748428. AUC-ROC: 0.9999. AUC-PR: 0.9998
Iteration: 29000. Loss: 0.10390506684780121. Accuracy: 93.94925178919974. AUC-ROC: 0.9998. AUC-PR: 0.9997
Iteration: 29500. Loss: 0.07765409350395203. Accuracy: 92.83235740620256. AUC-ROC: 0.9999. AUC-PR: 0.9998
Iteration: 30000. Loss: 0.09384054690599442. Accuracy: 92.60464107568858. AUC-ROC: 0.9999. AUC-PR: 0.9998
Iteration: 30500. Loss: 0.08250775933265686. Accuracy: 93.56972457167643. AUC-ROC: 0.9998. AUC-PR: 0.9997
Iteration: 31000. Loss: 0.11136510968208313. Accuracy: 93.49381912817176. AUC-ROC: 0.9998. AUC-PR: 0.9997
Iteration: 31500. Loss: 0.06975456327199936. Accuracy: 92.98416829321188. AUC-ROC: 0.9999. AUC-PR: 0.9998
Iteration: 32000. Loss: 0.0724799633026123. Accuracy: 93.3636955107352. AUC-ROC: 0.9999. AUC-PR: 0.9998
Iteration: 32500. Loss: 0.0739830881357193. Accuracy: 93.17935371936673. AUC-ROC: 0.9999. AUC-PR: 0.9998
Iteration: 33000. Loss: 0.07417334616184235. Accuracy: 92.98416829321188. AUC-ROC: 0.9999. AUC-PR: 0.9998
Iteration: 33500. Loss: 0.06582911312580109. Accuracy: 92.48536109303839. AUC-ROC: 0.9999. AUC-PR: 0.9998
Iteration: 34000. Loss: 0.06617067754268646. Accuracy: 93.22272825851225. AUC-ROC: 0.9999. AUC-PR: 0.9998
Iteration: 34500. Loss: 0.09969610720872879. Accuracy: 93.29863370201691. AUC-ROC: 0.9999. AUC-PR: 0.9998
Iteration: 35000. Loss: 0.09659088402986526. Accuracy: 93.08176100628931. AUC-ROC: 0.9999. AUC-PR: 0.9998
Iteration: 35500. Loss: 0.07399196922779083. Accuracy: 92.35523747560183. AUC-ROC: 0.9999. AUC-PR: 0.9999
Iteration: 36000. Loss: 0.0598892942070961. Accuracy: 92.35523747560183. AUC-ROC: 0.9999. AUC-PR: 0.9998
Iteration: 36500. Loss: 0.06082633137702942. Accuracy: 94.03600086749078. AUC-ROC: 0.9999. AUC-PR: 0.9998
Iteration: 37000. Loss: 0.11187563836574554. Accuracy: 93.50466276295815. AUC-ROC: 0.9999. AUC-PR: 0.9998
Iteration: 37500. Loss: 0.061483778059482574. Accuracy: 93.4179136846671. AUC-ROC: 0.9999. AUC-PR: 0.9998
Iteration: 38000. Loss: 0.06086841598153114. Accuracy: 92.18173931901974. AUC-ROC: 0.9999. AUC-PR: 0.9999
Iteration: 38500. Loss: 0.0689769834280014. Accuracy: 92.29017566688354. AUC-ROC: 1.0000. AUC-PR: 0.9999
Iteration: 39000. Loss: 0.0718151330947876. Accuracy: 94.25287356321839. AUC-ROC: 1.0000. AUC-PR: 1.0000
Iteration: 39500. Loss: 0.0525856614112854. Accuracy: 92.60464107568858. AUC-ROC: 0.9999. AUC-PR: 0.9999
Iteration: 40000. Loss: 0.13256365060806274. Accuracy: 92.39861201474734. AUC-ROC: 0.9999. AUC-PR: 0.9999
Iteration: 40500. Loss: 0.06023740768432617. Accuracy: 94.06853177184992. AUC-ROC: 1.0000. AUC-PR: 0.9999
Iteration: 41000. Loss: 0.09976377338171005. Accuracy: 92.42029928432011. AUC-ROC: 1.0000. AUC-PR: 0.9999
Iteration: 41500. Loss: 0.0730200707912445. Accuracy: 93.51550639774453. AUC-ROC: 0.9999. AUC-PR: 0.9998
Iteration: 42000. Loss: 0.07378661632537842. Accuracy: 92.73476469312513. AUC-ROC: 0.9999. AUC-PR: 0.9999
Iteration: 42500. Loss: 0.10972203314304352. Accuracy: 93.13597918022121. AUC-ROC: 0.9999. AUC-PR: 0.9998
Iteration: 43000. Loss: 0.052962955087423325. Accuracy: 93.79744090219042. AUC-ROC: 1.0000. AUC-PR: 1.0000
Iteration: 43500. Loss: 0.11049602180719376. Accuracy: 94.35046627629582. AUC-ROC: 0.9999. AUC-PR: 0.9999
Iteration: 44000. Loss: 0.05445607379078865. Accuracy: 94.4155280850141. AUC-ROC: 0.9999. AUC-PR: 0.9999
Iteration: 44500. Loss: 0.060165952891111374. Accuracy: 92.89741921492084. AUC-ROC: 0.9999. AUC-PR: 0.9999
Iteration: 45000. Loss: 0.05519556626677513. Accuracy: 92.702233788766. AUC-ROC: 1.0000. AUC-PR: 0.9999
Iteration: 45500. Loss: 0.053148478269577026. Accuracy: 93.3636955107352. AUC-ROC: 0.9999. AUC-PR: 0.9999
Iteration: 46000. Loss: 0.0674019604921341. Accuracy: 94.0793754066363. AUC-ROC: 1.0000. AUC-PR: 1.0000
Iteration: 46500. Loss: 0.04717648774385452. Accuracy: 94.29624810236392. AUC-ROC: 1.0000. AUC-PR: 0.9999
Iteration: 47000. Loss: 0.052741311490535736. Accuracy: 94.22034265885925. AUC-ROC: 0.9999. AUC-PR: 0.9999
Iteration: 47500. Loss: 0.050443582236766815. Accuracy: 94.33962264150944. AUC-ROC: 0.9999. AUC-PR: 0.9999
Iteration: 48000. Loss: 0.04744740203022957. Accuracy: 94.71914985903275. AUC-ROC: 0.9999. AUC-PR: 0.9999
Iteration: 48500. Loss: 0.05434589087963104. Accuracy: 94.14443721535459. AUC-ROC: 1.0000. AUC-PR: 0.9999
Iteration: 49000. Loss: 0.047822073101997375. Accuracy: 94.17696811971373. AUC-ROC: 1.0000. AUC-PR: 0.9999
Iteration: 49500. Loss: 0.041350357234478. Accuracy: 94.76252439817827. AUC-ROC: 0.9999. AUC-PR: 0.9999
Iteration: 50000. Loss: 0.05183891952037811. Accuracy: 95.1312079809152. AUC-ROC: 0.9999. AUC-PR: 0.9999
Iteration: 50500. Loss: 0.0445362888276577. Accuracy: 94.92517891997397. AUC-ROC: 1.0000. AUC-PR: 0.9999
Iteration: 51000. Loss: 0.04994276538491249. Accuracy: 94.72999349381912. AUC-ROC: 0.9999. AUC-PR: 0.9999
Iteration: 51500. Loss: 0.04516713321208954. Accuracy: 94.6324007807417. AUC-ROC: 0.9999. AUC-PR: 0.9999
Iteration: 52000. Loss: 0.09246250241994858. Accuracy: 93.12513554543483. AUC-ROC: 0.9999. AUC-PR: 0.9998
Iteration: 52500. Loss: 0.05021039396524429. Accuracy: 94.95770982433312. AUC-ROC: 1.0000. AUC-PR: 1.0000
Iteration: 53000. Loss: 0.06386606395244598. Accuracy: 95.28301886792453. AUC-ROC: 0.9999. AUC-PR: 0.9998
Iteration: 53500. Loss: 0.0499989353120327. Accuracy: 92.702233788766. AUC-ROC: 0.9999. AUC-PR: 0.9998
Iteration: 54000. Loss: 0.03598475456237793. Accuracy: 92.99501192799826. AUC-ROC: 0.9999. AUC-PR: 0.9998
Iteration: 54500. Loss: 0.05467168241739273. Accuracy: 92.74560832791151. AUC-ROC: 0.9999. AUC-PR: 0.9999
Iteration: 55000. Loss: 0.053240858018398285. Accuracy: 92.94079375406636. AUC-ROC: 0.9999. AUC-PR: 0.9999
Iteration: 55500. Loss: 0.04204193502664566. Accuracy: 93.60225547603557. AUC-ROC: 0.9999. AUC-PR: 0.9998
Iteration: 56000. Loss: 0.0453573539853096. Accuracy: 92.13836477987421. AUC-ROC: 0.9999. AUC-PR: 0.9999
Iteration: 56500. Loss: 0.04318063706159592. Accuracy: 92.82151377141618. AUC-ROC: 0.9999. AUC-PR: 0.9998
Iteration: 57000. Loss: 0.047987207770347595. Accuracy: 94.00346996313164. AUC-ROC: 0.9999. AUC-PR: 0.9998
Iteration: 57500. Loss: 0.03767777979373932. Accuracy: 94.32877900672305. AUC-ROC: 0.9999. AUC-PR: 0.9998
Iteration: 58000. Loss: 0.09097371995449066. Accuracy: 93.81912817176317. AUC-ROC: 0.9999. AUC-PR: 0.9998
Iteration: 58500. Loss: 0.03606762737035751. Accuracy: 94.39384081544134. AUC-ROC: 0.9999. AUC-PR: 0.9998
Iteration: 59000. Loss: 0.041235558688640594. Accuracy: 94.0793754066363. AUC-ROC: 0.9999. AUC-PR: 0.9998
Iteration: 59500. Loss: 0.1018335223197937. Accuracy: 93.90587725005422. AUC-ROC: 0.9999. AUC-PR: 0.9998
Iteration: 60000. Loss: 0.055114228278398514. Accuracy: 94.10106267620907. AUC-ROC: 0.9999. AUC-PR: 0.9999
Iteration: 60500. Loss: 0.04124908149242401. Accuracy: 93.93840815441337. AUC-ROC: 0.9999. AUC-PR: 0.9998
Iteration: 61000. Loss: 0.034689683467149734. Accuracy: 93.99262632834527. AUC-ROC: 0.9999. AUC-PR: 0.9998
Iteration: 61500. Loss: 0.03369118273258209. Accuracy: 92.95163738885275. AUC-ROC: 0.9999. AUC-PR: 0.9999
Iteration: 62000. Loss: 0.08471377193927765. Accuracy: 94.35046627629582. AUC-ROC: 0.9999. AUC-PR: 0.9998
Iteration: 62500. Loss: 0.041277624666690826. Accuracy: 94.14443721535459. AUC-ROC: 0.9999. AUC-PR: 0.9998
Iteration: 63000. Loss: 0.02938985824584961. Accuracy: 93.8625027109087. AUC-ROC: 0.9999. AUC-PR: 0.9998
Iteration: 63500. Loss: 0.03899264335632324. Accuracy: 93.87334634569508. AUC-ROC: 0.9999. AUC-PR: 0.9998
Iteration: 64000. Loss: 0.03984173387289047. Accuracy: 93.43960095423986. AUC-ROC: 0.9999. AUC-PR: 0.9999
Iteration: 64500. Loss: 0.039747633039951324. Accuracy: 93.59141184124918. AUC-ROC: 0.9999. AUC-PR: 0.9998
Iteration: 65000. Loss: 0.04507618024945259. Accuracy: 94.11190631099545. AUC-ROC: 0.9999. AUC-PR: 0.9998
Iteration: 65500. Loss: 0.03705252707004547. Accuracy: 93.88418998048145. AUC-ROC: 0.9999. AUC-PR: 0.9998
Iteration: 66000. Loss: 0.03937060385942459. Accuracy: 93.66731728475385. AUC-ROC: 0.9999. AUC-PR: 0.9998
Iteration: 66500. Loss: 0.032571956515312195. Accuracy: 93.64563001518108. AUC-ROC: 0.9999. AUC-PR: 0.9998
Iteration: 67000. Loss: 0.029972558841109276. Accuracy: 94.27456083279115. AUC-ROC: 0.9999. AUC-PR: 0.9998
Iteration: 67500. Loss: 0.030676458030939102. Accuracy: 94.93602255476036. AUC-ROC: 1.0000. AUC-PR: 0.9999
Iteration: 68000. Loss: 0.046781040728092194. Accuracy: 95.31554977228367. AUC-ROC: 0.9999. AUC-PR: 0.9999
Iteration: 68500. Loss: 0.030887240543961525. Accuracy: 94.8492734764693. AUC-ROC: 0.9999. AUC-PR: 0.9999
Iteration: 69000. Loss: 0.03820611536502838. Accuracy: 95.34808067664281. AUC-ROC: 1.0000. AUC-PR: 1.0000
Iteration: 69500. Loss: 0.02949860878288746. Accuracy: 95.18542615484711. AUC-ROC: 0.9999. AUC-PR: 0.9999
Iteration: 70000. Loss: 0.12152276188135147. Accuracy: 95.1312079809152. AUC-ROC: 1.0000. AUC-PR: 0.9999
Iteration: 70500. Loss: 0.028696797788143158. Accuracy: 94.72999349381912. AUC-ROC: 0.9999. AUC-PR: 0.9998
Iteration: 71000. Loss: 0.033451445400714874. Accuracy: 94.71914985903275. AUC-ROC: 0.9999. AUC-PR: 0.9998
Iteration: 71500. Loss: 0.028212258592247963. Accuracy: 94.6866189546736. AUC-ROC: 0.9999. AUC-PR: 0.9999
Iteration: 72000. Loss: 0.028126860037446022. Accuracy: 94.67577531988722. AUC-ROC: 1.0000. AUC-PR: 1.0000

--- Model Training Complete ---

Model weights saved to  trained_model/lstm_model_weights_hidden32.json
