libs loaded
device: cuda
starting...
data found
features split
features split
data loaded
about to enter training loop
Iteration: 500. Loss: 0.5641406774520874. Accuracy: 64.41470844212358. AUC-ROC: 0.9288. AUC-PR: 0.7266
Iteration: 1000. Loss: 0.6084110736846924. Accuracy: 64.41470844212358. AUC-ROC: 0.9563. AUC-PR: 0.7979
Iteration: 1500. Loss: 0.5639370679855347. Accuracy: 64.41470844212358. AUC-ROC: 0.9795. AUC-PR: 0.8779
Iteration: 2000. Loss: 0.7138162851333618. Accuracy: 64.41470844212358. AUC-ROC: 0.9801. AUC-PR: 0.8812
Iteration: 2500. Loss: 0.6737364530563354. Accuracy: 64.41470844212358. AUC-ROC: 0.9807. AUC-PR: 0.8827
Iteration: 3000. Loss: 0.6378270387649536. Accuracy: 64.41470844212358. AUC-ROC: 0.9888. AUC-PR: 0.9235
Iteration: 3500. Loss: 0.6080936193466187. Accuracy: 64.41470844212358. AUC-ROC: 0.9990. AUC-PR: 0.9897
Iteration: 4000. Loss: 0.5692729949951172. Accuracy: 64.41470844212358. AUC-ROC: 0.9997. AUC-PR: 0.9994
Iteration: 4500. Loss: 0.5612053275108337. Accuracy: 64.41470844212358. AUC-ROC: 1.0000. AUC-PR: 1.0000
Iteration: 5000. Loss: 0.540594220161438. Accuracy: 64.41470844212358. AUC-ROC: 1.0000. AUC-PR: 1.0000
Iteration: 5500. Loss: 0.49759799242019653. Accuracy: 64.41470844212358. AUC-ROC: 1.0000. AUC-PR: 1.0000
Iteration: 6000. Loss: 0.4872189164161682. Accuracy: 64.41470844212358. AUC-ROC: 1.0000. AUC-PR: 1.0000
Iteration: 6500. Loss: 0.4638950228691101. Accuracy: 64.41470844212358. AUC-ROC: 1.0000. AUC-PR: 1.0000
Iteration: 7000. Loss: 0.4260641038417816. Accuracy: 64.41470844212358. AUC-ROC: 1.0000. AUC-PR: 1.0000
Iteration: 7500. Loss: 0.3949073553085327. Accuracy: 64.41470844212358. AUC-ROC: 1.0000. AUC-PR: 1.0000
Iteration: 8000. Loss: 0.3700628876686096. Accuracy: 64.41470844212358. AUC-ROC: 1.0000. AUC-PR: 1.0000
Iteration: 8500. Loss: 0.3575480580329895. Accuracy: 99.27110530896432. AUC-ROC: 1.0000. AUC-PR: 1.0000
Iteration: 9000. Loss: 0.34749236702919006. Accuracy: 99.44516971279373. AUC-ROC: 1.0000. AUC-PR: 1.0000
Iteration: 9500. Loss: 0.34494659304618835. Accuracy: 99.92384682332462. AUC-ROC: 1.0000. AUC-PR: 1.0000
Iteration: 10000. Loss: 0.31712469458580017. Accuracy: 99.93472584856397. AUC-ROC: 1.0000. AUC-PR: 1.0000
Iteration: 10500. Loss: 0.3045099079608917. Accuracy: 99.73890339425587. AUC-ROC: 1.0000. AUC-PR: 1.0000
Iteration: 11000. Loss: 0.2518286406993866. Accuracy: 99.73890339425587. AUC-ROC: 1.0000. AUC-PR: 1.0000
Iteration: 11500. Loss: 0.2735861837863922. Accuracy: 99.02088772845953. AUC-ROC: 1.0000. AUC-PR: 1.0000
Iteration: 12000. Loss: 0.26868999004364014. Accuracy: 98.86858137510879. AUC-ROC: 1.0000. AUC-PR: 1.0000
Iteration: 12500. Loss: 0.24797256290912628. Accuracy: 97.7154046997389. AUC-ROC: 1.0000. AUC-PR: 1.0000
Iteration: 13000. Loss: 0.2410879284143448. Accuracy: 97.33463881636206. AUC-ROC: 1.0000. AUC-PR: 1.0000
Iteration: 13500. Loss: 0.2279425412416458. Accuracy: 96.64926022628373. AUC-ROC: 1.0000. AUC-PR: 1.0000
Iteration: 14000. Loss: 0.24172791838645935. Accuracy: 96.6710182767624. AUC-ROC: 1.0000. AUC-PR: 1.0000
Iteration: 14500. Loss: 0.20267140865325928. Accuracy: 96.64926022628373. AUC-ROC: 1.0000. AUC-PR: 1.0000
Iteration: 15000. Loss: 0.221604585647583. Accuracy: 96.59486510008703. AUC-ROC: 1.0000. AUC-PR: 1.0000
Iteration: 15500. Loss: 0.20470505952835083. Accuracy: 96.529590948651. AUC-ROC: 1.0000. AUC-PR: 1.0000
Iteration: 16000. Loss: 0.18747678399085999. Accuracy: 96.50783289817232. AUC-ROC: 1.0000. AUC-PR: 0.9999
Iteration: 16500. Loss: 0.17350687086582184. Accuracy: 96.57310704960835. AUC-ROC: 1.0000. AUC-PR: 1.0000
Iteration: 17000. Loss: 0.16660845279693604. Accuracy: 96.56222802436902. AUC-ROC: 1.0000. AUC-PR: 1.0000
Iteration: 17500. Loss: 0.16872982680797577. Accuracy: 96.3881636205396. AUC-ROC: 1.0000. AUC-PR: 0.9999
Iteration: 18000. Loss: 0.1968616545200348. Accuracy: 96.4425587467363. AUC-ROC: 0.9999. AUC-PR: 0.9998
Iteration: 18500. Loss: 0.16463202238082886. Accuracy: 95.59399477806788. AUC-ROC: 0.9999. AUC-PR: 0.9998
Iteration: 19000. Loss: 0.17984065413475037. Accuracy: 95.84421235857268. AUC-ROC: 1.0000. AUC-PR: 1.0000
Iteration: 19500. Loss: 0.16110137104988098. Accuracy: 95.44168842471714. AUC-ROC: 0.9998. AUC-PR: 0.9997
Iteration: 20000. Loss: 0.1612284630537033. Accuracy: 94.46257615317667. AUC-ROC: 0.9998. AUC-PR: 0.9997
Iteration: 20500. Loss: 0.16309088468551636. Accuracy: 94.54960835509138. AUC-ROC: 0.9998. AUC-PR: 0.9996
Iteration: 21000. Loss: 0.14673247933387756. Accuracy: 94.54960835509138. AUC-ROC: 0.9999. AUC-PR: 0.9998
Iteration: 21500. Loss: 0.11729864776134491. Accuracy: 93.75543951261967. AUC-ROC: 0.9997. AUC-PR: 0.9995
Iteration: 22000. Loss: 0.13421720266342163. Accuracy: 93.66840731070496. AUC-ROC: 0.9998. AUC-PR: 0.9996
Iteration: 22500. Loss: 0.12895241379737854. Accuracy: 93.13533507397737. AUC-ROC: 0.9998. AUC-PR: 0.9996
Iteration: 23000. Loss: 0.11580948531627655. Accuracy: 93.78807658833769. AUC-ROC: 0.9997. AUC-PR: 0.9994
Iteration: 23500. Loss: 0.1292848289012909. Accuracy: 93.09181897302001. AUC-ROC: 0.9998. AUC-PR: 0.9997
Iteration: 24000. Loss: 0.13339820504188538. Accuracy: 93.27676240208878. AUC-ROC: 0.9996. AUC-PR: 0.9993
Iteration: 24500. Loss: 0.12191306054592133. Accuracy: 93.1462140992167. AUC-ROC: 0.9996. AUC-PR: 0.9994
Iteration: 25000. Loss: 0.11871889233589172. Accuracy: 93.23324630113142. AUC-ROC: 0.9996. AUC-PR: 0.9994
Iteration: 25500. Loss: 0.12443514168262482. Accuracy: 93.00478677110532. AUC-ROC: 0.9996. AUC-PR: 0.9994
Iteration: 26000. Loss: 0.11868718266487122. Accuracy: 93.00478677110532. AUC-ROC: 0.9997. AUC-PR: 0.9994
Iteration: 26500. Loss: 0.11176221072673798. Accuracy: 92.98302872062663. AUC-ROC: 0.9998. AUC-PR: 0.9996
Iteration: 27000. Loss: 0.10529350489377975. Accuracy: 92.99390774586597. AUC-ROC: 0.9997. AUC-PR: 0.9996
Iteration: 27500. Loss: 0.09437201917171478. Accuracy: 92.81984334203655. AUC-ROC: 0.9998. AUC-PR: 0.9996
Iteration: 28000. Loss: 0.09911413490772247. Accuracy: 93.26588337684943. AUC-ROC: 0.9997. AUC-PR: 0.9994
Iteration: 28500. Loss: 0.09377726912498474. Accuracy: 93.03742384682333. AUC-ROC: 0.9996. AUC-PR: 0.9993
Iteration: 29000. Loss: 0.10102251917123795. Accuracy: 93.18973020017407. AUC-ROC: 0.9997. AUC-PR: 0.9995
Iteration: 29500. Loss: 0.08780170977115631. Accuracy: 93.01566579634465. AUC-ROC: 0.9998. AUC-PR: 0.9996
Iteration: 30000. Loss: 0.10068297386169434. Accuracy: 93.13533507397737. AUC-ROC: 0.9997. AUC-PR: 0.9994
Iteration: 30500. Loss: 0.09237394481897354. Accuracy: 93.08093994778068. AUC-ROC: 0.9997. AUC-PR: 0.9994
Iteration: 31000. Loss: 0.10742585361003876. Accuracy: 92.93951261966927. AUC-ROC: 0.9997. AUC-PR: 0.9996
Iteration: 31500. Loss: 0.08967521786689758. Accuracy: 92.8307223672759. AUC-ROC: 0.9998. AUC-PR: 0.9996
Iteration: 32000. Loss: 0.0882994681596756. Accuracy: 93.059181897302. AUC-ROC: 0.9997. AUC-PR: 0.9995
Iteration: 32500. Loss: 0.0863964855670929. Accuracy: 92.92863359442994. AUC-ROC: 0.9997. AUC-PR: 0.9995
Iteration: 33000. Loss: 0.08736193925142288. Accuracy: 92.98302872062663. AUC-ROC: 0.9997. AUC-PR: 0.9995
Iteration: 33500. Loss: 0.08251893520355225. Accuracy: 93.00478677110532. AUC-ROC: 0.9998. AUC-PR: 0.9996
Iteration: 34000. Loss: 0.07791675627231598. Accuracy: 93.07006092254134. AUC-ROC: 0.9997. AUC-PR: 0.9996
Iteration: 34500. Loss: 0.06882089376449585. Accuracy: 93.01566579634465. AUC-ROC: 0.9997. AUC-PR: 0.9995
Iteration: 35000. Loss: 0.07893110066652298. Accuracy: 92.86335944299391. AUC-ROC: 0.9997. AUC-PR: 0.9995
Iteration: 35500. Loss: 0.08020343631505966. Accuracy: 92.96127067014795. AUC-ROC: 0.9997. AUC-PR: 0.9995
Iteration: 36000. Loss: 0.08929169178009033. Accuracy: 93.04830287206266. AUC-ROC: 0.9997. AUC-PR: 0.9995
Iteration: 36500. Loss: 0.07198677957057953. Accuracy: 92.90687554395126. AUC-ROC: 0.9997. AUC-PR: 0.9995
Iteration: 37000. Loss: 0.0735333263874054. Accuracy: 92.88511749347259. AUC-ROC: 0.9997. AUC-PR: 0.9995
Iteration: 37500. Loss: 0.06694327294826508. Accuracy: 92.26501305483029. AUC-ROC: 0.9998. AUC-PR: 0.9996
Iteration: 38000. Loss: 0.07451103627681732. Accuracy: 92.41731940818103. AUC-ROC: 0.9997. AUC-PR: 0.9995
Iteration: 38500. Loss: 0.07463972270488739. Accuracy: 92.90687554395126. AUC-ROC: 0.9997. AUC-PR: 0.9995
Iteration: 39000. Loss: 0.06551094353199005. Accuracy: 92.36292428198433. AUC-ROC: 0.9998. AUC-PR: 0.9996
Iteration: 39500. Loss: 0.06605298817157745. Accuracy: 92.24325500435161. AUC-ROC: 0.9998. AUC-PR: 0.9996
Iteration: 40000. Loss: 0.08592472225427628. Accuracy: 92.75456919060052. AUC-ROC: 0.9997. AUC-PR: 0.9995
Iteration: 40500. Loss: 0.07805436104536057. Accuracy: 92.39556135770235. AUC-ROC: 0.9997. AUC-PR: 0.9995
Iteration: 41000. Loss: 0.06089368462562561. Accuracy: 92.42819843342036. AUC-ROC: 0.9997. AUC-PR: 0.9995
Iteration: 41500. Loss: 0.07164852321147919. Accuracy: 92.46083550913838. AUC-ROC: 0.9997. AUC-PR: 0.9995
Iteration: 42000. Loss: 0.07564347982406616. Accuracy: 92.64577893820713. AUC-ROC: 0.9997. AUC-PR: 0.9995
Iteration: 42500. Loss: 0.0749979019165039. Accuracy: 92.81984334203655. AUC-ROC: 0.9997. AUC-PR: 0.9995
Iteration: 43000. Loss: 0.07254551351070404. Accuracy: 92.70017406440383. AUC-ROC: 0.9998. AUC-PR: 0.9996
Iteration: 43500. Loss: 0.06482969224452972. Accuracy: 92.48259355961706. AUC-ROC: 0.9997. AUC-PR: 0.9996
Iteration: 44000. Loss: 0.07660141587257385. Accuracy: 92.33028720626632. AUC-ROC: 0.9997. AUC-PR: 0.9995
Iteration: 44500. Loss: 0.06735789775848389. Accuracy: 92.39556135770235. AUC-ROC: 0.9997. AUC-PR: 0.9996
Iteration: 45000. Loss: 0.06314307451248169. Accuracy: 92.06919060052219. AUC-ROC: 0.9998. AUC-PR: 0.9996
Iteration: 45500. Loss: 0.0856175422668457. Accuracy: 92.37380330722367. AUC-ROC: 0.9997. AUC-PR: 0.9996
Iteration: 46000. Loss: 0.05489937961101532. Accuracy: 92.37380330722367. AUC-ROC: 0.9997. AUC-PR: 0.9995
Iteration: 46500. Loss: 0.07653002440929413. Accuracy: 92.34116623150565. AUC-ROC: 0.9997. AUC-PR: 0.9995
Iteration: 47000. Loss: 0.06198872625827789. Accuracy: 92.33028720626632. AUC-ROC: 0.9998. AUC-PR: 0.9996
Iteration: 47500. Loss: 0.05438072234392166. Accuracy: 92.39556135770235. AUC-ROC: 0.9997. AUC-PR: 0.9995
Iteration: 48000. Loss: 0.058583199977874756. Accuracy: 92.38468233246302. AUC-ROC: 0.9997. AUC-PR: 0.9994
Iteration: 48500. Loss: 0.05610959976911545. Accuracy: 92.36292428198433. AUC-ROC: 0.9997. AUC-PR: 0.9995
Iteration: 49000. Loss: 0.05380129814147949. Accuracy: 92.28677110530896. AUC-ROC: 0.9997. AUC-PR: 0.9994
Iteration: 49500. Loss: 0.05611749365925789. Accuracy: 92.27589208006962. AUC-ROC: 0.9996. AUC-PR: 0.9993
Iteration: 50000. Loss: 0.06142035871744156. Accuracy: 92.73281114012184. AUC-ROC: 0.9997. AUC-PR: 0.9995
Iteration: 50500. Loss: 0.06254451721906662. Accuracy: 92.33028720626632. AUC-ROC: 0.9996. AUC-PR: 0.9993
Iteration: 51000. Loss: 0.05311112478375435. Accuracy: 92.2976501305483. AUC-ROC: 0.9996. AUC-PR: 0.9993
Iteration: 51500. Loss: 0.07592274993658066. Accuracy: 92.62402088772846. AUC-ROC: 0.9996. AUC-PR: 0.9994
Iteration: 52000. Loss: 0.05511995777487755. Accuracy: 92.59138381201045. AUC-ROC: 0.9996. AUC-PR: 0.9994
Iteration: 52500. Loss: 0.048373252153396606. Accuracy: 92.2976501305483. AUC-ROC: 0.9995. AUC-PR: 0.9992
Iteration: 53000. Loss: 0.061827994883060455. Accuracy: 92.28677110530896. AUC-ROC: 0.9996. AUC-PR: 0.9993
Iteration: 53500. Loss: 0.0467938557267189. Accuracy: 92.18885987815491. AUC-ROC: 0.9996. AUC-PR: 0.9992
Iteration: 54000. Loss: 0.04997723177075386. Accuracy: 92.48259355961706. AUC-ROC: 0.9996. AUC-PR: 0.9993
Iteration: 54500. Loss: 0.04611379653215408. Accuracy: 92.2976501305483. AUC-ROC: 0.9996. AUC-PR: 0.9992
Iteration: 55000. Loss: 0.05005677789449692. Accuracy: 92.27589208006962. AUC-ROC: 0.9996. AUC-PR: 0.9992
Iteration: 55500. Loss: 0.045463792979717255. Accuracy: 92.5805047867711. AUC-ROC: 0.9996. AUC-PR: 0.9993
Iteration: 56000. Loss: 0.049261897802352905. Accuracy: 92.62402088772846. AUC-ROC: 0.9995. AUC-PR: 0.9992
Iteration: 56500. Loss: 0.043998606503009796. Accuracy: 92.5805047867711. AUC-ROC: 0.9996. AUC-PR: 0.9992
Iteration: 57000. Loss: 0.05450701713562012. Accuracy: 92.34116623150565. AUC-ROC: 0.9995. AUC-PR: 0.9991
Iteration: 57500. Loss: 0.06400037556886673. Accuracy: 93.11357702349869. AUC-ROC: 0.9997. AUC-PR: 0.9995
Iteration: 58000. Loss: 0.049123313277959824. Accuracy: 92.64577893820713. AUC-ROC: 0.9995. AUC-PR: 0.9991
Iteration: 58500. Loss: 0.06603947281837463. Accuracy: 92.75456919060052. AUC-ROC: 0.9996. AUC-PR: 0.9994
Iteration: 59000. Loss: 0.04541042819619179. Accuracy: 92.352045256745. AUC-ROC: 0.9995. AUC-PR: 0.9991
Iteration: 59500. Loss: 0.04231571778655052. Accuracy: 92.34116623150565. AUC-ROC: 0.9994. AUC-PR: 0.9990
Iteration: 60000. Loss: 0.045908570289611816. Accuracy: 92.5261096605744. AUC-ROC: 0.9996. AUC-PR: 0.9992
Iteration: 60500. Loss: 0.049447305500507355. Accuracy: 92.25413402959094. AUC-ROC: 0.9994. AUC-PR: 0.9989
Iteration: 61000. Loss: 0.05300488322973251. Accuracy: 92.28677110530896. AUC-ROC: 0.9995. AUC-PR: 0.9990
Iteration: 61500. Loss: 0.054793987423181534. Accuracy: 92.36292428198433. AUC-ROC: 0.9996. AUC-PR: 0.9992
Iteration: 62000. Loss: 0.03877934068441391. Accuracy: 92.34116623150565. AUC-ROC: 0.9994. AUC-PR: 0.9990
Iteration: 62500. Loss: 0.04314985126256943. Accuracy: 92.30852915578764. AUC-ROC: 0.9995. AUC-PR: 0.9990
Iteration: 63000. Loss: 0.041216880083084106. Accuracy: 92.37380330722367. AUC-ROC: 0.9994. AUC-PR: 0.9990
Iteration: 63500. Loss: 0.05408236384391785. Accuracy: 92.54786771105309. AUC-ROC: 0.9996. AUC-PR: 0.9993
Iteration: 64000. Loss: 0.0389985516667366. Accuracy: 92.53698868581375. AUC-ROC: 0.9995. AUC-PR: 0.9992
Iteration: 64500. Loss: 0.04076002165675163. Accuracy: 92.28677110530896. AUC-ROC: 0.9993. AUC-PR: 0.9988
Iteration: 65000. Loss: 0.04482269287109375. Accuracy: 92.2976501305483. AUC-ROC: 0.9994. AUC-PR: 0.9989
Iteration: 65500. Loss: 0.04629053175449371. Accuracy: 92.24325500435161. AUC-ROC: 0.9994. AUC-PR: 0.9989
Iteration: 66000. Loss: 0.06105788052082062. Accuracy: 92.17798085291558. AUC-ROC: 0.9993. AUC-PR: 0.9988
Iteration: 66500. Loss: 0.048437342047691345. Accuracy: 92.28677110530896. AUC-ROC: 0.9994. AUC-PR: 0.9989
Iteration: 67000. Loss: 0.04393647611141205. Accuracy: 92.60226283724978. AUC-ROC: 0.9996. AUC-PR: 0.9992
Iteration: 67500. Loss: 0.03708246350288391. Accuracy: 92.46083550913838. AUC-ROC: 0.9994. AUC-PR: 0.9989
Iteration: 68000. Loss: 0.03449422866106033. Accuracy: 92.42819843342036. AUC-ROC: 0.9994. AUC-PR: 0.9989
Iteration: 68500. Loss: 0.03486248850822449. Accuracy: 92.33028720626632. AUC-ROC: 0.9994. AUC-PR: 0.9989
Iteration: 69000. Loss: 0.033462218940258026. Accuracy: 92.53698868581375. AUC-ROC: 0.9995. AUC-PR: 0.9991
Iteration: 69500. Loss: 0.04217158257961273. Accuracy: 92.26501305483029. AUC-ROC: 0.9994. AUC-PR: 0.9989
Iteration: 70000. Loss: 0.03543047606945038. Accuracy: 92.42819843342036. AUC-ROC: 0.9994. AUC-PR: 0.9990
Iteration: 70500. Loss: 0.03688512742519379. Accuracy: 92.22149695387293. AUC-ROC: 0.9993. AUC-PR: 0.9988
Iteration: 71000. Loss: 0.04300636425614357. Accuracy: 92.23237597911228. AUC-ROC: 0.9994. AUC-PR: 0.9989
Iteration: 71500. Loss: 0.03362881392240524. Accuracy: 92.33028720626632. AUC-ROC: 0.9994. AUC-PR: 0.9989

--- Model Training Complete ---

Model weights saved to  trained_model/lstm_model_weights_hidden32_40l.json
