libs loaded
device: cuda
starting...
data found
features split
features split
data loaded
about to enter training loop
Iteration: 500. Loss: 0.7041853666305542. Accuracy: 64.34470767224516. AUC-ROC: 0.9912. AUC-PR: 0.9340
Iteration: 1000. Loss: 0.6406540870666504. Accuracy: 64.34470767224516. AUC-ROC: 0.9958. AUC-PR: 0.9627
Iteration: 1500. Loss: 0.5979756712913513. Accuracy: 64.34470767224516. AUC-ROC: 1.0000. AUC-PR: 1.0000
Iteration: 2000. Loss: 0.5722490549087524. Accuracy: 64.34470767224516. AUC-ROC: 1.0000. AUC-PR: 1.0000
Iteration: 2500. Loss: 0.5608841180801392. Accuracy: 64.34470767224516. AUC-ROC: 1.0000. AUC-PR: 1.0000
Iteration: 3000. Loss: 0.5355359315872192. Accuracy: 64.34470767224516. AUC-ROC: 1.0000. AUC-PR: 1.0000
Iteration: 3500. Loss: 0.52913498878479. Accuracy: 64.34470767224516. AUC-ROC: 1.0000. AUC-PR: 1.0000
Iteration: 4000. Loss: 0.5076560974121094. Accuracy: 64.34470767224516. AUC-ROC: 1.0000. AUC-PR: 1.0000
Iteration: 4500. Loss: 0.48105865716934204. Accuracy: 64.34470767224516. AUC-ROC: 1.0000. AUC-PR: 1.0000
Iteration: 5000. Loss: 0.4623571038246155. Accuracy: 64.34470767224516. AUC-ROC: 1.0000. AUC-PR: 1.0000
Iteration: 5500. Loss: 0.4299555718898773. Accuracy: 64.34470767224516. AUC-ROC: 1.0000. AUC-PR: 1.0000
Iteration: 6000. Loss: 0.41242313385009766. Accuracy: 64.34470767224516. AUC-ROC: 1.0000. AUC-PR: 1.0000
Iteration: 6500. Loss: 0.3963543176651001. Accuracy: 64.34470767224516. AUC-ROC: 1.0000. AUC-PR: 1.0000
Iteration: 7000. Loss: 0.37171244621276855. Accuracy: 99.00021734405564. AUC-ROC: 1.0000. AUC-PR: 1.0000
Iteration: 7500. Loss: 0.36335489153862. Accuracy: 99.86959356661595. AUC-ROC: 1.0000. AUC-PR: 1.0000
Iteration: 8000. Loss: 0.35120004415512085. Accuracy: 97.73962182134319. AUC-ROC: 1.0000. AUC-PR: 1.0000
Iteration: 8500. Loss: 0.3480033576488495. Accuracy: 98.0547707020213. AUC-ROC: 1.0000. AUC-PR: 1.0000
Iteration: 9000. Loss: 0.32286256551742554. Accuracy: 96.89198000434688. AUC-ROC: 1.0000. AUC-PR: 1.0000
Iteration: 9500. Loss: 0.2949005365371704. Accuracy: 96.85937839600086. AUC-ROC: 1.0000. AUC-PR: 1.0000
Iteration: 10000. Loss: 0.2957571744918823. Accuracy: 96.69637035427081. AUC-ROC: 1.0000. AUC-PR: 1.0000
Iteration: 10500. Loss: 0.2661871612071991. Accuracy: 96.69637035427081. AUC-ROC: 1.0000. AUC-PR: 1.0000
Iteration: 11000. Loss: 0.262265145778656. Accuracy: 96.58769832645078. AUC-ROC: 1.0000. AUC-PR: 1.0000
Iteration: 11500. Loss: 0.24476249516010284. Accuracy: 96.6637687459248. AUC-ROC: 1.0000. AUC-PR: 1.0000
Iteration: 12000. Loss: 0.22335663437843323. Accuracy: 96.6637687459248. AUC-ROC: 1.0000. AUC-PR: 1.0000
Iteration: 12500. Loss: 0.2289189249277115. Accuracy: 96.6420343403608. AUC-ROC: 1.0000. AUC-PR: 1.0000
Iteration: 13000. Loss: 0.21324646472930908. Accuracy: 96.65290154314279. AUC-ROC: 1.0000. AUC-PR: 1.0000
Iteration: 13500. Loss: 0.2176680713891983. Accuracy: 96.72897196261682. AUC-ROC: 1.0000. AUC-PR: 1.0000
Iteration: 14000. Loss: 0.21863913536071777. Accuracy: 96.67463594870681. AUC-ROC: 1.0000. AUC-PR: 1.0000
Iteration: 14500. Loss: 0.21215426921844482. Accuracy: 96.6637687459248. AUC-ROC: 1.0000. AUC-PR: 0.9999
Iteration: 15000. Loss: 0.21430262923240662. Accuracy: 96.67463594870681. AUC-ROC: 1.0000. AUC-PR: 1.0000
Iteration: 15500. Loss: 0.19291634857654572. Accuracy: 96.6855031514888. AUC-ROC: 1.0000. AUC-PR: 1.0000
Iteration: 16000. Loss: 0.16683152318000793. Accuracy: 96.60943273201478. AUC-ROC: 1.0000. AUC-PR: 0.9999
Iteration: 16500. Loss: 0.1644003540277481. Accuracy: 96.79417517930885. AUC-ROC: 1.0000. AUC-PR: 1.0000
Iteration: 17000. Loss: 0.16926312446594238. Accuracy: 96.78330797652684. AUC-ROC: 1.0000. AUC-PR: 0.9999
Iteration: 17500. Loss: 0.15633130073547363. Accuracy: 96.75070636818083. AUC-ROC: 1.0000. AUC-PR: 0.9999
Iteration: 18000. Loss: 0.15588267147541046. Accuracy: 96.84851119321887. AUC-ROC: 1.0000. AUC-PR: 1.0000
Iteration: 18500. Loss: 0.15725553035736084. Accuracy: 96.83764399043686. AUC-ROC: 1.0000. AUC-PR: 1.0000
Iteration: 19000. Loss: 0.1530068814754486. Accuracy: 96.6637687459248. AUC-ROC: 1.0000. AUC-PR: 1.0000
Iteration: 19500. Loss: 0.1289551556110382. Accuracy: 96.81590958487286. AUC-ROC: 1.0000. AUC-PR: 1.0000
Iteration: 20000. Loss: 0.13442620635032654. Accuracy: 96.9137144099109. AUC-ROC: 1.0000. AUC-PR: 1.0000
Iteration: 20500. Loss: 0.13611169159412384. Accuracy: 96.84851119321887. AUC-ROC: 1.0000. AUC-PR: 1.0000
Iteration: 21000. Loss: 0.1719275563955307. Accuracy: 96.83764399043686. AUC-ROC: 1.0000. AUC-PR: 1.0000
Iteration: 21500. Loss: 0.11846671998500824. Accuracy: 96.6637687459248. AUC-ROC: 1.0000. AUC-PR: 1.0000
Iteration: 22000. Loss: 0.12762482464313507. Accuracy: 97.26146489893502. AUC-ROC: 1.0000. AUC-PR: 1.0000
Iteration: 22500. Loss: 0.1286652684211731. Accuracy: 96.78330797652684. AUC-ROC: 1.0000. AUC-PR: 1.0000
Iteration: 23000. Loss: 0.10407483577728271. Accuracy: 96.67463594870681. AUC-ROC: 1.0000. AUC-PR: 1.0000
Iteration: 23500. Loss: 0.0997680276632309. Accuracy: 96.76157357096284. AUC-ROC: 1.0000. AUC-PR: 1.0000
Iteration: 24000. Loss: 0.10123920440673828. Accuracy: 96.6855031514888. AUC-ROC: 1.0000. AUC-PR: 1.0000
Iteration: 24500. Loss: 0.11796808987855911. Accuracy: 96.96805042382091. AUC-ROC: 1.0000. AUC-PR: 1.0000
Iteration: 25000. Loss: 0.10163737833499908. Accuracy: 97.05498804607694. AUC-ROC: 1.0000. AUC-PR: 1.0000
Iteration: 25500. Loss: 0.10065104067325592. Accuracy: 96.62029993479679. AUC-ROC: 1.0000. AUC-PR: 1.0000
Iteration: 26000. Loss: 0.10162317007780075. Accuracy: 96.34861986524669. AUC-ROC: 1.0000. AUC-PR: 1.0000
Iteration: 26500. Loss: 0.09212937206029892. Accuracy: 96.98978482938492. AUC-ROC: 1.0000. AUC-PR: 1.0000
Iteration: 27000. Loss: 0.1018066257238388. Accuracy: 96.85937839600086. AUC-ROC: 1.0000. AUC-PR: 1.0000
Iteration: 27500. Loss: 0.10043971985578537. Accuracy: 96.83764399043686. AUC-ROC: 1.0000. AUC-PR: 1.0000
Iteration: 28000. Loss: 0.09353862702846527. Accuracy: 96.90284720712889. AUC-ROC: 1.0000. AUC-PR: 1.0000
Iteration: 28500. Loss: 0.07602448016405106. Accuracy: 96.90284720712889. AUC-ROC: 1.0000. AUC-PR: 1.0000
Iteration: 29000. Loss: 0.09062372148036957. Accuracy: 96.83764399043686. AUC-ROC: 1.0000. AUC-PR: 1.0000
Iteration: 29500. Loss: 0.08321920782327652. Accuracy: 97.18539447946098. AUC-ROC: 1.0000. AUC-PR: 1.0000
Iteration: 30000. Loss: 0.08756501227617264. Accuracy: 96.78330797652684. AUC-ROC: 1.0000. AUC-PR: 1.0000
Iteration: 30500. Loss: 0.10087881982326508. Accuracy: 96.76157357096284. AUC-ROC: 1.0000. AUC-PR: 1.0000
Iteration: 31000. Loss: 0.07509490847587585. Accuracy: 96.80504238209085. AUC-ROC: 1.0000. AUC-PR: 1.0000
Iteration: 31500. Loss: 0.08525344729423523. Accuracy: 96.82677678765486. AUC-ROC: 1.0000. AUC-PR: 1.0000
Iteration: 32000. Loss: 0.0775829553604126. Accuracy: 96.80504238209085. AUC-ROC: 1.0000. AUC-PR: 1.0000
Iteration: 32500. Loss: 0.06680988520383835. Accuracy: 96.79417517930885. AUC-ROC: 1.0000. AUC-PR: 1.0000
Iteration: 33000. Loss: 0.07429256290197372. Accuracy: 96.6855031514888. AUC-ROC: 1.0000. AUC-PR: 1.0000
Iteration: 33500. Loss: 0.08079539239406586. Accuracy: 96.26168224299066. AUC-ROC: 1.0000. AUC-PR: 1.0000
Iteration: 34000. Loss: 0.08636851608753204. Accuracy: 96.27254944577265. AUC-ROC: 1.0000. AUC-PR: 1.0000
Iteration: 34500. Loss: 0.07918739318847656. Accuracy: 95.93566615953054. AUC-ROC: 1.0000. AUC-PR: 1.0000
Iteration: 35000. Loss: 0.05627335235476494. Accuracy: 95.94653336231254. AUC-ROC: 1.0000. AUC-PR: 1.0000
Iteration: 35500. Loss: 0.0547051876783371. Accuracy: 95.69658769832645. AUC-ROC: 1.0000. AUC-PR: 1.0000
Iteration: 36000. Loss: 0.057876914739608765. Accuracy: 96.01173657900456. AUC-ROC: 1.0000. AUC-PR: 1.0000
Iteration: 36500. Loss: 0.05704265460371971. Accuracy: 95.93566615953054. AUC-ROC: 1.0000. AUC-PR: 1.0000
Iteration: 37000. Loss: 0.05550283566117287. Accuracy: 95.44664203434036. AUC-ROC: 1.0000. AUC-PR: 1.0000
Iteration: 37500. Loss: 0.05446774512529373. Accuracy: 95.39230602043034. AUC-ROC: 1.0000. AUC-PR: 1.0000
Iteration: 38000. Loss: 0.05515476316213608. Accuracy: 95.8595957400565. AUC-ROC: 1.0000. AUC-PR: 1.0000
Iteration: 38500. Loss: 0.058403946459293365. Accuracy: 95.79439252336448. AUC-ROC: 1.0000. AUC-PR: 1.0000
Iteration: 39000. Loss: 0.05472492799162865. Accuracy: 96.52249510975875. AUC-ROC: 1.0000. AUC-PR: 1.0000
Iteration: 39500. Loss: 0.052133120596408844. Accuracy: 96.6637687459248. AUC-ROC: 1.0000. AUC-PR: 1.0000
Iteration: 40000. Loss: 0.055488649755716324. Accuracy: 96.72897196261682. AUC-ROC: 1.0000. AUC-PR: 1.0000
Iteration: 40500. Loss: 0.0704641044139862. Accuracy: 96.6855031514888. AUC-ROC: 1.0000. AUC-PR: 1.0000
Iteration: 41000. Loss: 0.04709373414516449. Accuracy: 96.47902629863073. AUC-ROC: 1.0000. AUC-PR: 1.0000
Iteration: 41500. Loss: 0.05100692808628082. Accuracy: 96.47902629863073. AUC-ROC: 1.0000. AUC-PR: 1.0000
Iteration: 42000. Loss: 0.04827094450592995. Accuracy: 96.46815909584873. AUC-ROC: 1.0000. AUC-PR: 1.0000
Iteration: 42500. Loss: 0.04298010468482971. Accuracy: 96.46815909584873. AUC-ROC: 1.0000. AUC-PR: 1.0000
Iteration: 43000. Loss: 0.04357796907424927. Accuracy: 96.47902629863073. AUC-ROC: 1.0000. AUC-PR: 1.0000
Iteration: 43500. Loss: 0.06057994067668915. Accuracy: 96.45729189306672. AUC-ROC: 1.0000. AUC-PR: 1.0000
Iteration: 44000. Loss: 0.05251072719693184. Accuracy: 96.46815909584873. AUC-ROC: 1.0000. AUC-PR: 1.0000
Iteration: 44500. Loss: 0.05169479548931122. Accuracy: 96.46815909584873. AUC-ROC: 1.0000. AUC-PR: 1.0000
Iteration: 45000. Loss: 0.0462409071624279. Accuracy: 96.45729189306672. AUC-ROC: 1.0000. AUC-PR: 1.0000
Iteration: 45500. Loss: 0.045431602746248245. Accuracy: 96.46815909584873. AUC-ROC: 1.0000. AUC-PR: 1.0000
Iteration: 46000. Loss: 0.05008470267057419. Accuracy: 96.45729189306672. AUC-ROC: 1.0000. AUC-PR: 1.0000
Iteration: 46500. Loss: 0.04835736006498337. Accuracy: 96.45729189306672. AUC-ROC: 1.0000. AUC-PR: 1.0000
Iteration: 47000. Loss: 0.04401751980185509. Accuracy: 96.45729189306672. AUC-ROC: 1.0000. AUC-PR: 1.0000
Iteration: 47500. Loss: 0.03999563306570053. Accuracy: 96.45729189306672. AUC-ROC: 1.0000. AUC-PR: 1.0000
Iteration: 48000. Loss: 0.04784805327653885. Accuracy: 96.45729189306672. AUC-ROC: 1.0000. AUC-PR: 1.0000
Iteration: 48500. Loss: 0.04187343642115593. Accuracy: 96.45729189306672. AUC-ROC: 1.0000. AUC-PR: 1.0000
Iteration: 49000. Loss: 0.041106220334768295. Accuracy: 96.45729189306672. AUC-ROC: 1.0000. AUC-PR: 1.0000
Iteration: 49500. Loss: 0.047599416226148605. Accuracy: 96.45729189306672. AUC-ROC: 1.0000. AUC-PR: 1.0000
Iteration: 50000. Loss: 0.04589966684579849. Accuracy: 96.45729189306672. AUC-ROC: 1.0000. AUC-PR: 1.0000
Iteration: 50500. Loss: 0.04409334063529968. Accuracy: 96.45729189306672. AUC-ROC: 1.0000. AUC-PR: 1.0000
Iteration: 51000. Loss: 0.03504588454961777. Accuracy: 96.45729189306672. AUC-ROC: 1.0000. AUC-PR: 1.0000
Iteration: 51500. Loss: 0.06150656193494797. Accuracy: 96.46815909584873. AUC-ROC: 1.0000. AUC-PR: 1.0000
Iteration: 52000. Loss: 0.0382746197283268. Accuracy: 96.45729189306672. AUC-ROC: 1.0000. AUC-PR: 1.0000
Iteration: 52500. Loss: 0.03991967439651489. Accuracy: 96.45729189306672. AUC-ROC: 1.0000. AUC-PR: 1.0000
Iteration: 53000. Loss: 0.04268916696310043. Accuracy: 96.45729189306672. AUC-ROC: 1.0000. AUC-PR: 1.0000
Iteration: 53500. Loss: 0.03733072429895401. Accuracy: 96.45729189306672. AUC-ROC: 1.0000. AUC-PR: 1.0000
Iteration: 54000. Loss: 0.08667502552270889. Accuracy: 96.54422951532275. AUC-ROC: 1.0000. AUC-PR: 1.0000
Iteration: 54500. Loss: 0.03806259483098984. Accuracy: 96.45729189306672. AUC-ROC: 1.0000. AUC-PR: 1.0000
Iteration: 55000. Loss: 0.04407765716314316. Accuracy: 96.45729189306672. AUC-ROC: 1.0000. AUC-PR: 1.0000
Iteration: 55500. Loss: 0.03847081959247589. Accuracy: 96.44642469028472. AUC-ROC: 1.0000. AUC-PR: 1.0000
Iteration: 56000. Loss: 0.06197761744260788. Accuracy: 96.46815909584873. AUC-ROC: 1.0000. AUC-PR: 1.0000
Iteration: 56500. Loss: 0.04659174010157585. Accuracy: 96.44642469028472. AUC-ROC: 1.0000. AUC-PR: 1.0000
Iteration: 57000. Loss: 0.04198499768972397. Accuracy: 96.45729189306672. AUC-ROC: 1.0000. AUC-PR: 1.0000
Iteration: 57500. Loss: 0.028592385351657867. Accuracy: 96.45729189306672. AUC-ROC: 1.0000. AUC-PR: 1.0000
Iteration: 58000. Loss: 0.03241071477532387. Accuracy: 96.44642469028472. AUC-ROC: 1.0000. AUC-PR: 1.0000
Iteration: 58500. Loss: 0.03742057830095291. Accuracy: 96.45729189306672. AUC-ROC: 1.0000. AUC-PR: 1.0000
Iteration: 59000. Loss: 0.030580811202526093. Accuracy: 96.45729189306672. AUC-ROC: 1.0000. AUC-PR: 1.0000
Iteration: 59500. Loss: 0.0327254980802536. Accuracy: 96.45729189306672. AUC-ROC: 1.0000. AUC-PR: 1.0000
Iteration: 60000. Loss: 0.032935820519924164. Accuracy: 96.45729189306672. AUC-ROC: 1.0000. AUC-PR: 1.0000
Iteration: 60500. Loss: 0.03219638392329216. Accuracy: 96.45729189306672. AUC-ROC: 1.0000. AUC-PR: 1.0000
Iteration: 61000. Loss: 0.02817360684275627. Accuracy: 96.44642469028472. AUC-ROC: 1.0000. AUC-PR: 1.0000
Iteration: 61500. Loss: 0.03561708331108093. Accuracy: 96.44642469028472. AUC-ROC: 1.0000. AUC-PR: 1.0000
Iteration: 62000. Loss: 0.03881829231977463. Accuracy: 96.44642469028472. AUC-ROC: 1.0000. AUC-PR: 1.0000
Iteration: 62500. Loss: 0.03377367556095123. Accuracy: 96.45729189306672. AUC-ROC: 1.0000. AUC-PR: 1.0000
Iteration: 63000. Loss: 0.02839796617627144. Accuracy: 96.44642469028472. AUC-ROC: 1.0000. AUC-PR: 1.0000
Iteration: 63500. Loss: 0.03489183634519577. Accuracy: 96.45729189306672. AUC-ROC: 1.0000. AUC-PR: 1.0000
Iteration: 64000. Loss: 0.03437536954879761. Accuracy: 96.45729189306672. AUC-ROC: 1.0000. AUC-PR: 1.0000
Iteration: 64500. Loss: 0.03954536095261574. Accuracy: 96.44642469028472. AUC-ROC: 1.0000. AUC-PR: 1.0000
Iteration: 65000. Loss: 0.026402562856674194. Accuracy: 96.44642469028472. AUC-ROC: 1.0000. AUC-PR: 1.0000
Iteration: 65500. Loss: 0.05470375716686249. Accuracy: 96.44642469028472. AUC-ROC: 1.0000. AUC-PR: 1.0000
Iteration: 66000. Loss: 0.027775879949331284. Accuracy: 96.44642469028472. AUC-ROC: 1.0000. AUC-PR: 1.0000
Iteration: 66500. Loss: 0.024405909702181816. Accuracy: 96.46815909584873. AUC-ROC: 1.0000. AUC-PR: 1.0000
Iteration: 67000. Loss: 0.027243122458457947. Accuracy: 96.44642469028472. AUC-ROC: 1.0000. AUC-PR: 1.0000
Iteration: 67500. Loss: 0.031093813478946686. Accuracy: 96.44642469028472. AUC-ROC: 1.0000. AUC-PR: 1.0000
Iteration: 68000. Loss: 0.027243632823228836. Accuracy: 96.44642469028472. AUC-ROC: 1.0000. AUC-PR: 1.0000
Iteration: 68500. Loss: 0.0245380736887455. Accuracy: 96.44642469028472. AUC-ROC: 1.0000. AUC-PR: 1.0000
Iteration: 69000. Loss: 0.02576563134789467. Accuracy: 96.44642469028472. AUC-ROC: 1.0000. AUC-PR: 1.0000
Iteration: 69500. Loss: 0.03159055486321449. Accuracy: 96.44642469028472. AUC-ROC: 1.0000. AUC-PR: 1.0000
Iteration: 70000. Loss: 0.026943154633045197. Accuracy: 96.44642469028472. AUC-ROC: 1.0000. AUC-PR: 1.0000
Iteration: 70500. Loss: 0.025016840547323227. Accuracy: 96.44642469028472. AUC-ROC: 1.0000. AUC-PR: 1.0000
Iteration: 71000. Loss: 0.02941903844475746. Accuracy: 96.44642469028472. AUC-ROC: 1.0000. AUC-PR: 1.0000
Iteration: 71500. Loss: 0.027897104620933533. Accuracy: 96.44642469028472. AUC-ROC: 1.0000. AUC-PR: 1.0000

--- Model Training Complete ---

Model weights saved to  trained_model/lstm_model_weights_hidden32_30l.json
