libs loaded
device: cuda
starting...
data found
features split
features split
data loaded
about to enter training loop
Iteration: 500. Loss: 0.6757000088691711. Accuracy: 64.20516157015831. AUC-ROC: 0.4029. AUC-PR: 0.1838
Iteration: 1000. Loss: 0.6484434604644775. Accuracy: 64.20516157015831. AUC-ROC: 0.8555. AUC-PR: 0.6156
Iteration: 1500. Loss: 0.6288983821868896. Accuracy: 64.20516157015831. AUC-ROC: 0.9489. AUC-PR: 0.7893
Iteration: 2000. Loss: 0.6044679880142212. Accuracy: 64.20516157015831. AUC-ROC: 0.9636. AUC-PR: 0.8239
Iteration: 2500. Loss: 0.6110020279884338. Accuracy: 64.20516157015831. AUC-ROC: 0.9657. AUC-PR: 0.8276
Iteration: 3000. Loss: 0.5913591980934143. Accuracy: 64.20516157015831. AUC-ROC: 0.9663. AUC-PR: 0.8287
Iteration: 3500. Loss: 0.5843786001205444. Accuracy: 64.20516157015831. AUC-ROC: 0.9666. AUC-PR: 0.8295
Iteration: 4000. Loss: 0.569603681564331. Accuracy: 64.20516157015831. AUC-ROC: 0.9668. AUC-PR: 0.8299
Iteration: 4500. Loss: 0.5848842263221741. Accuracy: 64.20516157015831. AUC-ROC: 0.9670. AUC-PR: 0.8305
Iteration: 5000. Loss: 0.5661253929138184. Accuracy: 64.20516157015831. AUC-ROC: 0.9672. AUC-PR: 0.8309
Iteration: 5500. Loss: 0.5447893738746643. Accuracy: 64.20516157015831. AUC-ROC: 0.9672. AUC-PR: 0.8310
Iteration: 6000. Loss: 0.5425102710723877. Accuracy: 64.20516157015831. AUC-ROC: 0.9673. AUC-PR: 0.8313
Iteration: 6500. Loss: 0.534049928188324. Accuracy: 64.20516157015831. AUC-ROC: 0.9674. AUC-PR: 0.8317
Iteration: 7000. Loss: 0.5411908626556396. Accuracy: 64.20516157015831. AUC-ROC: 0.9675. AUC-PR: 0.8318
Iteration: 7500. Loss: 0.69048011302948. Accuracy: 64.20516157015831. AUC-ROC: 0.4455. AUC-PR: 0.1790
Iteration: 8000. Loss: 0.6585196256637573. Accuracy: 64.20516157015831. AUC-ROC: 0.4458. AUC-PR: 0.1790
Iteration: 8500. Loss: 0.6833056807518005. Accuracy: 64.20516157015831. AUC-ROC: 0.4416. AUC-PR: 0.1790
Iteration: 9000. Loss: 0.5662634372711182. Accuracy: 64.20516157015831. AUC-ROC: 0.4464. AUC-PR: 0.1790
Iteration: 9500. Loss: 0.7211678624153137. Accuracy: 64.20516157015831. AUC-ROC: 0.4485. AUC-PR: 0.1790
Iteration: 10000. Loss: 0.7290616631507874. Accuracy: 64.20516157015831. AUC-ROC: 0.4429. AUC-PR: 0.1790
Iteration: 10500. Loss: 0.706336259841919. Accuracy: 64.20516157015831. AUC-ROC: 0.4456. AUC-PR: 0.1790
Iteration: 11000. Loss: 0.6974782347679138. Accuracy: 64.20516157015831. AUC-ROC: 0.4461. AUC-PR: 0.1790
Iteration: 11500. Loss: 0.7066872119903564. Accuracy: 64.20516157015831. AUC-ROC: 0.4423. AUC-PR: 0.1790
Iteration: 12000. Loss: 0.6927602291107178. Accuracy: 64.20516157015831. AUC-ROC: 0.4442. AUC-PR: 0.1790
Iteration: 12500. Loss: 0.6880643367767334. Accuracy: 64.20516157015831. AUC-ROC: 0.4423. AUC-PR: 0.1790
Iteration: 13000. Loss: 0.7006157636642456. Accuracy: 64.20516157015831. AUC-ROC: 0.4458. AUC-PR: 0.1790
Iteration: 13500. Loss: 0.715785801410675. Accuracy: 64.20516157015831. AUC-ROC: 0.4465. AUC-PR: 0.1790
Iteration: 14000. Loss: 0.6917189955711365. Accuracy: 64.20516157015831. AUC-ROC: 0.4465. AUC-PR: 0.1790
Iteration: 14500. Loss: 0.6939692497253418. Accuracy: 64.20516157015831. AUC-ROC: 0.4458. AUC-PR: 0.1790
Iteration: 15000. Loss: 0.6934610605239868. Accuracy: 64.20516157015831. AUC-ROC: 0.4484. AUC-PR: 0.1790
Iteration: 15500. Loss: 0.6943539381027222. Accuracy: 64.20516157015831. AUC-ROC: 0.4484. AUC-PR: 0.1790
Iteration: 16000. Loss: 0.6930418014526367. Accuracy: 64.20516157015831. AUC-ROC: 0.4482. AUC-PR: 0.1790
Iteration: 16500. Loss: 0.6931067705154419. Accuracy: 64.20516157015831. AUC-ROC: 0.4446. AUC-PR: 0.1790
Iteration: 17000. Loss: 0.6934801340103149. Accuracy: 64.20516157015831. AUC-ROC: 0.4460. AUC-PR: 0.1790
Iteration: 17500. Loss: 0.692535400390625. Accuracy: 64.20516157015831. AUC-ROC: 0.4460. AUC-PR: 0.1790
Iteration: 18000. Loss: 0.7008333206176758. Accuracy: 64.20516157015831. AUC-ROC: 0.4424. AUC-PR: 0.1790
Iteration: 18500. Loss: 0.692908525466919. Accuracy: 64.20516157015831. AUC-ROC: 0.4487. AUC-PR: 0.1790
Iteration: 19000. Loss: 0.6904987692832947. Accuracy: 64.20516157015831. AUC-ROC: 0.4453. AUC-PR: 0.1790
Iteration: 19500. Loss: 0.6912244558334351. Accuracy: 64.20516157015831. AUC-ROC: 0.4432. AUC-PR: 0.1790
Iteration: 20000. Loss: 0.694665789604187. Accuracy: 64.20516157015831. AUC-ROC: 0.4487. AUC-PR: 0.1790
Iteration: 20500. Loss: 0.6940239667892456. Accuracy: 64.20516157015831. AUC-ROC: 0.4483. AUC-PR: 0.1790
Iteration: 21000. Loss: 0.693234920501709. Accuracy: 64.20516157015831. AUC-ROC: 0.4460. AUC-PR: 0.1790
Iteration: 21500. Loss: 0.6941876411437988. Accuracy: 64.20516157015831. AUC-ROC: 0.4489. AUC-PR: 0.1790
Iteration: 22000. Loss: 0.692324161529541. Accuracy: 64.20516157015831. AUC-ROC: 0.4485. AUC-PR: 0.1790
Iteration: 22500. Loss: 0.6780170798301697. Accuracy: 64.20516157015831. AUC-ROC: 0.4484. AUC-PR: 0.1790
Iteration: 23000. Loss: 0.6913434267044067. Accuracy: 64.20516157015831. AUC-ROC: 0.4484. AUC-PR: 0.1790
Iteration: 23500. Loss: 0.6908836960792542. Accuracy: 64.20516157015831. AUC-ROC: 0.4491. AUC-PR: 0.1790
Iteration: 24000. Loss: 0.6913307905197144. Accuracy: 64.20516157015831. AUC-ROC: 0.4484. AUC-PR: 0.1790
Iteration: 24500. Loss: 0.6918107867240906. Accuracy: 64.20516157015831. AUC-ROC: 0.4450. AUC-PR: 0.1790
Iteration: 25000. Loss: 0.6913964748382568. Accuracy: 64.20516157015831. AUC-ROC: 0.4475. AUC-PR: 0.1790
Iteration: 25500. Loss: 0.696304440498352. Accuracy: 64.20516157015831. AUC-ROC: 0.4456. AUC-PR: 0.1790
Iteration: 26000. Loss: 0.6942209005355835. Accuracy: 64.20516157015831. AUC-ROC: 0.4492. AUC-PR: 0.1790
Iteration: 26500. Loss: 0.6904581785202026. Accuracy: 64.20516157015831. AUC-ROC: 0.4489. AUC-PR: 0.1790
Iteration: 27000. Loss: 0.7081854343414307. Accuracy: 64.20516157015831. AUC-ROC: 0.4450. AUC-PR: 0.1790
Iteration: 27500. Loss: 0.6950814127922058. Accuracy: 64.20516157015831. AUC-ROC: 0.4482. AUC-PR: 0.1790
Iteration: 28000. Loss: 0.6978939175605774. Accuracy: 64.20516157015831. AUC-ROC: 0.4484. AUC-PR: 0.1790
Iteration: 28500. Loss: 0.6923009753227234. Accuracy: 64.20516157015831. AUC-ROC: 0.4484. AUC-PR: 0.1790
Iteration: 29000. Loss: 0.6967008709907532. Accuracy: 64.20516157015831. AUC-ROC: 0.4484. AUC-PR: 0.1790
Iteration: 29500. Loss: 0.6932779550552368. Accuracy: 64.20516157015831. AUC-ROC: 0.4492. AUC-PR: 0.1790
Iteration: 30000. Loss: 0.6922654509544373. Accuracy: 64.20516157015831. AUC-ROC: 0.4483. AUC-PR: 0.1790
Iteration: 30500. Loss: 0.6962038278579712. Accuracy: 64.20516157015831. AUC-ROC: 0.4484. AUC-PR: 0.1790
Iteration: 31000. Loss: 0.6917724013328552. Accuracy: 64.20516157015831. AUC-ROC: 0.4427. AUC-PR: 0.1790
Iteration: 31500. Loss: 0.710046648979187. Accuracy: 64.20516157015831. AUC-ROC: 0.4465. AUC-PR: 0.1790
Iteration: 32000. Loss: 0.6907225847244263. Accuracy: 64.20516157015831. AUC-ROC: 0.4488. AUC-PR: 0.1790
Iteration: 32500. Loss: 0.6943237781524658. Accuracy: 64.20516157015831. AUC-ROC: 0.4492. AUC-PR: 0.1790
Iteration: 33000. Loss: 0.6922132968902588. Accuracy: 64.20516157015831. AUC-ROC: 0.4465. AUC-PR: 0.1790
Iteration: 33500. Loss: 0.6932860612869263. Accuracy: 64.20516157015831. AUC-ROC: 0.4491. AUC-PR: 0.1790
Iteration: 34000. Loss: 0.6917869448661804. Accuracy: 64.20516157015831. AUC-ROC: 0.4457. AUC-PR: 0.1790
Iteration: 34500. Loss: 0.6904066205024719. Accuracy: 64.20516157015831. AUC-ROC: 0.4427. AUC-PR: 0.1790
Iteration: 35000. Loss: 0.6937474012374878. Accuracy: 64.20516157015831. AUC-ROC: 0.4465. AUC-PR: 0.1790
Iteration: 35500. Loss: 0.6890592575073242. Accuracy: 64.20516157015831. AUC-ROC: 0.4492. AUC-PR: 0.1790
Iteration: 36000. Loss: 0.6782765984535217. Accuracy: 64.20516157015831. AUC-ROC: 0.4458. AUC-PR: 0.1790
Iteration: 36500. Loss: 0.691337525844574. Accuracy: 64.20516157015831. AUC-ROC: 0.4489. AUC-PR: 0.1790
Iteration: 37000. Loss: 0.6893744468688965. Accuracy: 64.20516157015831. AUC-ROC: 0.4492. AUC-PR: 0.1790
Iteration: 37500. Loss: 0.6903679370880127. Accuracy: 64.20516157015831. AUC-ROC: 0.4492. AUC-PR: 0.1790
Iteration: 38000. Loss: 0.6937518119812012. Accuracy: 64.20516157015831. AUC-ROC: 0.4492. AUC-PR: 0.1790
Iteration: 38500. Loss: 0.6957330703735352. Accuracy: 64.20516157015831. AUC-ROC: 0.4487. AUC-PR: 0.1790
Iteration: 39000. Loss: 0.6907308101654053. Accuracy: 64.20516157015831. AUC-ROC: 0.4497. AUC-PR: 0.1790
Iteration: 39500. Loss: 0.6954020261764526. Accuracy: 64.20516157015831. AUC-ROC: 0.4487. AUC-PR: 0.1790
Iteration: 40000. Loss: 0.6922662258148193. Accuracy: 64.20516157015831. AUC-ROC: 0.4453. AUC-PR: 0.1790
Iteration: 40500. Loss: 0.7087150812149048. Accuracy: 64.20516157015831. AUC-ROC: 0.4483. AUC-PR: 0.1790
Iteration: 41000. Loss: 0.6932660341262817. Accuracy: 64.20516157015831. AUC-ROC: 0.4491. AUC-PR: 0.1790
Iteration: 41500. Loss: 0.6918653845787048. Accuracy: 64.20516157015831. AUC-ROC: 0.4483. AUC-PR: 0.1790
Iteration: 42000. Loss: 0.694211483001709. Accuracy: 64.20516157015831. AUC-ROC: 0.4471. AUC-PR: 0.1790
Iteration: 42500. Loss: 0.6922979950904846. Accuracy: 64.20516157015831. AUC-ROC: 0.4459. AUC-PR: 0.1790
Iteration: 43000. Loss: 0.6937284469604492. Accuracy: 64.20516157015831. AUC-ROC: 0.4487. AUC-PR: 0.1790
Iteration: 43500. Loss: 0.6947145462036133. Accuracy: 64.20516157015831. AUC-ROC: 0.4454. AUC-PR: 0.1790
Iteration: 44000. Loss: 0.6867157220840454. Accuracy: 64.20516157015831. AUC-ROC: 0.4491. AUC-PR: 0.1790
Iteration: 44500. Loss: 0.6937740445137024. Accuracy: 64.20516157015831. AUC-ROC: 0.4492. AUC-PR: 0.1790
Iteration: 45000. Loss: 0.710027813911438. Accuracy: 64.20516157015831. AUC-ROC: 0.4492. AUC-PR: 0.1790
Iteration: 45500. Loss: 0.6952447891235352. Accuracy: 64.20516157015831. AUC-ROC: 0.4492. AUC-PR: 0.1790
Iteration: 46000. Loss: 0.6927727460861206. Accuracy: 64.20516157015831. AUC-ROC: 0.4489. AUC-PR: 0.1790
Iteration: 46500. Loss: 0.6917582750320435. Accuracy: 64.20516157015831. AUC-ROC: 0.4475. AUC-PR: 0.1790
Iteration: 47000. Loss: 0.6937468647956848. Accuracy: 64.20516157015831. AUC-ROC: 0.4444. AUC-PR: 0.1790
Iteration: 47500. Loss: 0.6909826993942261. Accuracy: 64.20516157015831. AUC-ROC: 0.4491. AUC-PR: 0.1790
Iteration: 48000. Loss: 0.6936850547790527. Accuracy: 64.20516157015831. AUC-ROC: 0.4456. AUC-PR: 0.1790
Iteration: 48500. Loss: 0.6941409111022949. Accuracy: 64.20516157015831. AUC-ROC: 0.4444. AUC-PR: 0.1790
Iteration: 49000. Loss: 0.6923754215240479. Accuracy: 64.20516157015831. AUC-ROC: 0.4491. AUC-PR: 0.1790
Iteration: 49500. Loss: 0.6788358688354492. Accuracy: 64.20516157015831. AUC-ROC: 0.4456. AUC-PR: 0.1790
Iteration: 50000. Loss: 0.6937417984008789. Accuracy: 64.20516157015831. AUC-ROC: 0.4489. AUC-PR: 0.1790
Iteration: 50500. Loss: 0.6947085857391357. Accuracy: 64.20516157015831. AUC-ROC: 0.4460. AUC-PR: 0.1790
Iteration: 51000. Loss: 0.6951193809509277. Accuracy: 64.20516157015831. AUC-ROC: 0.4492. AUC-PR: 0.1790
Iteration: 51500. Loss: 0.6923000812530518. Accuracy: 64.20516157015831. AUC-ROC: 0.4492. AUC-PR: 0.1790
Iteration: 52000. Loss: 0.6953004598617554. Accuracy: 64.20516157015831. AUC-ROC: 0.4492. AUC-PR: 0.1790
Iteration: 52500. Loss: 0.6927734613418579. Accuracy: 64.20516157015831. AUC-ROC: 0.4498. AUC-PR: 0.1790
Iteration: 53000. Loss: 0.6897704601287842. Accuracy: 64.20516157015831. AUC-ROC: 0.4491. AUC-PR: 0.1790
Iteration: 53500. Loss: 0.6932716369628906. Accuracy: 64.20516157015831. AUC-ROC: 0.4484. AUC-PR: 0.1790
Iteration: 54000. Loss: 0.7096271514892578. Accuracy: 64.20516157015831. AUC-ROC: 0.4478. AUC-PR: 0.1790
Iteration: 54500. Loss: 0.6927782297134399. Accuracy: 64.20516157015831. AUC-ROC: 0.4490. AUC-PR: 0.1790
Iteration: 55000. Loss: 0.695134162902832. Accuracy: 64.20516157015831. AUC-ROC: 0.4456. AUC-PR: 0.1790
Iteration: 55500. Loss: 0.692308247089386. Accuracy: 64.20516157015831. AUC-ROC: 0.4456. AUC-PR: 0.1790
Iteration: 56000. Loss: 0.6908920407295227. Accuracy: 64.20516157015831. AUC-ROC: 0.4497. AUC-PR: 0.1790
Iteration: 56500. Loss: 0.693801999092102. Accuracy: 64.20516157015831. AUC-ROC: 0.4499. AUC-PR: 0.1790
Iteration: 57000. Loss: 0.6937769651412964. Accuracy: 64.20516157015831. AUC-ROC: 0.4485. AUC-PR: 0.1790
Iteration: 57500. Loss: 0.6932815313339233. Accuracy: 64.20516157015831. AUC-ROC: 0.4490. AUC-PR: 0.1790
Iteration: 58000. Loss: 0.6927675008773804. Accuracy: 64.20516157015831. AUC-ROC: 0.4457. AUC-PR: 0.1790
Iteration: 58500. Loss: 0.7096466422080994. Accuracy: 64.20516157015831. AUC-ROC: 0.4492. AUC-PR: 0.1790
Iteration: 59000. Loss: 0.6922721862792969. Accuracy: 64.20516157015831. AUC-ROC: 0.4487. AUC-PR: 0.1790
Iteration: 59500. Loss: 0.6927720308303833. Accuracy: 64.20516157015831. AUC-ROC: 0.4492. AUC-PR: 0.1790
Iteration: 60000. Loss: 0.6972781419754028. Accuracy: 64.20516157015831. AUC-ROC: 0.4448. AUC-PR: 0.1790
Iteration: 60500. Loss: 0.6887348294258118. Accuracy: 64.20516157015831. AUC-ROC: 0.4490. AUC-PR: 0.1790
Iteration: 61000. Loss: 0.6896319389343262. Accuracy: 64.20516157015831. AUC-ROC: 0.4490. AUC-PR: 0.1790
Iteration: 61500. Loss: 0.6932740211486816. Accuracy: 64.20516157015831. AUC-ROC: 0.4449. AUC-PR: 0.1790
Iteration: 62000. Loss: 0.6927785277366638. Accuracy: 64.20516157015831. AUC-ROC: 0.4482. AUC-PR: 0.1790
Iteration: 62500. Loss: 0.6951370239257812. Accuracy: 64.20516157015831. AUC-ROC: 0.4491. AUC-PR: 0.1790
Iteration: 63000. Loss: 0.6774805784225464. Accuracy: 64.20516157015831. AUC-ROC: 0.4493. AUC-PR: 0.1790
Iteration: 63500. Loss: 0.6947911381721497. Accuracy: 64.20516157015831. AUC-ROC: 0.4501. AUC-PR: 0.1790
Iteration: 64000. Loss: 0.6917821168899536. Accuracy: 64.20516157015831. AUC-ROC: 0.4497. AUC-PR: 0.1790
Iteration: 64500. Loss: 0.6937533617019653. Accuracy: 64.20516157015831. AUC-ROC: 0.4486. AUC-PR: 0.1790
Iteration: 65000. Loss: 0.692779541015625. Accuracy: 64.20516157015831. AUC-ROC: 0.4483. AUC-PR: 0.1790
Iteration: 65500. Loss: 0.6908426284790039. Accuracy: 64.20516157015831. AUC-ROC: 0.4458. AUC-PR: 0.1790
Iteration: 66000. Loss: 0.6882139444351196. Accuracy: 64.20516157015831. AUC-ROC: 0.4498. AUC-PR: 0.1790
Iteration: 66500. Loss: 0.6932756900787354. Accuracy: 64.20516157015831. AUC-ROC: 0.4458. AUC-PR: 0.1790
Iteration: 67000. Loss: 0.6907356381416321. Accuracy: 64.20516157015831. AUC-ROC: 0.4492. AUC-PR: 0.1790
Iteration: 67500. Loss: 0.6777921915054321. Accuracy: 64.20516157015831. AUC-ROC: 0.4462. AUC-PR: 0.1790
Iteration: 68000. Loss: 0.6952725648880005. Accuracy: 64.20516157015831. AUC-ROC: 0.4491. AUC-PR: 0.1790
Iteration: 68500. Loss: 0.6922774314880371. Accuracy: 64.20516157015831. AUC-ROC: 0.4501. AUC-PR: 0.1790
Iteration: 69000. Loss: 0.6907849311828613. Accuracy: 64.20516157015831. AUC-ROC: 0.4489. AUC-PR: 0.1790
Iteration: 69500. Loss: 0.6932700872421265. Accuracy: 64.20516157015831. AUC-ROC: 0.4450. AUC-PR: 0.1790
Iteration: 70000. Loss: 0.6917393207550049. Accuracy: 64.20516157015831. AUC-ROC: 0.4484. AUC-PR: 0.1790
Iteration: 70500. Loss: 0.692232072353363. Accuracy: 64.20516157015831. AUC-ROC: 0.4502. AUC-PR: 0.1790
Iteration: 71000. Loss: 0.6953931450843811. Accuracy: 64.20516157015831. AUC-ROC: 0.4489. AUC-PR: 0.1790
Iteration: 71500. Loss: 0.6912801265716553. Accuracy: 64.20516157015831. AUC-ROC: 0.4450. AUC-PR: 0.1790
Iteration: 72000. Loss: 0.6773294806480408. Accuracy: 64.20516157015831. AUC-ROC: 0.4500. AUC-PR: 0.1790

--- Model Training Complete ---

Model weights saved to  trained_model/lstm_model_weights_hidden8.json
