libs loaded
device: cuda
starting...
train path: train_data/train_sequences_0_160l.pt
test path: test_data/test_sequences_0_160l.pt
data found
features split
features split
data loaded
about to enter training loop
Iteration: 500. Loss: 0.7103826999664307. Accuracy: 65.26675485008818. AUC-ROC: 0.9342. AUC-PR: 0.7323
Iteration: 1000. Loss: 0.6529858112335205. Accuracy: 65.26675485008818. AUC-ROC: 0.9999. AUC-PR: 0.9999
Iteration: 1500. Loss: 0.6099230051040649. Accuracy: 65.26675485008818. AUC-ROC: 1.0000. AUC-PR: 1.0000
Iteration: 2000. Loss: 0.5661703944206238. Accuracy: 65.26675485008818. AUC-ROC: 1.0000. AUC-PR: 1.0000
Iteration: 2500. Loss: 0.5384730696678162. Accuracy: 65.26675485008818. AUC-ROC: 0.9988. AUC-PR: 0.9978
Iteration: 3000. Loss: 0.5120150446891785. Accuracy: 65.26675485008818. AUC-ROC: 0.9983. AUC-PR: 0.9969
Iteration: 3500. Loss: 0.5004063844680786. Accuracy: 65.26675485008818. AUC-ROC: 0.9985. AUC-PR: 0.9973
Iteration: 4000. Loss: 0.4502391219139099. Accuracy: 65.26675485008818. AUC-ROC: 0.9988. AUC-PR: 0.9979
Iteration: 4500. Loss: 0.4345048666000366. Accuracy: 95.78924162257496. AUC-ROC: 0.9993. AUC-PR: 0.9987
Iteration: 5000. Loss: 0.38775670528411865. Accuracy: 97.32142857142857. AUC-ROC: 0.9995. AUC-PR: 0.9990
Iteration: 5500. Loss: 0.35836726427078247. Accuracy: 98.68827160493827. AUC-ROC: 0.9998. AUC-PR: 0.9995
Iteration: 6000. Loss: 0.3594721555709839. Accuracy: 99.68033509700176. AUC-ROC: 1.0000. AUC-PR: 1.0000
Iteration: 6500. Loss: 0.3221641778945923. Accuracy: 98.8205467372134. AUC-ROC: 1.0000. AUC-PR: 1.0000
Iteration: 7000. Loss: 0.3212233781814575. Accuracy: 99.6141975308642. AUC-ROC: 0.9999. AUC-PR: 0.9999
Iteration: 7500. Loss: 0.2987760305404663. Accuracy: 99.25044091710758. AUC-ROC: 1.0000. AUC-PR: 0.9999
Iteration: 8000. Loss: 0.29833143949508667. Accuracy: 98.77645502645503. AUC-ROC: 1.0000. AUC-PR: 1.0000
Iteration: 8500. Loss: 0.25868964195251465. Accuracy: 99.18430335097001. AUC-ROC: 1.0000. AUC-PR: 0.9999
Iteration: 9000. Loss: 0.2656405568122864. Accuracy: 97.37654320987654. AUC-ROC: 1.0000. AUC-PR: 0.9999
Iteration: 9500. Loss: 0.24585895240306854. Accuracy: 99.08509700176367. AUC-ROC: 1.0000. AUC-PR: 0.9999
Iteration: 10000. Loss: 0.22832903265953064. Accuracy: 99.16225749559082. AUC-ROC: 0.9999. AUC-PR: 0.9999
Iteration: 10500. Loss: 0.2271769493818283. Accuracy: 97.92768959435627. AUC-ROC: 1.0000. AUC-PR: 0.9999
Iteration: 11000. Loss: 0.22751469910144806. Accuracy: 97.21119929453263. AUC-ROC: 0.9999. AUC-PR: 0.9999
Iteration: 11500. Loss: 0.2395610511302948. Accuracy: 98.71031746031746. AUC-ROC: 1.0000. AUC-PR: 0.9999
Iteration: 12000. Loss: 0.20584478974342346. Accuracy: 96.61596119929453. AUC-ROC: 0.9999. AUC-PR: 0.9999
Iteration: 12500. Loss: 0.19516748189926147. Accuracy: 97.76234567901234. AUC-ROC: 1.0000. AUC-PR: 0.9999
Iteration: 13000. Loss: 0.2094472050666809. Accuracy: 96.03174603174604. AUC-ROC: 1.0000. AUC-PR: 0.9999
Iteration: 13500. Loss: 0.20062421262264252. Accuracy: 96.62698412698413. AUC-ROC: 0.9999. AUC-PR: 0.9999
Iteration: 14000. Loss: 0.19341689348220825. Accuracy: 97.04585537918871. AUC-ROC: 0.9999. AUC-PR: 0.9999
Iteration: 14500. Loss: 0.1835644245147705. Accuracy: 98.45679012345678. AUC-ROC: 1.0000. AUC-PR: 0.9999
Iteration: 15000. Loss: 0.23522481322288513. Accuracy: 95.46957671957672. AUC-ROC: 0.9999. AUC-PR: 0.9999
Iteration: 15500. Loss: 0.4092557430267334. Accuracy: 65.26675485008818. AUC-ROC: 0.9999. AUC-PR: 0.9998
Iteration: 16000. Loss: 0.3577146530151367. Accuracy: 65.26675485008818. AUC-ROC: 0.9999. AUC-PR: 0.9998
Iteration: 16500. Loss: 0.3272917866706848. Accuracy: 65.26675485008818. AUC-ROC: 0.9998. AUC-PR: 0.9997
Iteration: 17000. Loss: 0.2777012586593628. Accuracy: 97.45370370370371. AUC-ROC: 0.9998. AUC-PR: 0.9997
Iteration: 17500. Loss: 0.28355640172958374. Accuracy: 96.35141093474427. AUC-ROC: 0.9998. AUC-PR: 0.9997
Iteration: 18000. Loss: 0.28248146176338196. Accuracy: 96.31834215167548. AUC-ROC: 0.9998. AUC-PR: 0.9997
Iteration: 18500. Loss: 0.2531028687953949. Accuracy: 96.35141093474427. AUC-ROC: 0.9998. AUC-PR: 0.9996
Iteration: 19000. Loss: 0.24428029358386993. Accuracy: 96.36243386243386. AUC-ROC: 0.9998. AUC-PR: 0.9996
Iteration: 19500. Loss: 0.2408047914505005. Accuracy: 96.34038800705467. AUC-ROC: 0.9998. AUC-PR: 0.9997
Iteration: 20000. Loss: 0.23982062935829163. Accuracy: 96.32936507936508. AUC-ROC: 0.9998. AUC-PR: 0.9996
Iteration: 20500. Loss: 0.23611462116241455. Accuracy: 96.35141093474427. AUC-ROC: 0.9999. AUC-PR: 0.9997
Iteration: 21000. Loss: 0.22532382607460022. Accuracy: 96.38447971781305. AUC-ROC: 0.9998. AUC-PR: 0.9997
Iteration: 21500. Loss: 0.23797018826007843. Accuracy: 96.51675485008818. AUC-ROC: 0.9999. AUC-PR: 0.9997
Iteration: 22000. Loss: 0.2154814600944519. Accuracy: 96.37345679012346. AUC-ROC: 0.9998. AUC-PR: 0.9997
Iteration: 22500. Loss: 0.21383516490459442. Accuracy: 96.38447971781305. AUC-ROC: 0.9999. AUC-PR: 0.9998
Iteration: 23000. Loss: 0.2012878656387329. Accuracy: 96.45061728395062. AUC-ROC: 0.9999. AUC-PR: 0.9998
Iteration: 23500. Loss: 0.21458156406879425. Accuracy: 96.42857142857143. AUC-ROC: 0.9999. AUC-PR: 0.9998
Iteration: 24000. Loss: 0.1867254078388214. Accuracy: 96.38447971781305. AUC-ROC: 0.9999. AUC-PR: 0.9998
Iteration: 24500. Loss: 0.1990642547607422. Accuracy: 96.31834215167548. AUC-ROC: 0.9999. AUC-PR: 0.9998
Iteration: 25000. Loss: 0.19813135266304016. Accuracy: 96.41754850088184. AUC-ROC: 0.9999. AUC-PR: 0.9999
Iteration: 25500. Loss: 0.18894483149051666. Accuracy: 96.46164021164022. AUC-ROC: 1.0000. AUC-PR: 0.9999
Iteration: 26000. Loss: 0.1761399805545807. Accuracy: 96.41754850088184. AUC-ROC: 0.9999. AUC-PR: 0.9999
Iteration: 26500. Loss: 0.1768510490655899. Accuracy: 96.47266313932981. AUC-ROC: 1.0000. AUC-PR: 0.9999
Iteration: 27000. Loss: 0.1750749796628952. Accuracy: 96.6710758377425. AUC-ROC: 1.0000. AUC-PR: 1.0000
Iteration: 27500. Loss: 0.16884344816207886. Accuracy: 96.54982363315696. AUC-ROC: 1.0000. AUC-PR: 1.0000
Iteration: 28000. Loss: 0.16589412093162537. Accuracy: 96.47266313932981. AUC-ROC: 1.0000. AUC-PR: 1.0000
Iteration: 28500. Loss: 0.17493125796318054. Accuracy: 96.62698412698413. AUC-ROC: 1.0000. AUC-PR: 1.0000
Iteration: 29000. Loss: 0.1625906229019165. Accuracy: 96.46164021164022. AUC-ROC: 1.0000. AUC-PR: 1.0000
Iteration: 29500. Loss: 0.18157640099525452. Accuracy: 96.4836860670194. AUC-ROC: 1.0000. AUC-PR: 1.0000
Iteration: 30000. Loss: 0.15530164539813995. Accuracy: 96.75925925925925. AUC-ROC: 1.0000. AUC-PR: 1.0000
Iteration: 30500. Loss: 0.144940584897995. Accuracy: 97.0568783068783. AUC-ROC: 1.0000. AUC-PR: 1.0000
Iteration: 31000. Loss: 0.1535545289516449. Accuracy: 96.77028218694885. AUC-ROC: 1.0000. AUC-PR: 1.0000
Iteration: 31500. Loss: 0.14843526482582092. Accuracy: 97.0679012345679. AUC-ROC: 1.0000. AUC-PR: 1.0000
Iteration: 32000. Loss: 0.13917787373065948. Accuracy: 97.11199294532628. AUC-ROC: 1.0000. AUC-PR: 1.0000
Iteration: 32500. Loss: 0.13385966420173645. Accuracy: 97.16710758377425. AUC-ROC: 1.0000. AUC-PR: 1.0000
Iteration: 33000. Loss: 0.14175906777381897. Accuracy: 97.08994708994709. AUC-ROC: 1.0000. AUC-PR: 1.0000
Iteration: 33500. Loss: 0.1299472153186798. Accuracy: 97.35449735449735. AUC-ROC: 1.0000. AUC-PR: 1.0000
Iteration: 34000. Loss: 0.1626841425895691. Accuracy: 96.94664902998237. AUC-ROC: 1.0000. AUC-PR: 1.0000
Iteration: 34500. Loss: 0.12979373335838318. Accuracy: 97.0568783068783. AUC-ROC: 1.0000. AUC-PR: 1.0000
Iteration: 35000. Loss: 0.11880207061767578. Accuracy: 97.2663139329806. AUC-ROC: 1.0000. AUC-PR: 1.0000
Iteration: 35500. Loss: 0.12867748737335205. Accuracy: 97.68518518518519. AUC-ROC: 1.0000. AUC-PR: 1.0000
Iteration: 36000. Loss: 0.11650773882865906. Accuracy: 97.32142857142857. AUC-ROC: 1.0000. AUC-PR: 1.0000
Iteration: 36500. Loss: 0.10973968356847763. Accuracy: 97.53086419753086. AUC-ROC: 1.0000. AUC-PR: 1.0000
Iteration: 37000. Loss: 0.10965488851070404. Accuracy: 97.6741622574956. AUC-ROC: 1.0000. AUC-PR: 1.0000
Iteration: 37500. Loss: 0.1069486141204834. Accuracy: 98.02689594356261. AUC-ROC: 1.0000. AUC-PR: 1.0000
Iteration: 38000. Loss: 0.10012461245059967. Accuracy: 97.89462081128748. AUC-ROC: 1.0000. AUC-PR: 1.0000
Iteration: 38500. Loss: 0.1276685744524002. Accuracy: 98.71031746031746. AUC-ROC: 1.0000. AUC-PR: 1.0000
Iteration: 39000. Loss: 0.10374812036752701. Accuracy: 97.79541446208113. AUC-ROC: 1.0000. AUC-PR: 1.0000
Iteration: 39500. Loss: 0.10758106410503387. Accuracy: 99.38271604938272. AUC-ROC: 1.0000. AUC-PR: 1.0000
Iteration: 40000. Loss: 0.09255069494247437. Accuracy: 99.22839506172839. AUC-ROC: 1.0000. AUC-PR: 1.0000
Iteration: 40500. Loss: 0.15870682895183563. Accuracy: 99.18430335097001. AUC-ROC: 1.0000. AUC-PR: 1.0000
Iteration: 41000. Loss: 0.09442196786403656. Accuracy: 98.74338624338624. AUC-ROC: 1.0000. AUC-PR: 1.0000
Iteration: 41500. Loss: 0.09196564555168152. Accuracy: 98.72134038800705. AUC-ROC: 1.0000. AUC-PR: 1.0000
Iteration: 42000. Loss: 0.08949590474367142. Accuracy: 98.75440917107584. AUC-ROC: 1.0000. AUC-PR: 1.0000
Iteration: 42500. Loss: 0.08635944873094559. Accuracy: 98.74338624338624. AUC-ROC: 1.0000. AUC-PR: 1.0000
Iteration: 43000. Loss: 0.0879569798707962. Accuracy: 98.8425925925926. AUC-ROC: 1.0000. AUC-PR: 1.0000
Iteration: 43500. Loss: 0.08616480231285095. Accuracy: 98.77645502645503. AUC-ROC: 1.0000. AUC-PR: 1.0000
Iteration: 44000. Loss: 0.08371484279632568. Accuracy: 98.94179894179894. AUC-ROC: 1.0000. AUC-PR: 1.0000
Iteration: 44500. Loss: 0.11468572914600372. Accuracy: 98.8205467372134. AUC-ROC: 1.0000. AUC-PR: 1.0000
Iteration: 45000. Loss: 0.09435698390007019. Accuracy: 98.79850088183422. AUC-ROC: 1.0000. AUC-PR: 1.0000
Iteration: 45500. Loss: 0.08257119357585907. Accuracy: 98.94179894179894. AUC-ROC: 1.0000. AUC-PR: 1.0000
Iteration: 46000. Loss: 0.08216193318367004. Accuracy: 99.0079365079365. AUC-ROC: 1.0000. AUC-PR: 1.0000
Iteration: 46500. Loss: 0.08171376585960388. Accuracy: 99.0079365079365. AUC-ROC: 1.0000. AUC-PR: 1.0000
Iteration: 47000. Loss: 0.07629691064357758. Accuracy: 98.831569664903. AUC-ROC: 1.0000. AUC-PR: 1.0000
Iteration: 47500. Loss: 0.0800480991601944. Accuracy: 98.96384479717813. AUC-ROC: 1.0000. AUC-PR: 1.0000
Iteration: 48000. Loss: 0.07813894003629684. Accuracy: 99.2063492063492. AUC-ROC: 1.0000. AUC-PR: 1.0000
Iteration: 48500. Loss: 0.07287280261516571. Accuracy: 99.06305114638448. AUC-ROC: 1.0000. AUC-PR: 1.0000
Iteration: 49000. Loss: 0.0697917640209198. Accuracy: 99.09611992945327. AUC-ROC: 1.0000. AUC-PR: 1.0000
Iteration: 49500. Loss: 0.07954846322536469. Accuracy: 99.4157848324515. AUC-ROC: 1.0000. AUC-PR: 1.0000
Iteration: 50000. Loss: 0.07052982598543167. Accuracy: 99.0079365079365. AUC-ROC: 1.0000. AUC-PR: 1.0000
Iteration: 50500. Loss: 0.07590174674987793. Accuracy: 99.4047619047619. AUC-ROC: 1.0000. AUC-PR: 1.0000
Iteration: 51000. Loss: 0.07199649512767792. Accuracy: 99.22839506172839. AUC-ROC: 1.0000. AUC-PR: 1.0000
Iteration: 51500. Loss: 0.06886948645114899. Accuracy: 98.87566137566138. AUC-ROC: 1.0000. AUC-PR: 1.0000
Iteration: 52000. Loss: 0.06592600047588348. Accuracy: 98.98589065255732. AUC-ROC: 1.0000. AUC-PR: 1.0000
Iteration: 52500. Loss: 0.06630554050207138. Accuracy: 98.97486772486772. AUC-ROC: 1.0000. AUC-PR: 1.0000
Iteration: 53000. Loss: 0.06871556490659714. Accuracy: 99.1953262786596. AUC-ROC: 1.0000. AUC-PR: 1.0000
Iteration: 53500. Loss: 0.05912379175424576. Accuracy: 98.85361552028219. AUC-ROC: 1.0000. AUC-PR: 1.0000
Iteration: 54000. Loss: 0.05919799953699112. Accuracy: 98.77645502645503. AUC-ROC: 1.0000. AUC-PR: 1.0000
Iteration: 54500. Loss: 0.05935080349445343. Accuracy: 99.28350970017637. AUC-ROC: 1.0000. AUC-PR: 1.0000
Iteration: 55000. Loss: 0.059067025780677795. Accuracy: 99.16225749559082. AUC-ROC: 1.0000. AUC-PR: 1.0000
Iteration: 55500. Loss: 0.05694965273141861. Accuracy: 98.78747795414462. AUC-ROC: 1.0000. AUC-PR: 1.0000
Iteration: 56000. Loss: 0.05772091820836067. Accuracy: 99.58112874779542. AUC-ROC: 1.0000. AUC-PR: 1.0000
Iteration: 56500. Loss: 0.06349311769008636. Accuracy: 99.17328042328042. AUC-ROC: 1.0000. AUC-PR: 1.0000
Iteration: 57000. Loss: 0.05503464117646217. Accuracy: 99.11816578483246. AUC-ROC: 1.0000. AUC-PR: 1.0000
Iteration: 57500. Loss: 0.05640186369419098. Accuracy: 98.76543209876543. AUC-ROC: 1.0000. AUC-PR: 1.0000
Iteration: 58000. Loss: 0.056214604526758194. Accuracy: 99.29453262786596. AUC-ROC: 1.0000. AUC-PR: 1.0000
Iteration: 58500. Loss: 0.06876513361930847. Accuracy: 99.2173721340388. AUC-ROC: 1.0000. AUC-PR: 1.0000
Iteration: 59000. Loss: 0.05548414587974548. Accuracy: 98.80952380952381. AUC-ROC: 1.0000. AUC-PR: 1.0000
Iteration: 59500. Loss: 0.054913558065891266. Accuracy: 98.8425925925926. AUC-ROC: 1.0000. AUC-PR: 1.0000
Iteration: 60000. Loss: 0.06568188220262527. Accuracy: 99.07407407407408. AUC-ROC: 1.0000. AUC-PR: 1.0000
Iteration: 60500. Loss: 0.055037736892700195. Accuracy: 98.76543209876543. AUC-ROC: 1.0000. AUC-PR: 1.0000
Iteration: 61000. Loss: 0.05204099416732788. Accuracy: 98.79850088183422. AUC-ROC: 1.0000. AUC-PR: 1.0000
Iteration: 61500. Loss: 0.06297706067562103. Accuracy: 98.78747795414462. AUC-ROC: 1.0000. AUC-PR: 1.0000
Iteration: 62000. Loss: 0.05642213672399521. Accuracy: 99.10714285714286. AUC-ROC: 1.0000. AUC-PR: 1.0000
Iteration: 62500. Loss: 0.04936157912015915. Accuracy: 98.78747795414462. AUC-ROC: 1.0000. AUC-PR: 1.0000
Iteration: 63000. Loss: 0.04952649027109146. Accuracy: 98.85361552028219. AUC-ROC: 1.0000. AUC-PR: 1.0000
Iteration: 63500. Loss: 0.0508909747004509. Accuracy: 98.77645502645503. AUC-ROC: 1.0000. AUC-PR: 1.0000
Iteration: 64000. Loss: 0.047540247440338135. Accuracy: 99.16225749559082. AUC-ROC: 1.0000. AUC-PR: 1.0000
Iteration: 64500. Loss: 0.046699266880750656. Accuracy: 98.99691358024691. AUC-ROC: 1.0000. AUC-PR: 1.0000
Iteration: 65000. Loss: 0.04413484409451485. Accuracy: 98.77645502645503. AUC-ROC: 1.0000. AUC-PR: 1.0000
Iteration: 65500. Loss: 0.05456132814288139. Accuracy: 99.12918871252205. AUC-ROC: 1.0000. AUC-PR: 1.0000
Iteration: 66000. Loss: 0.09009341150522232. Accuracy: 99.26146384479718. AUC-ROC: 1.0000. AUC-PR: 1.0000
Iteration: 66500. Loss: 0.08251336961984634. Accuracy: 99.12918871252205. AUC-ROC: 1.0000. AUC-PR: 1.0000
Iteration: 67000. Loss: 0.04240889474749565. Accuracy: 98.831569664903. AUC-ROC: 1.0000. AUC-PR: 1.0000
Iteration: 67500. Loss: 0.050481826066970825. Accuracy: 98.87566137566138. AUC-ROC: 1.0000. AUC-PR: 1.0000
Iteration: 68000. Loss: 0.06270541250705719. Accuracy: 98.831569664903. AUC-ROC: 1.0000. AUC-PR: 1.0000
Iteration: 68500. Loss: 0.05489024519920349. Accuracy: 98.97486772486772. AUC-ROC: 1.0000. AUC-PR: 1.0000
Iteration: 69000. Loss: 0.04225599393248558. Accuracy: 98.77645502645503. AUC-ROC: 1.0000. AUC-PR: 1.0000
Iteration: 69500. Loss: 0.042162299156188965. Accuracy: 98.79850088183422. AUC-ROC: 1.0000. AUC-PR: 1.0000
Iteration: 70000. Loss: 0.057256508618593216. Accuracy: 98.97486772486772. AUC-ROC: 1.0000. AUC-PR: 1.0000
Iteration: 70500. Loss: 0.039990395307540894. Accuracy: 99.31657848324515. AUC-ROC: 1.0000. AUC-PR: 1.0000
Iteration: 71000. Loss: 0.03905899450182915. Accuracy: 99.17328042328042. AUC-ROC: 1.0000. AUC-PR: 1.0000

--- Model Training Complete ---

Model weights saved to  trained_model/lstm_model_weights_hidden32_160l.json
