libs loaded
device: cuda
starting...
train path: train_data/train_sequences_0.pt
test path: test_data/test_sequences_0.pt
data found
features split
features split
data loaded
about to enter training loop
Iteration: 500. Loss: 0.6534213423728943. Accuracy: 64.20516157015831. AUC-ROC: 0.9999. AUC-PR: 0.9999
Iteration: 1000. Loss: 0.637554407119751. Accuracy: 64.20516157015831. AUC-ROC: 0.9999. AUC-PR: 0.9999
Iteration: 1500. Loss: 0.6129786968231201. Accuracy: 64.20516157015831. AUC-ROC: 1.0000. AUC-PR: 0.9999
Iteration: 2000. Loss: 0.5865720510482788. Accuracy: 64.20516157015831. AUC-ROC: 0.9939. AUC-PR: 0.9505
Iteration: 2500. Loss: 0.5532999634742737. Accuracy: 64.20516157015831. AUC-ROC: 0.9934. AUC-PR: 0.9481
Iteration: 3000. Loss: 0.53799968957901. Accuracy: 64.20516157015831. AUC-ROC: 0.9980. AUC-PR: 0.9806
Iteration: 3500. Loss: 0.5067828893661499. Accuracy: 64.20516157015831. AUC-ROC: 0.9980. AUC-PR: 0.9854
Iteration: 4000. Loss: 0.4786038398742676. Accuracy: 64.20516157015831. AUC-ROC: 0.9995. AUC-PR: 0.9991
Iteration: 4500. Loss: 0.45813941955566406. Accuracy: 64.20516157015831. AUC-ROC: 0.9997. AUC-PR: 0.9994
Iteration: 5000. Loss: 0.4438273310661316. Accuracy: 64.20516157015831. AUC-ROC: 0.9999. AUC-PR: 0.9997
Iteration: 5500. Loss: 0.4163305163383484. Accuracy: 97.03968770331815. AUC-ROC: 0.9999. AUC-PR: 0.9998
Iteration: 6000. Loss: 0.3969155251979828. Accuracy: 99.29516373888528. AUC-ROC: 0.9999. AUC-PR: 0.9999
Iteration: 6500. Loss: 0.3481839597225189. Accuracy: 99.41444372153546. AUC-ROC: 0.9999. AUC-PR: 0.9999
Iteration: 7000. Loss: 0.33740881085395813. Accuracy: 99.68553459119497. AUC-ROC: 1.0000. AUC-PR: 1.0000
Iteration: 7500. Loss: 0.31667569279670715. Accuracy: 99.68553459119497. AUC-ROC: 1.0000. AUC-PR: 1.0000
Iteration: 8000. Loss: 0.31112736463546753. Accuracy: 99.70722186076773. AUC-ROC: 1.0000. AUC-PR: 1.0000
Iteration: 8500. Loss: 0.29664182662963867. Accuracy: 99.56625460854478. AUC-ROC: 1.0000. AUC-PR: 0.9999
Iteration: 9000. Loss: 0.26867207884788513. Accuracy: 99.75059639991325. AUC-ROC: 1.0000. AUC-PR: 1.0000
Iteration: 9500. Loss: 0.2675626277923584. Accuracy: 99.69637822598135. AUC-ROC: 1.0000. AUC-PR: 1.0000
Iteration: 10000. Loss: 0.26494717597961426. Accuracy: 99.8373454782043. AUC-ROC: 1.0000. AUC-PR: 1.0000
Iteration: 10500. Loss: 0.24373355507850647. Accuracy: 99.56625460854478. AUC-ROC: 1.0000. AUC-PR: 1.0000
Iteration: 11000. Loss: 0.22221827507019043. Accuracy: 99.84818911299068. AUC-ROC: 1.0000. AUC-PR: 1.0000
Iteration: 11500. Loss: 0.24327650666236877. Accuracy: 99.84818911299068. AUC-ROC: 1.0000. AUC-PR: 1.0000
Iteration: 12000. Loss: 0.2134132981300354. Accuracy: 99.82650184341792. AUC-ROC: 1.0000. AUC-PR: 1.0000
Iteration: 12500. Loss: 0.2105729728937149. Accuracy: 99.82650184341792. AUC-ROC: 1.0000. AUC-PR: 1.0000
Iteration: 13000. Loss: 0.24621960520744324. Accuracy: 99.51203643461288. AUC-ROC: 1.0000. AUC-PR: 1.0000
Iteration: 13500. Loss: 0.17902743816375732. Accuracy: 97.3975276512687. AUC-ROC: 1.0000. AUC-PR: 1.0000
Iteration: 14000. Loss: 0.2130134403705597. Accuracy: 98.13489481674257. AUC-ROC: 1.0000. AUC-PR: 1.0000
Iteration: 14500. Loss: 0.18199123442173004. Accuracy: 96.99631316417263. AUC-ROC: 1.0000. AUC-PR: 1.0000
Iteration: 15000. Loss: 0.16558513045310974. Accuracy: 96.69269139015398. AUC-ROC: 1.0000. AUC-PR: 1.0000
Iteration: 15500. Loss: 0.15042269229888916. Accuracy: 97.51680763391889. AUC-ROC: 1.0000. AUC-PR: 1.0000
Iteration: 16000. Loss: 0.14455868303775787. Accuracy: 96.36738234656256. AUC-ROC: 1.0000. AUC-PR: 1.0000
Iteration: 16500. Loss: 0.13507461547851562. Accuracy: 96.1830405551941. AUC-ROC: 1.0000. AUC-PR: 1.0000
Iteration: 17000. Loss: 0.1319214254617691. Accuracy: 96.26978963348515. AUC-ROC: 1.0000. AUC-PR: 1.0000
Iteration: 17500. Loss: 0.13044734299182892. Accuracy: 96.26978963348515. AUC-ROC: 1.0000. AUC-PR: 1.0000
Iteration: 18000. Loss: 0.11908446997404099. Accuracy: 95.68423335502061. AUC-ROC: 1.0000. AUC-PR: 1.0000
Iteration: 18500. Loss: 0.12873561680316925. Accuracy: 95.92279332032098. AUC-ROC: 1.0000. AUC-PR: 1.0000
Iteration: 19000. Loss: 0.12607896327972412. Accuracy: 95.9661678594665. AUC-ROC: 1.0000. AUC-PR: 1.0000
Iteration: 19500. Loss: 0.1684657335281372. Accuracy: 96.26978963348515. AUC-ROC: 1.0000. AUC-PR: 1.0000
Iteration: 20000. Loss: 0.15714311599731445. Accuracy: 96.46497505964. AUC-ROC: 1.0000. AUC-PR: 1.0000
Iteration: 20500. Loss: 0.144130676984787. Accuracy: 95.77098243331164. AUC-ROC: 1.0000. AUC-PR: 1.0000
Iteration: 21000. Loss: 0.15628516674041748. Accuracy: 95.38061158100196. AUC-ROC: 1.0000. AUC-PR: 1.0000
Iteration: 21500. Loss: 0.1325930953025818. Accuracy: 95.59748427672956. AUC-ROC: 1.0000. AUC-PR: 1.0000
Iteration: 22000. Loss: 0.13584020733833313. Accuracy: 94.7408371286055. AUC-ROC: 1.0000. AUC-PR: 1.0000
Iteration: 22500. Loss: 0.13463661074638367. Accuracy: 95.41314248536109. AUC-ROC: 1.0000. AUC-PR: 1.0000
Iteration: 23000. Loss: 0.14498788118362427. Accuracy: 95.35892431142919. AUC-ROC: 1.0000. AUC-PR: 1.0000
Iteration: 23500. Loss: 0.12377923727035522. Accuracy: 95.5757970071568. AUC-ROC: 1.0000. AUC-PR: 1.0000
Iteration: 24000. Loss: 0.12680378556251526. Accuracy: 95.58664064194318. AUC-ROC: 1.0000. AUC-PR: 1.0000
Iteration: 24500. Loss: 0.13865622878074646. Accuracy: 95.46736065929299. AUC-ROC: 1.0000. AUC-PR: 1.0000
Iteration: 25000. Loss: 0.2680511474609375. Accuracy: 97.79874213836477. AUC-ROC: 1.0000. AUC-PR: 0.9999
Iteration: 25500. Loss: 0.179702490568161. Accuracy: 96.83365864237692. AUC-ROC: 1.0000. AUC-PR: 1.0000
Iteration: 26000. Loss: 0.17305052280426025. Accuracy: 96.24810236391238. AUC-ROC: 1.0000. AUC-PR: 1.0000
Iteration: 26500. Loss: 0.10663851350545883. Accuracy: 94.55649533723704. AUC-ROC: 1.0000. AUC-PR: 1.0000
Iteration: 27000. Loss: 0.08404842764139175. Accuracy: 94.36130991108219. AUC-ROC: 1.0000. AUC-PR: 1.0000
Iteration: 27500. Loss: 0.09818747639656067. Accuracy: 93.12513554543483. AUC-ROC: 1.0000. AUC-PR: 1.0000
Iteration: 28000. Loss: 0.09724120795726776. Accuracy: 93.16851008458035. AUC-ROC: 1.0000. AUC-PR: 1.0000
Iteration: 28500. Loss: 0.09981976449489594. Accuracy: 93.96009542398612. AUC-ROC: 1.0000. AUC-PR: 1.0000
Iteration: 29000. Loss: 0.08728405833244324. Accuracy: 93.79744090219042. AUC-ROC: 1.0000. AUC-PR: 1.0000
Iteration: 29500. Loss: 0.16552937030792236. Accuracy: 93.7540663630449. AUC-ROC: 1.0000. AUC-PR: 1.0000
Iteration: 30000. Loss: 0.11931860446929932. Accuracy: 93.06007373671655. AUC-ROC: 1.0000. AUC-PR: 1.0000
Iteration: 30500. Loss: 0.09371893107891083. Accuracy: 94.56733897202342. AUC-ROC: 1.0000. AUC-PR: 1.0000
Iteration: 31000. Loss: 0.09476430714130402. Accuracy: 93.10344827586206. AUC-ROC: 1.0000. AUC-PR: 1.0000
Iteration: 31500. Loss: 0.07875530421733856. Accuracy: 93.54803730210367. AUC-ROC: 1.0000. AUC-PR: 1.0000
Iteration: 32000. Loss: 0.09241954982280731. Accuracy: 93.27694643244415. AUC-ROC: 1.0000. AUC-PR: 1.0000
Iteration: 32500. Loss: 0.11432357132434845. Accuracy: 93.06007373671655. AUC-ROC: 1.0000. AUC-PR: 1.0000
Iteration: 33000. Loss: 0.11689992994070053. Accuracy: 93.67816091954023. AUC-ROC: 1.0000. AUC-PR: 1.0000
Iteration: 33500. Loss: 0.08285887539386749. Accuracy: 94.06853177184992. AUC-ROC: 1.0000. AUC-PR: 1.0000
Iteration: 34000. Loss: 0.07364867627620697. Accuracy: 92.9191064844936. AUC-ROC: 1.0000. AUC-PR: 1.0000
Iteration: 34500. Loss: 0.11297158151865005. Accuracy: 95.67338972023423. AUC-ROC: 1.0000. AUC-PR: 0.9999
Iteration: 35000. Loss: 0.13736236095428467. Accuracy: 93.9167208848406. AUC-ROC: 1.0000. AUC-PR: 1.0000
Iteration: 35500. Loss: 0.09585772454738617. Accuracy: 93.28779006723053. AUC-ROC: 1.0000. AUC-PR: 1.0000
Iteration: 36000. Loss: 0.06956984102725983. Accuracy: 94.27456083279115. AUC-ROC: 1.0000. AUC-PR: 1.0000
Iteration: 36500. Loss: 0.06963520497083664. Accuracy: 94.53480806766429. AUC-ROC: 1.0000. AUC-PR: 1.0000
Iteration: 37000. Loss: 0.09373746067285538. Accuracy: 94.05768813706355. AUC-ROC: 1.0000. AUC-PR: 1.0000
Iteration: 37500. Loss: 0.12464209645986557. Accuracy: 93.38538278030796. AUC-ROC: 1.0000. AUC-PR: 1.0000
Iteration: 38000. Loss: 0.11686473339796066. Accuracy: 93.11429191064845. AUC-ROC: 1.0000. AUC-PR: 1.0000
Iteration: 38500. Loss: 0.12997758388519287. Accuracy: 94.65408805031447. AUC-ROC: 1.0000. AUC-PR: 1.0000
Iteration: 39000. Loss: 0.1277850866317749. Accuracy: 93.68900455432662. AUC-ROC: 1.0000. AUC-PR: 1.0000
Iteration: 39500. Loss: 0.09538273513317108. Accuracy: 95.19626978963349. AUC-ROC: 1.0000. AUC-PR: 0.9999
Iteration: 40000. Loss: 0.06780293583869934. Accuracy: 93.7540663630449. AUC-ROC: 1.0000. AUC-PR: 1.0000
Iteration: 40500. Loss: 0.050163984298706055. Accuracy: 95.20711342441986. AUC-ROC: 1.0000. AUC-PR: 0.9999
Iteration: 41000. Loss: 0.0713779479265213. Accuracy: 93.78659726740403. AUC-ROC: 1.0000. AUC-PR: 1.0000
Iteration: 41500. Loss: 0.07336919754743576. Accuracy: 94.53480806766429. AUC-ROC: 1.0000. AUC-PR: 0.9999
Iteration: 42000. Loss: 0.09574446082115173. Accuracy: 95.61917154630233. AUC-ROC: 1.0000. AUC-PR: 0.9999
Iteration: 42500. Loss: 0.05947236716747284. Accuracy: 93.28779006723053. AUC-ROC: 1.0000. AUC-PR: 1.0000
Iteration: 43000. Loss: 0.07566800713539124. Accuracy: 94.83842984168294. AUC-ROC: 1.0000. AUC-PR: 0.9999
Iteration: 43500. Loss: 0.14849698543548584. Accuracy: 94.69746258945999. AUC-ROC: 1.0000. AUC-PR: 1.0000
Iteration: 44000. Loss: 0.11139418184757233. Accuracy: 93.67816091954023. AUC-ROC: 1.0000. AUC-PR: 1.0000
Iteration: 44500. Loss: 0.08102478086948395. Accuracy: 92.88657558013446. AUC-ROC: 1.0000. AUC-PR: 1.0000
Iteration: 45000. Loss: 0.04347586631774902. Accuracy: 93.07091737150293. AUC-ROC: 1.0000. AUC-PR: 1.0000
Iteration: 45500. Loss: 0.06127975136041641. Accuracy: 95.66254608544784. AUC-ROC: 1.0000. AUC-PR: 0.9999
Iteration: 46000. Loss: 0.08148723840713501. Accuracy: 93.02754283235741. AUC-ROC: 1.0000. AUC-PR: 1.0000
Iteration: 46500. Loss: 0.0717768669128418. Accuracy: 93.5263500325309. AUC-ROC: 1.0000. AUC-PR: 1.0000
Iteration: 47000. Loss: 0.051353394985198975. Accuracy: 94.11190631099545. AUC-ROC: 1.0000. AUC-PR: 0.9999
Iteration: 47500. Loss: 0.05542650818824768. Accuracy: 93.71069182389937. AUC-ROC: 1.0000. AUC-PR: 1.0000
Iteration: 48000. Loss: 0.04866437613964081. Accuracy: 93.77575363261765. AUC-ROC: 1.0000. AUC-PR: 1.0000
Iteration: 48500. Loss: 0.056521885097026825. Accuracy: 93.40707004988072. AUC-ROC: 1.0000. AUC-PR: 1.0000
Iteration: 49000. Loss: 0.10803177207708359. Accuracy: 94.09021904142269. AUC-ROC: 1.0000. AUC-PR: 0.9999
Iteration: 49500. Loss: 0.03805685043334961. Accuracy: 93.15766644979396. AUC-ROC: 1.0000. AUC-PR: 1.0000
Iteration: 50000. Loss: 0.06583397090435028. Accuracy: 96.26978963348515. AUC-ROC: 0.9999. AUC-PR: 0.9999
Iteration: 50500. Loss: 0.07876236736774445. Accuracy: 93.21188462372588. AUC-ROC: 1.0000. AUC-PR: 1.0000
Iteration: 51000. Loss: 0.05346670746803284. Accuracy: 94.59986987638257. AUC-ROC: 1.0000. AUC-PR: 0.9999
Iteration: 51500. Loss: 0.06488573551177979. Accuracy: 95.27217523313814. AUC-ROC: 1.0000. AUC-PR: 0.9999
Iteration: 52000. Loss: 0.052118055522441864. Accuracy: 93.72153545868575. AUC-ROC: 1.0000. AUC-PR: 1.0000
Iteration: 52500. Loss: 0.055879753082990646. Accuracy: 93.472131858599. AUC-ROC: 1.0000. AUC-PR: 1.0000
Iteration: 53000. Loss: 0.08644384145736694. Accuracy: 95.14205161570159. AUC-ROC: 1.0000. AUC-PR: 0.9999
Iteration: 53500. Loss: 0.05766402557492256. Accuracy: 93.3094773368033. AUC-ROC: 1.0000. AUC-PR: 1.0000
Iteration: 54000. Loss: 0.0429883636534214. Accuracy: 94.00346996313164. AUC-ROC: 1.0000. AUC-PR: 0.9999
Iteration: 54500. Loss: 0.04720210283994675. Accuracy: 93.5263500325309. AUC-ROC: 1.0000. AUC-PR: 1.0000
Iteration: 55000. Loss: 0.0457683727145195. Accuracy: 93.11429191064845. AUC-ROC: 1.0000. AUC-PR: 1.0000
Iteration: 55500. Loss: 0.043139226734638214. Accuracy: 95.98785512903926. AUC-ROC: 0.9999. AUC-PR: 0.9999
Iteration: 56000. Loss: 0.10409778356552124. Accuracy: 95.04445890262416. AUC-ROC: 1.0000. AUC-PR: 0.9999
Iteration: 56500. Loss: 0.052377715706825256. Accuracy: 95.29386250271091. AUC-ROC: 1.0000. AUC-PR: 0.9999
Iteration: 57000. Loss: 0.10350160300731659. Accuracy: 94.20949902407287. AUC-ROC: 1.0000. AUC-PR: 0.9999
Iteration: 57500. Loss: 0.12102881073951721. Accuracy: 95.67338972023423. AUC-ROC: 0.9999. AUC-PR: 0.9999
Iteration: 58000. Loss: 0.08032363653182983. Accuracy: 92.95163738885275. AUC-ROC: 1.0000. AUC-PR: 1.0000
Iteration: 58500. Loss: 0.03935457020998001. Accuracy: 93.76490999783127. AUC-ROC: 1.0000. AUC-PR: 1.0000
Iteration: 59000. Loss: 0.04268929362297058. Accuracy: 93.77575363261765. AUC-ROC: 1.0000. AUC-PR: 1.0000
Iteration: 59500. Loss: 0.03999843820929527. Accuracy: 93.10344827586206. AUC-ROC: 1.0000. AUC-PR: 1.0000
Iteration: 60000. Loss: 0.04690767079591751. Accuracy: 96.8445022771633. AUC-ROC: 0.9999. AUC-PR: 0.9998
Iteration: 60500. Loss: 0.09755435585975647. Accuracy: 93.33116460637606. AUC-ROC: 1.0000. AUC-PR: 1.0000
Iteration: 61000. Loss: 0.047002315521240234. Accuracy: 95.00108436347864. AUC-ROC: 1.0000. AUC-PR: 0.9999
Iteration: 61500. Loss: 0.04882708564400673. Accuracy: 93.08176100628931. AUC-ROC: 1.0000. AUC-PR: 1.0000
Iteration: 62000. Loss: 0.04892857000231743. Accuracy: 94.7950553025374. AUC-ROC: 1.0000. AUC-PR: 1.0000
Iteration: 62500. Loss: 0.035591185092926025. Accuracy: 94.96855345911949. AUC-ROC: 1.0000. AUC-PR: 0.9999
Iteration: 63000. Loss: 0.03650376573204994. Accuracy: 94.31793537193667. AUC-ROC: 1.0000. AUC-PR: 0.9999
Iteration: 63500. Loss: 0.047110751271247864. Accuracy: 95.38061158100196. AUC-ROC: 0.9999. AUC-PR: 0.9999
Iteration: 64000. Loss: 0.037836141884326935. Accuracy: 94.7950553025374. AUC-ROC: 1.0000. AUC-PR: 0.9999
Iteration: 64500. Loss: 0.038970910012722015. Accuracy: 93.17935371936673. AUC-ROC: 1.0000. AUC-PR: 1.0000
Iteration: 65000. Loss: 0.06625443696975708. Accuracy: 93.68900455432662. AUC-ROC: 1.0000. AUC-PR: 1.0000
Iteration: 65500. Loss: 0.03938658535480499. Accuracy: 94.69746258945999. AUC-ROC: 1.0000. AUC-PR: 0.9999
Iteration: 66000. Loss: 0.08204907178878784. Accuracy: 96.81197137280417. AUC-ROC: 1.0000. AUC-PR: 0.9999
Iteration: 66500. Loss: 0.1250687688589096. Accuracy: 97.35415311212319. AUC-ROC: 1.0000. AUC-PR: 0.9999
Iteration: 67000. Loss: 0.05150728300213814. Accuracy: 96.16135328562135. AUC-ROC: 1.0000. AUC-PR: 1.0000
Iteration: 67500. Loss: 0.04057717323303223. Accuracy: 95.08783344176967. AUC-ROC: 1.0000. AUC-PR: 1.0000
Iteration: 68000. Loss: 0.06973960250616074. Accuracy: 95.36976794621557. AUC-ROC: 1.0000. AUC-PR: 1.0000
Iteration: 68500. Loss: 0.11259676516056061. Accuracy: 95.9119496855346. AUC-ROC: 1.0000. AUC-PR: 1.0000
Iteration: 69000. Loss: 0.04683401435613632. Accuracy: 93.77575363261765. AUC-ROC: 1.0000. AUC-PR: 1.0000
Iteration: 69500. Loss: 0.04748712480068207. Accuracy: 95.33723704185643. AUC-ROC: 1.0000. AUC-PR: 1.0000
Iteration: 70000. Loss: 0.0755603015422821. Accuracy: 96.06376057254391. AUC-ROC: 1.0000. AUC-PR: 0.9999
Iteration: 70500. Loss: 0.06432358175516129. Accuracy: 97.88549121665582. AUC-ROC: 0.9999. AUC-PR: 0.9999
Iteration: 71000. Loss: 0.04368323087692261. Accuracy: 93.9709390587725. AUC-ROC: 1.0000. AUC-PR: 1.0000
Iteration: 71500. Loss: 0.08955599367618561. Accuracy: 95.25048796356539. AUC-ROC: 1.0000. AUC-PR: 1.0000
Iteration: 72000. Loss: 0.049801263958215714. Accuracy: 95.53242246801128. AUC-ROC: 1.0000. AUC-PR: 1.0000

--- Model Training Complete ---

Model weights saved to  trained_model/lstm_model_weights.json
